Pretraining stage..........
=============================================
[Epoch : 1/100]
Src_cls_loss	: 1.2084
-------------------------------------
[Epoch : 2/100]
Src_cls_loss	: 1.0118
-------------------------------------
[Epoch : 3/100]
Src_cls_loss	: 0.8913
-------------------------------------
[Epoch : 4/100]
Src_cls_loss	: 0.8150
-------------------------------------
[Epoch : 5/100]
Src_cls_loss	: 0.7623
-------------------------------------
[Epoch : 6/100]
Src_cls_loss	: 0.7159
-------------------------------------
[Epoch : 7/100]
Src_cls_loss	: 0.6814
-------------------------------------
[Epoch : 8/100]
Src_cls_loss	: 0.6582
-------------------------------------
[Epoch : 9/100]
Src_cls_loss	: 0.6362
-------------------------------------
[Epoch : 10/100]
Src_cls_loss	: 0.6185
-------------------------------------
[Epoch : 11/100]
Src_cls_loss	: 0.6030
-------------------------------------
[Epoch : 12/100]
Src_cls_loss	: 0.5908
-------------------------------------
[Epoch : 13/100]
Src_cls_loss	: 0.5806
-------------------------------------
[Epoch : 14/100]
Src_cls_loss	: 0.5715
-------------------------------------
[Epoch : 15/100]
Src_cls_loss	: 0.5639
-------------------------------------
[Epoch : 16/100]
Src_cls_loss	: 0.5566
-------------------------------------
[Epoch : 17/100]
Src_cls_loss	: 0.5498
-------------------------------------
[Epoch : 18/100]
Src_cls_loss	: 0.5437
-------------------------------------
[Epoch : 19/100]
Src_cls_loss	: 0.5388
-------------------------------------
[Epoch : 20/100]
Src_cls_loss	: 0.5340
-------------------------------------
[Epoch : 21/100]
Src_cls_loss	: 0.5297
-------------------------------------
[Epoch : 22/100]
Src_cls_loss	: 0.5257
-------------------------------------
[Epoch : 23/100]
Src_cls_loss	: 0.5220
-------------------------------------
[Epoch : 24/100]
Src_cls_loss	: 0.5188
-------------------------------------
[Epoch : 25/100]
Src_cls_loss	: 0.5158
-------------------------------------
[Epoch : 26/100]
Src_cls_loss	: 0.5128
-------------------------------------
[Epoch : 27/100]
Src_cls_loss	: 0.5100
-------------------------------------
[Epoch : 28/100]
Src_cls_loss	: 0.5077
-------------------------------------
[Epoch : 29/100]
Src_cls_loss	: 0.5058
-------------------------------------
[Epoch : 30/100]
Src_cls_loss	: 0.5035
-------------------------------------
[Epoch : 31/100]
Src_cls_loss	: 0.5020
-------------------------------------
[Epoch : 32/100]
Src_cls_loss	: 0.5007
-------------------------------------
[Epoch : 33/100]
Src_cls_loss	: 0.4991
-------------------------------------
[Epoch : 34/100]
Src_cls_loss	: 0.4972
-------------------------------------
[Epoch : 35/100]
Src_cls_loss	: 0.4956
-------------------------------------
[Epoch : 36/100]
Src_cls_loss	: 0.4940
-------------------------------------
[Epoch : 37/100]
Src_cls_loss	: 0.4924
-------------------------------------
[Epoch : 38/100]
Src_cls_loss	: 0.4912
-------------------------------------
[Epoch : 39/100]
Src_cls_loss	: 0.4897
-------------------------------------
[Epoch : 40/100]
Src_cls_loss	: 0.4883
-------------------------------------
[Epoch : 41/100]
Src_cls_loss	: 0.4871
-------------------------------------
[Epoch : 42/100]
Src_cls_loss	: 0.4858
-------------------------------------
[Epoch : 43/100]
Src_cls_loss	: 0.4849
-------------------------------------
[Epoch : 44/100]
Src_cls_loss	: 0.4838
-------------------------------------
[Epoch : 45/100]
Src_cls_loss	: 0.4829
-------------------------------------
[Epoch : 46/100]
Src_cls_loss	: 0.4817
-------------------------------------
[Epoch : 47/100]
Src_cls_loss	: 0.4809
-------------------------------------
[Epoch : 48/100]
Src_cls_loss	: 0.4799
-------------------------------------
[Epoch : 49/100]
Src_cls_loss	: 0.4791
-------------------------------------
[Epoch : 50/100]
Src_cls_loss	: 0.4781
-------------------------------------
[Epoch : 51/100]
Src_cls_loss	: 0.4773
-------------------------------------
[Epoch : 52/100]
Src_cls_loss	: 0.4764
-------------------------------------
[Epoch : 53/100]
Src_cls_loss	: 0.4756
-------------------------------------
[Epoch : 54/100]
Src_cls_loss	: 0.4747
-------------------------------------
[Epoch : 55/100]
Src_cls_loss	: 0.4739
-------------------------------------
[Epoch : 56/100]
Src_cls_loss	: 0.4731
-------------------------------------
[Epoch : 57/100]
Src_cls_loss	: 0.4726
-------------------------------------
[Epoch : 58/100]
Src_cls_loss	: 0.4718
-------------------------------------
[Epoch : 59/100]
Src_cls_loss	: 0.4712
-------------------------------------
[Epoch : 60/100]
Src_cls_loss	: 0.4705
-------------------------------------
[Epoch : 61/100]
Src_cls_loss	: 0.4700
-------------------------------------
[Epoch : 62/100]
Src_cls_loss	: 0.4694
-------------------------------------
[Epoch : 63/100]
Src_cls_loss	: 0.4688
-------------------------------------
[Epoch : 64/100]
Src_cls_loss	: 0.4682
-------------------------------------
[Epoch : 65/100]
Src_cls_loss	: 0.4677
-------------------------------------
[Epoch : 66/100]
Src_cls_loss	: 0.4671
-------------------------------------
[Epoch : 67/100]
Src_cls_loss	: 0.4667
-------------------------------------
[Epoch : 68/100]
Src_cls_loss	: 0.4662
-------------------------------------
[Epoch : 69/100]
Src_cls_loss	: 0.4657
-------------------------------------
[Epoch : 70/100]
Src_cls_loss	: 0.4652
-------------------------------------
[Epoch : 71/100]
Src_cls_loss	: 0.4647
-------------------------------------
[Epoch : 72/100]
Src_cls_loss	: 0.4642
-------------------------------------
[Epoch : 73/100]
Src_cls_loss	: 0.4639
-------------------------------------
[Epoch : 74/100]
Src_cls_loss	: 0.4635
-------------------------------------
[Epoch : 75/100]
Src_cls_loss	: 0.4631
-------------------------------------
[Epoch : 76/100]
Src_cls_loss	: 0.4626
-------------------------------------
[Epoch : 77/100]
Src_cls_loss	: 0.4623
-------------------------------------
[Epoch : 78/100]
Src_cls_loss	: 0.4618
-------------------------------------
[Epoch : 79/100]
Src_cls_loss	: 0.4614
-------------------------------------
[Epoch : 80/100]
Src_cls_loss	: 0.4611
-------------------------------------
[Epoch : 81/100]
Src_cls_loss	: 0.4608
-------------------------------------
[Epoch : 82/100]
Src_cls_loss	: 0.4605
-------------------------------------
[Epoch : 83/100]
Src_cls_loss	: 0.4601
-------------------------------------
[Epoch : 84/100]
Src_cls_loss	: 0.4597
-------------------------------------
[Epoch : 85/100]
Src_cls_loss	: 0.4594
-------------------------------------
[Epoch : 86/100]
Src_cls_loss	: 0.4590
-------------------------------------
[Epoch : 87/100]
Src_cls_loss	: 0.4587
-------------------------------------
[Epoch : 88/100]
Src_cls_loss	: 0.4584
-------------------------------------
[Epoch : 89/100]
Src_cls_loss	: 0.4581
-------------------------------------
[Epoch : 90/100]
Src_cls_loss	: 0.4578
-------------------------------------
[Epoch : 91/100]
Src_cls_loss	: 0.4575
-------------------------------------
[Epoch : 92/100]
Src_cls_loss	: 0.4572
-------------------------------------
[Epoch : 93/100]
Src_cls_loss	: 0.4569
-------------------------------------
[Epoch : 94/100]
Src_cls_loss	: 0.4566
-------------------------------------
[Epoch : 95/100]
Src_cls_loss	: 0.4563
-------------------------------------
[Epoch : 96/100]
Src_cls_loss	: 0.4560
-------------------------------------
[Epoch : 97/100]
Src_cls_loss	: 0.4557
-------------------------------------
[Epoch : 98/100]
Src_cls_loss	: 0.4555
-------------------------------------
[Epoch : 99/100]
Src_cls_loss	: 0.4552
-------------------------------------
[Epoch : 100/100]
Src_cls_loss	: 0.4549
-------------------------------------
