Pretraining stage..........
=============================================
[Epoch : 1/40]
Src_cls_loss	: 1.2869
-------------------------------------
[Epoch : 2/40]
Src_cls_loss	: 1.1330
-------------------------------------
[Epoch : 3/40]
Src_cls_loss	: 1.0283
-------------------------------------
[Epoch : 4/40]
Src_cls_loss	: 0.9670
-------------------------------------
[Epoch : 5/40]
Src_cls_loss	: 0.9278
-------------------------------------
[Epoch : 6/40]
Src_cls_loss	: 0.8970
-------------------------------------
[Epoch : 7/40]
Src_cls_loss	: 0.8733
-------------------------------------
[Epoch : 8/40]
Src_cls_loss	: 0.8531
-------------------------------------
[Epoch : 9/40]
Src_cls_loss	: 0.8365
-------------------------------------
[Epoch : 10/40]
Src_cls_loss	: 0.8219
-------------------------------------
[Epoch : 11/40]
Src_cls_loss	: 0.8080
-------------------------------------
[Epoch : 12/40]
Src_cls_loss	: 0.7970
-------------------------------------
[Epoch : 13/40]
Src_cls_loss	: 0.7866
-------------------------------------
[Epoch : 14/40]
Src_cls_loss	: 0.7759
-------------------------------------
[Epoch : 15/40]
Src_cls_loss	: 0.7678
-------------------------------------
[Epoch : 16/40]
Src_cls_loss	: 0.7591
-------------------------------------
[Epoch : 17/40]
Src_cls_loss	: 0.7506
-------------------------------------
[Epoch : 18/40]
Src_cls_loss	: 0.7430
-------------------------------------
[Epoch : 19/40]
Src_cls_loss	: 0.7356
-------------------------------------
[Epoch : 20/40]
Src_cls_loss	: 0.7293
-------------------------------------
[Epoch : 21/40]
Src_cls_loss	: 0.7230
-------------------------------------
[Epoch : 22/40]
Src_cls_loss	: 0.7164
-------------------------------------
[Epoch : 23/40]
Src_cls_loss	: 0.7096
-------------------------------------
[Epoch : 24/40]
Src_cls_loss	: 0.7033
-------------------------------------
[Epoch : 25/40]
Src_cls_loss	: 0.6974
-------------------------------------
[Epoch : 26/40]
Src_cls_loss	: 0.6920
-------------------------------------
[Epoch : 27/40]
Src_cls_loss	: 0.6867
-------------------------------------
[Epoch : 28/40]
Src_cls_loss	: 0.6817
-------------------------------------
[Epoch : 29/40]
Src_cls_loss	: 0.6766
-------------------------------------
[Epoch : 30/40]
Src_cls_loss	: 0.6720
-------------------------------------
[Epoch : 31/40]
Src_cls_loss	: 0.6674
-------------------------------------
[Epoch : 32/40]
Src_cls_loss	: 0.6632
-------------------------------------
[Epoch : 33/40]
Src_cls_loss	: 0.6593
-------------------------------------
[Epoch : 34/40]
Src_cls_loss	: 0.6554
-------------------------------------
[Epoch : 35/40]
Src_cls_loss	: 0.6515
-------------------------------------
[Epoch : 36/40]
Src_cls_loss	: 0.6479
-------------------------------------
[Epoch : 37/40]
Src_cls_loss	: 0.6446
-------------------------------------
[Epoch : 38/40]
Src_cls_loss	: 0.6413
-------------------------------------
[Epoch : 39/40]
Src_cls_loss	: 0.6379
-------------------------------------
[Epoch : 40/40]
Src_cls_loss	: 0.6349
-------------------------------------
