Pretraining stage..........
=============================================
[Epoch : 1/40]
Src_cls_loss	: 1.4337
-------------------------------------
[Epoch : 2/40]
Src_cls_loss	: 1.2790
-------------------------------------
[Epoch : 3/40]
Src_cls_loss	: 1.1677
-------------------------------------
[Epoch : 4/40]
Src_cls_loss	: 1.0901
-------------------------------------
[Epoch : 5/40]
Src_cls_loss	: 1.0410
-------------------------------------
[Epoch : 6/40]
Src_cls_loss	: 0.9997
-------------------------------------
[Epoch : 7/40]
Src_cls_loss	: 0.9680
-------------------------------------
[Epoch : 8/40]
Src_cls_loss	: 0.9401
-------------------------------------
[Epoch : 9/40]
Src_cls_loss	: 0.9173
-------------------------------------
[Epoch : 10/40]
Src_cls_loss	: 0.8962
-------------------------------------
[Epoch : 11/40]
Src_cls_loss	: 0.8767
-------------------------------------
[Epoch : 12/40]
Src_cls_loss	: 0.8604
-------------------------------------
[Epoch : 13/40]
Src_cls_loss	: 0.8463
-------------------------------------
[Epoch : 14/40]
Src_cls_loss	: 0.8324
-------------------------------------
[Epoch : 15/40]
Src_cls_loss	: 0.8185
-------------------------------------
[Epoch : 16/40]
Src_cls_loss	: 0.8071
-------------------------------------
[Epoch : 17/40]
Src_cls_loss	: 0.7957
-------------------------------------
[Epoch : 18/40]
Src_cls_loss	: 0.7851
-------------------------------------
[Epoch : 19/40]
Src_cls_loss	: 0.7759
-------------------------------------
[Epoch : 20/40]
Src_cls_loss	: 0.7660
-------------------------------------
[Epoch : 21/40]
Src_cls_loss	: 0.7570
-------------------------------------
[Epoch : 22/40]
Src_cls_loss	: 0.7481
-------------------------------------
[Epoch : 23/40]
Src_cls_loss	: 0.7399
-------------------------------------
[Epoch : 24/40]
Src_cls_loss	: 0.7324
-------------------------------------
[Epoch : 25/40]
Src_cls_loss	: 0.7254
-------------------------------------
[Epoch : 26/40]
Src_cls_loss	: 0.7184
-------------------------------------
[Epoch : 27/40]
Src_cls_loss	: 0.7119
-------------------------------------
[Epoch : 28/40]
Src_cls_loss	: 0.7057
-------------------------------------
[Epoch : 29/40]
Src_cls_loss	: 0.6997
-------------------------------------
[Epoch : 30/40]
Src_cls_loss	: 0.6940
-------------------------------------
[Epoch : 31/40]
Src_cls_loss	: 0.6885
-------------------------------------
[Epoch : 32/40]
Src_cls_loss	: 0.6832
-------------------------------------
[Epoch : 33/40]
Src_cls_loss	: 0.6782
-------------------------------------
[Epoch : 34/40]
Src_cls_loss	: 0.6734
-------------------------------------
[Epoch : 35/40]
Src_cls_loss	: 0.6689
-------------------------------------
[Epoch : 36/40]
Src_cls_loss	: 0.6647
-------------------------------------
[Epoch : 37/40]
Src_cls_loss	: 0.6605
-------------------------------------
[Epoch : 38/40]
Src_cls_loss	: 0.6565
-------------------------------------
[Epoch : 39/40]
Src_cls_loss	: 0.6524
-------------------------------------
[Epoch : 40/40]
Src_cls_loss	: 0.6486
-------------------------------------
