Pretraining stage..........
=============================================
[Epoch : 1/40]
Src_cls_loss	: 0.5847
-------------------------------------
[Epoch : 2/40]
Src_cls_loss	: 0.5075
-------------------------------------
[Epoch : 3/40]
Src_cls_loss	: 0.4589
-------------------------------------
[Epoch : 4/40]
Src_cls_loss	: 0.4317
-------------------------------------
[Epoch : 5/40]
Src_cls_loss	: 0.4166
-------------------------------------
[Epoch : 6/40]
Src_cls_loss	: 0.4041
-------------------------------------
[Epoch : 7/40]
Src_cls_loss	: 0.3959
-------------------------------------
[Epoch : 8/40]
Src_cls_loss	: 0.3876
-------------------------------------
[Epoch : 9/40]
Src_cls_loss	: 0.3815
-------------------------------------
[Epoch : 10/40]
Src_cls_loss	: 0.3770
-------------------------------------
[Epoch : 11/40]
Src_cls_loss	: 0.3728
-------------------------------------
[Epoch : 12/40]
Src_cls_loss	: 0.3688
-------------------------------------
[Epoch : 13/40]
Src_cls_loss	: 0.3655
-------------------------------------
[Epoch : 14/40]
Src_cls_loss	: 0.3627
-------------------------------------
[Epoch : 15/40]
Src_cls_loss	: 0.3600
-------------------------------------
[Epoch : 16/40]
Src_cls_loss	: 0.3575
-------------------------------------
[Epoch : 17/40]
Src_cls_loss	: 0.3566
-------------------------------------
[Epoch : 18/40]
Src_cls_loss	: 0.3563
-------------------------------------
[Epoch : 19/40]
Src_cls_loss	: 0.3559
-------------------------------------
[Epoch : 20/40]
Src_cls_loss	: 0.3544
-------------------------------------
[Epoch : 21/40]
Src_cls_loss	: 0.3526
-------------------------------------
[Epoch : 22/40]
Src_cls_loss	: 0.3513
-------------------------------------
[Epoch : 23/40]
Src_cls_loss	: 0.3502
-------------------------------------
[Epoch : 24/40]
Src_cls_loss	: 0.3495
-------------------------------------
[Epoch : 25/40]
Src_cls_loss	: 0.3491
-------------------------------------
[Epoch : 26/40]
Src_cls_loss	: 0.3486
-------------------------------------
[Epoch : 27/40]
Src_cls_loss	: 0.3480
-------------------------------------
[Epoch : 28/40]
Src_cls_loss	: 0.3476
-------------------------------------
[Epoch : 29/40]
Src_cls_loss	: 0.3467
-------------------------------------
[Epoch : 30/40]
Src_cls_loss	: 0.3456
-------------------------------------
[Epoch : 31/40]
Src_cls_loss	: 0.3451
-------------------------------------
[Epoch : 32/40]
Src_cls_loss	: 0.3446
-------------------------------------
[Epoch : 33/40]
Src_cls_loss	: 0.3439
-------------------------------------
[Epoch : 34/40]
Src_cls_loss	: 0.3430
-------------------------------------
[Epoch : 35/40]
Src_cls_loss	: 0.3422
-------------------------------------
[Epoch : 36/40]
Src_cls_loss	: 0.3415
-------------------------------------
[Epoch : 37/40]
Src_cls_loss	: 0.3409
-------------------------------------
[Epoch : 38/40]
Src_cls_loss	: 0.3404
-------------------------------------
[Epoch : 39/40]
Src_cls_loss	: 0.3398
-------------------------------------
[Epoch : 40/40]
Src_cls_loss	: 0.3391
-------------------------------------
