Pretraining stage..........
=============================================
[Epoch : 1/40]
Src_cls_loss	: 1.2916
-------------------------------------
[Epoch : 2/40]
Src_cls_loss	: 1.0900
-------------------------------------
[Epoch : 3/40]
Src_cls_loss	: 0.9867
-------------------------------------
[Epoch : 4/40]
Src_cls_loss	: 0.9127
-------------------------------------
[Epoch : 5/40]
Src_cls_loss	: 0.8655
-------------------------------------
[Epoch : 6/40]
Src_cls_loss	: 0.8340
-------------------------------------
[Epoch : 7/40]
Src_cls_loss	: 0.8090
-------------------------------------
[Epoch : 8/40]
Src_cls_loss	: 0.7880
-------------------------------------
[Epoch : 9/40]
Src_cls_loss	: 0.7721
-------------------------------------
[Epoch : 10/40]
Src_cls_loss	: 0.7573
-------------------------------------
[Epoch : 11/40]
Src_cls_loss	: 0.7451
-------------------------------------
[Epoch : 12/40]
Src_cls_loss	: 0.7340
-------------------------------------
[Epoch : 13/40]
Src_cls_loss	: 0.7241
-------------------------------------
[Epoch : 14/40]
Src_cls_loss	: 0.7156
-------------------------------------
[Epoch : 15/40]
Src_cls_loss	: 0.7075
-------------------------------------
[Epoch : 16/40]
Src_cls_loss	: 0.6993
-------------------------------------
[Epoch : 17/40]
Src_cls_loss	: 0.6916
-------------------------------------
[Epoch : 18/40]
Src_cls_loss	: 0.6856
-------------------------------------
[Epoch : 19/40]
Src_cls_loss	: 0.6796
-------------------------------------
[Epoch : 20/40]
Src_cls_loss	: 0.6737
-------------------------------------
[Epoch : 21/40]
Src_cls_loss	: 0.6681
-------------------------------------
[Epoch : 22/40]
Src_cls_loss	: 0.6626
-------------------------------------
[Epoch : 23/40]
Src_cls_loss	: 0.6575
-------------------------------------
[Epoch : 24/40]
Src_cls_loss	: 0.6528
-------------------------------------
[Epoch : 25/40]
Src_cls_loss	: 0.6488
-------------------------------------
[Epoch : 26/40]
Src_cls_loss	: 0.6450
-------------------------------------
[Epoch : 27/40]
Src_cls_loss	: 0.6414
-------------------------------------
[Epoch : 28/40]
Src_cls_loss	: 0.6374
-------------------------------------
[Epoch : 29/40]
Src_cls_loss	: 0.6336
-------------------------------------
[Epoch : 30/40]
Src_cls_loss	: 0.6304
-------------------------------------
[Epoch : 31/40]
Src_cls_loss	: 0.6271
-------------------------------------
[Epoch : 32/40]
Src_cls_loss	: 0.6239
-------------------------------------
[Epoch : 33/40]
Src_cls_loss	: 0.6208
-------------------------------------
[Epoch : 34/40]
Src_cls_loss	: 0.6177
-------------------------------------
[Epoch : 35/40]
Src_cls_loss	: 0.6146
-------------------------------------
[Epoch : 36/40]
Src_cls_loss	: 0.6120
-------------------------------------
[Epoch : 37/40]
Src_cls_loss	: 0.6092
-------------------------------------
[Epoch : 38/40]
Src_cls_loss	: 0.6062
-------------------------------------
[Epoch : 39/40]
Src_cls_loss	: 0.6035
-------------------------------------
[Epoch : 40/40]
Src_cls_loss	: 0.6008
-------------------------------------
