Pretraining stage..........
=============================================
[Epoch : 1/40]
Src_cls_loss	: 1.2872
-------------------------------------
[Epoch : 2/40]
Src_cls_loss	: 1.1463
-------------------------------------
[Epoch : 3/40]
Src_cls_loss	: 1.0525
-------------------------------------
[Epoch : 4/40]
Src_cls_loss	: 0.9928
-------------------------------------
[Epoch : 5/40]
Src_cls_loss	: 0.9493
-------------------------------------
[Epoch : 6/40]
Src_cls_loss	: 0.9182
-------------------------------------
[Epoch : 7/40]
Src_cls_loss	: 0.8921
-------------------------------------
[Epoch : 8/40]
Src_cls_loss	: 0.8701
-------------------------------------
[Epoch : 9/40]
Src_cls_loss	: 0.8531
-------------------------------------
[Epoch : 10/40]
Src_cls_loss	: 0.8391
-------------------------------------
[Epoch : 11/40]
Src_cls_loss	: 0.8252
-------------------------------------
[Epoch : 12/40]
Src_cls_loss	: 0.8124
-------------------------------------
[Epoch : 13/40]
Src_cls_loss	: 0.8007
-------------------------------------
[Epoch : 14/40]
Src_cls_loss	: 0.7893
-------------------------------------
[Epoch : 15/40]
Src_cls_loss	: 0.7797
-------------------------------------
[Epoch : 16/40]
Src_cls_loss	: 0.7707
-------------------------------------
[Epoch : 17/40]
Src_cls_loss	: 0.7625
-------------------------------------
[Epoch : 18/40]
Src_cls_loss	: 0.7541
-------------------------------------
[Epoch : 19/40]
Src_cls_loss	: 0.7460
-------------------------------------
[Epoch : 20/40]
Src_cls_loss	: 0.7387
-------------------------------------
[Epoch : 21/40]
Src_cls_loss	: 0.7317
-------------------------------------
[Epoch : 22/40]
Src_cls_loss	: 0.7249
-------------------------------------
[Epoch : 23/40]
Src_cls_loss	: 0.7192
-------------------------------------
[Epoch : 24/40]
Src_cls_loss	: 0.7132
-------------------------------------
[Epoch : 25/40]
Src_cls_loss	: 0.7068
-------------------------------------
[Epoch : 26/40]
Src_cls_loss	: 0.7008
-------------------------------------
[Epoch : 27/40]
Src_cls_loss	: 0.6960
-------------------------------------
[Epoch : 28/40]
Src_cls_loss	: 0.6911
-------------------------------------
[Epoch : 29/40]
Src_cls_loss	: 0.6861
-------------------------------------
[Epoch : 30/40]
Src_cls_loss	: 0.6813
-------------------------------------
[Epoch : 31/40]
Src_cls_loss	: 0.6768
-------------------------------------
[Epoch : 32/40]
Src_cls_loss	: 0.6723
-------------------------------------
[Epoch : 33/40]
Src_cls_loss	: 0.6681
-------------------------------------
[Epoch : 34/40]
Src_cls_loss	: 0.6638
-------------------------------------
[Epoch : 35/40]
Src_cls_loss	: 0.6601
-------------------------------------
[Epoch : 36/40]
Src_cls_loss	: 0.6562
-------------------------------------
[Epoch : 37/40]
Src_cls_loss	: 0.6526
-------------------------------------
[Epoch : 38/40]
Src_cls_loss	: 0.6491
-------------------------------------
[Epoch : 39/40]
Src_cls_loss	: 0.6457
-------------------------------------
[Epoch : 40/40]
Src_cls_loss	: 0.6426
-------------------------------------
