Pretraining stage..........
=============================================
[Epoch : 1/100]
Src_cls_loss	: 1.1935
-------------------------------------
[Epoch : 2/100]
Src_cls_loss	: 1.0225
-------------------------------------
[Epoch : 3/100]
Src_cls_loss	: 0.9202
-------------------------------------
[Epoch : 4/100]
Src_cls_loss	: 0.8538
-------------------------------------
[Epoch : 5/100]
Src_cls_loss	: 0.8084
-------------------------------------
[Epoch : 6/100]
Src_cls_loss	: 0.7819
-------------------------------------
[Epoch : 7/100]
Src_cls_loss	: 0.7568
-------------------------------------
[Epoch : 8/100]
Src_cls_loss	: 0.7378
-------------------------------------
[Epoch : 9/100]
Src_cls_loss	: 0.7236
-------------------------------------
[Epoch : 10/100]
Src_cls_loss	: 0.7132
-------------------------------------
[Epoch : 11/100]
Src_cls_loss	: 0.7058
-------------------------------------
[Epoch : 12/100]
Src_cls_loss	: 0.6971
-------------------------------------
[Epoch : 13/100]
Src_cls_loss	: 0.6908
-------------------------------------
[Epoch : 14/100]
Src_cls_loss	: 0.6856
-------------------------------------
[Epoch : 15/100]
Src_cls_loss	: 0.6784
-------------------------------------
[Epoch : 16/100]
Src_cls_loss	: 0.6728
-------------------------------------
[Epoch : 17/100]
Src_cls_loss	: 0.6692
-------------------------------------
[Epoch : 18/100]
Src_cls_loss	: 0.6643
-------------------------------------
[Epoch : 19/100]
Src_cls_loss	: 0.6598
-------------------------------------
[Epoch : 20/100]
Src_cls_loss	: 0.6570
-------------------------------------
[Epoch : 21/100]
Src_cls_loss	: 0.6546
-------------------------------------
[Epoch : 22/100]
Src_cls_loss	: 0.6501
-------------------------------------
[Epoch : 23/100]
Src_cls_loss	: 0.6459
-------------------------------------
[Epoch : 24/100]
Src_cls_loss	: 0.6421
-------------------------------------
[Epoch : 25/100]
Src_cls_loss	: 0.6380
-------------------------------------
[Epoch : 26/100]
Src_cls_loss	: 0.6342
-------------------------------------
[Epoch : 27/100]
Src_cls_loss	: 0.6310
-------------------------------------
[Epoch : 28/100]
Src_cls_loss	: 0.6281
-------------------------------------
[Epoch : 29/100]
Src_cls_loss	: 0.6248
-------------------------------------
[Epoch : 30/100]
Src_cls_loss	: 0.6214
-------------------------------------
[Epoch : 31/100]
Src_cls_loss	: 0.6186
-------------------------------------
[Epoch : 32/100]
Src_cls_loss	: 0.6156
-------------------------------------
[Epoch : 33/100]
Src_cls_loss	: 0.6126
-------------------------------------
[Epoch : 34/100]
Src_cls_loss	: 0.6100
-------------------------------------
[Epoch : 35/100]
Src_cls_loss	: 0.6087
-------------------------------------
[Epoch : 36/100]
Src_cls_loss	: 0.6081
-------------------------------------
[Epoch : 37/100]
Src_cls_loss	: 0.6076
-------------------------------------
[Epoch : 38/100]
Src_cls_loss	: 0.6068
-------------------------------------
[Epoch : 39/100]
Src_cls_loss	: 0.6057
-------------------------------------
[Epoch : 40/100]
Src_cls_loss	: 0.6041
-------------------------------------
[Epoch : 41/100]
Src_cls_loss	: 0.6034
-------------------------------------
[Epoch : 42/100]
Src_cls_loss	: 0.6017
-------------------------------------
[Epoch : 43/100]
Src_cls_loss	: 0.6000
-------------------------------------
[Epoch : 44/100]
Src_cls_loss	: 0.5980
-------------------------------------
[Epoch : 45/100]
Src_cls_loss	: 0.5974
-------------------------------------
[Epoch : 46/100]
Src_cls_loss	: 0.5962
-------------------------------------
[Epoch : 47/100]
Src_cls_loss	: 0.5949
-------------------------------------
[Epoch : 48/100]
Src_cls_loss	: 0.5935
-------------------------------------
[Epoch : 49/100]
Src_cls_loss	: 0.5923
-------------------------------------
[Epoch : 50/100]
Src_cls_loss	: 0.5909
-------------------------------------
[Epoch : 51/100]
Src_cls_loss	: 0.5897
-------------------------------------
[Epoch : 52/100]
Src_cls_loss	: 0.5886
-------------------------------------
[Epoch : 53/100]
Src_cls_loss	: 0.5874
-------------------------------------
[Epoch : 54/100]
Src_cls_loss	: 0.5863
-------------------------------------
[Epoch : 55/100]
Src_cls_loss	: 0.5849
-------------------------------------
[Epoch : 56/100]
Src_cls_loss	: 0.5839
-------------------------------------
[Epoch : 57/100]
Src_cls_loss	: 0.5827
-------------------------------------
[Epoch : 58/100]
Src_cls_loss	: 0.5813
-------------------------------------
[Epoch : 59/100]
Src_cls_loss	: 0.5801
-------------------------------------
[Epoch : 60/100]
Src_cls_loss	: 0.5792
-------------------------------------
[Epoch : 61/100]
Src_cls_loss	: 0.5780
-------------------------------------
[Epoch : 62/100]
Src_cls_loss	: 0.5773
-------------------------------------
[Epoch : 63/100]
Src_cls_loss	: 0.5767
-------------------------------------
[Epoch : 64/100]
Src_cls_loss	: 0.5757
-------------------------------------
[Epoch : 65/100]
Src_cls_loss	: 0.5752
-------------------------------------
[Epoch : 66/100]
Src_cls_loss	: 0.5743
-------------------------------------
[Epoch : 67/100]
Src_cls_loss	: 0.5736
-------------------------------------
[Epoch : 68/100]
Src_cls_loss	: 0.5727
-------------------------------------
[Epoch : 69/100]
Src_cls_loss	: 0.5721
-------------------------------------
[Epoch : 70/100]
Src_cls_loss	: 0.5712
-------------------------------------
[Epoch : 71/100]
Src_cls_loss	: 0.5703
-------------------------------------
[Epoch : 72/100]
Src_cls_loss	: 0.5695
-------------------------------------
[Epoch : 73/100]
Src_cls_loss	: 0.5686
-------------------------------------
[Epoch : 74/100]
Src_cls_loss	: 0.5675
-------------------------------------
[Epoch : 75/100]
Src_cls_loss	: 0.5669
-------------------------------------
[Epoch : 76/100]
Src_cls_loss	: 0.5660
-------------------------------------
[Epoch : 77/100]
Src_cls_loss	: 0.5652
-------------------------------------
[Epoch : 78/100]
Src_cls_loss	: 0.5644
-------------------------------------
[Epoch : 79/100]
Src_cls_loss	: 0.5643
-------------------------------------
[Epoch : 80/100]
Src_cls_loss	: 0.5640
-------------------------------------
[Epoch : 81/100]
Src_cls_loss	: 0.5636
-------------------------------------
[Epoch : 82/100]
Src_cls_loss	: 0.5639
-------------------------------------
[Epoch : 83/100]
Src_cls_loss	: 0.5635
-------------------------------------
[Epoch : 84/100]
Src_cls_loss	: 0.5631
-------------------------------------
[Epoch : 85/100]
Src_cls_loss	: 0.5628
-------------------------------------
[Epoch : 86/100]
Src_cls_loss	: 0.5625
-------------------------------------
[Epoch : 87/100]
Src_cls_loss	: 0.5619
-------------------------------------
[Epoch : 88/100]
Src_cls_loss	: 0.5612
-------------------------------------
[Epoch : 89/100]
Src_cls_loss	: 0.5609
-------------------------------------
[Epoch : 90/100]
Src_cls_loss	: 0.5602
-------------------------------------
[Epoch : 91/100]
Src_cls_loss	: 0.5596
-------------------------------------
[Epoch : 92/100]
Src_cls_loss	: 0.5593
-------------------------------------
[Epoch : 93/100]
Src_cls_loss	: 0.5587
-------------------------------------
[Epoch : 94/100]
Src_cls_loss	: 0.5580
-------------------------------------
[Epoch : 95/100]
Src_cls_loss	: 0.5574
-------------------------------------
[Epoch : 96/100]
Src_cls_loss	: 0.5569
-------------------------------------
[Epoch : 97/100]
Src_cls_loss	: 0.5562
-------------------------------------
[Epoch : 98/100]
Src_cls_loss	: 0.5556
-------------------------------------
[Epoch : 99/100]
Src_cls_loss	: 0.5551
-------------------------------------
[Epoch : 100/100]
Src_cls_loss	: 0.5546
-------------------------------------
