Pretraining stage..........
=============================================
[Epoch : 1/100]
Src_cls_loss	: 1.2236
-------------------------------------
[Epoch : 2/100]
Src_cls_loss	: 1.0166
-------------------------------------
[Epoch : 3/100]
Src_cls_loss	: 0.8723
-------------------------------------
[Epoch : 4/100]
Src_cls_loss	: 0.7843
-------------------------------------
[Epoch : 5/100]
Src_cls_loss	: 0.7260
-------------------------------------
[Epoch : 6/100]
Src_cls_loss	: 0.6833
-------------------------------------
[Epoch : 7/100]
Src_cls_loss	: 0.6535
-------------------------------------
[Epoch : 8/100]
Src_cls_loss	: 0.6311
-------------------------------------
[Epoch : 9/100]
Src_cls_loss	: 0.6112
-------------------------------------
[Epoch : 10/100]
Src_cls_loss	: 0.5953
-------------------------------------
[Epoch : 11/100]
Src_cls_loss	: 0.5834
-------------------------------------
[Epoch : 12/100]
Src_cls_loss	: 0.5730
-------------------------------------
[Epoch : 13/100]
Src_cls_loss	: 0.5631
-------------------------------------
[Epoch : 14/100]
Src_cls_loss	: 0.5561
-------------------------------------
[Epoch : 15/100]
Src_cls_loss	: 0.5502
-------------------------------------
[Epoch : 16/100]
Src_cls_loss	: 0.5445
-------------------------------------
[Epoch : 17/100]
Src_cls_loss	: 0.5382
-------------------------------------
[Epoch : 18/100]
Src_cls_loss	: 0.5331
-------------------------------------
[Epoch : 19/100]
Src_cls_loss	: 0.5283
-------------------------------------
[Epoch : 20/100]
Src_cls_loss	: 0.5246
-------------------------------------
[Epoch : 21/100]
Src_cls_loss	: 0.5211
-------------------------------------
[Epoch : 22/100]
Src_cls_loss	: 0.5175
-------------------------------------
[Epoch : 23/100]
Src_cls_loss	: 0.5144
-------------------------------------
[Epoch : 24/100]
Src_cls_loss	: 0.5115
-------------------------------------
[Epoch : 25/100]
Src_cls_loss	: 0.5087
-------------------------------------
[Epoch : 26/100]
Src_cls_loss	: 0.5060
-------------------------------------
[Epoch : 27/100]
Src_cls_loss	: 0.5039
-------------------------------------
[Epoch : 28/100]
Src_cls_loss	: 0.5014
-------------------------------------
[Epoch : 29/100]
Src_cls_loss	: 0.4995
-------------------------------------
[Epoch : 30/100]
Src_cls_loss	: 0.4973
-------------------------------------
[Epoch : 31/100]
Src_cls_loss	: 0.4955
-------------------------------------
[Epoch : 32/100]
Src_cls_loss	: 0.4942
-------------------------------------
[Epoch : 33/100]
Src_cls_loss	: 0.4928
-------------------------------------
[Epoch : 34/100]
Src_cls_loss	: 0.4914
-------------------------------------
[Epoch : 35/100]
Src_cls_loss	: 0.4899
-------------------------------------
[Epoch : 36/100]
Src_cls_loss	: 0.4886
-------------------------------------
[Epoch : 37/100]
Src_cls_loss	: 0.4872
-------------------------------------
[Epoch : 38/100]
Src_cls_loss	: 0.4861
-------------------------------------
[Epoch : 39/100]
Src_cls_loss	: 0.4852
-------------------------------------
[Epoch : 40/100]
Src_cls_loss	: 0.4841
-------------------------------------
[Epoch : 41/100]
Src_cls_loss	: 0.4833
-------------------------------------
[Epoch : 42/100]
Src_cls_loss	: 0.4827
-------------------------------------
[Epoch : 43/100]
Src_cls_loss	: 0.4820
-------------------------------------
[Epoch : 44/100]
Src_cls_loss	: 0.4810
-------------------------------------
[Epoch : 45/100]
Src_cls_loss	: 0.4802
-------------------------------------
[Epoch : 46/100]
Src_cls_loss	: 0.4794
-------------------------------------
[Epoch : 47/100]
Src_cls_loss	: 0.4786
-------------------------------------
[Epoch : 48/100]
Src_cls_loss	: 0.4777
-------------------------------------
[Epoch : 49/100]
Src_cls_loss	: 0.4768
-------------------------------------
[Epoch : 50/100]
Src_cls_loss	: 0.4760
-------------------------------------
[Epoch : 51/100]
Src_cls_loss	: 0.4751
-------------------------------------
[Epoch : 52/100]
Src_cls_loss	: 0.4743
-------------------------------------
[Epoch : 53/100]
Src_cls_loss	: 0.4736
-------------------------------------
[Epoch : 54/100]
Src_cls_loss	: 0.4730
-------------------------------------
[Epoch : 55/100]
Src_cls_loss	: 0.4724
-------------------------------------
[Epoch : 56/100]
Src_cls_loss	: 0.4716
-------------------------------------
[Epoch : 57/100]
Src_cls_loss	: 0.4711
-------------------------------------
[Epoch : 58/100]
Src_cls_loss	: 0.4704
-------------------------------------
[Epoch : 59/100]
Src_cls_loss	: 0.4698
-------------------------------------
[Epoch : 60/100]
Src_cls_loss	: 0.4693
-------------------------------------
[Epoch : 61/100]
Src_cls_loss	: 0.4686
-------------------------------------
[Epoch : 62/100]
Src_cls_loss	: 0.4680
-------------------------------------
[Epoch : 63/100]
Src_cls_loss	: 0.4676
-------------------------------------
[Epoch : 64/100]
Src_cls_loss	: 0.4671
-------------------------------------
[Epoch : 65/100]
Src_cls_loss	: 0.4667
-------------------------------------
[Epoch : 66/100]
Src_cls_loss	: 0.4662
-------------------------------------
[Epoch : 67/100]
Src_cls_loss	: 0.4658
-------------------------------------
[Epoch : 68/100]
Src_cls_loss	: 0.4654
-------------------------------------
[Epoch : 69/100]
Src_cls_loss	: 0.4649
-------------------------------------
[Epoch : 70/100]
Src_cls_loss	: 0.4645
-------------------------------------
[Epoch : 71/100]
Src_cls_loss	: 0.4640
-------------------------------------
[Epoch : 72/100]
Src_cls_loss	: 0.4635
-------------------------------------
[Epoch : 73/100]
Src_cls_loss	: 0.4632
-------------------------------------
[Epoch : 74/100]
Src_cls_loss	: 0.4627
-------------------------------------
[Epoch : 75/100]
Src_cls_loss	: 0.4623
-------------------------------------
[Epoch : 76/100]
Src_cls_loss	: 0.4619
-------------------------------------
[Epoch : 77/100]
Src_cls_loss	: 0.4615
-------------------------------------
[Epoch : 78/100]
Src_cls_loss	: 0.4611
-------------------------------------
[Epoch : 79/100]
Src_cls_loss	: 0.4607
-------------------------------------
[Epoch : 80/100]
Src_cls_loss	: 0.4603
-------------------------------------
[Epoch : 81/100]
Src_cls_loss	: 0.4599
-------------------------------------
[Epoch : 82/100]
Src_cls_loss	: 0.4596
-------------------------------------
[Epoch : 83/100]
Src_cls_loss	: 0.4592
-------------------------------------
[Epoch : 84/100]
Src_cls_loss	: 0.4589
-------------------------------------
[Epoch : 85/100]
Src_cls_loss	: 0.4586
-------------------------------------
[Epoch : 86/100]
Src_cls_loss	: 0.4583
-------------------------------------
[Epoch : 87/100]
Src_cls_loss	: 0.4579
-------------------------------------
[Epoch : 88/100]
Src_cls_loss	: 0.4576
-------------------------------------
[Epoch : 89/100]
Src_cls_loss	: 0.4573
-------------------------------------
[Epoch : 90/100]
Src_cls_loss	: 0.4570
-------------------------------------
[Epoch : 91/100]
Src_cls_loss	: 0.4568
-------------------------------------
[Epoch : 92/100]
Src_cls_loss	: 0.4565
-------------------------------------
[Epoch : 93/100]
Src_cls_loss	: 0.4562
-------------------------------------
[Epoch : 94/100]
Src_cls_loss	: 0.4559
-------------------------------------
[Epoch : 95/100]
Src_cls_loss	: 0.4556
-------------------------------------
[Epoch : 96/100]
Src_cls_loss	: 0.4553
-------------------------------------
[Epoch : 97/100]
Src_cls_loss	: 0.4550
-------------------------------------
[Epoch : 98/100]
Src_cls_loss	: 0.4547
-------------------------------------
[Epoch : 99/100]
Src_cls_loss	: 0.4545
-------------------------------------
[Epoch : 100/100]
Src_cls_loss	: 0.4542
-------------------------------------
