Pretraining stage..........
=============================================
[Epoch : 1/100]
Src_cls_loss	: 1.2299
-------------------------------------
[Epoch : 2/100]
Src_cls_loss	: 1.0505
-------------------------------------
[Epoch : 3/100]
Src_cls_loss	: 0.9484
-------------------------------------
[Epoch : 4/100]
Src_cls_loss	: 0.8651
-------------------------------------
[Epoch : 5/100]
Src_cls_loss	: 0.8129
-------------------------------------
[Epoch : 6/100]
Src_cls_loss	: 0.7754
-------------------------------------
[Epoch : 7/100]
Src_cls_loss	: 0.7425
-------------------------------------
[Epoch : 8/100]
Src_cls_loss	: 0.7259
-------------------------------------
[Epoch : 9/100]
Src_cls_loss	: 0.7129
-------------------------------------
[Epoch : 10/100]
Src_cls_loss	: 0.7023
-------------------------------------
[Epoch : 11/100]
Src_cls_loss	: 0.6850
-------------------------------------
[Epoch : 12/100]
Src_cls_loss	: 0.6696
-------------------------------------
[Epoch : 13/100]
Src_cls_loss	: 0.6634
-------------------------------------
[Epoch : 14/100]
Src_cls_loss	: 0.6496
-------------------------------------
[Epoch : 15/100]
Src_cls_loss	: 0.6376
-------------------------------------
[Epoch : 16/100]
Src_cls_loss	: 0.6276
-------------------------------------
[Epoch : 17/100]
Src_cls_loss	: 0.6189
-------------------------------------
[Epoch : 18/100]
Src_cls_loss	: 0.6127
-------------------------------------
[Epoch : 19/100]
Src_cls_loss	: 0.6054
-------------------------------------
[Epoch : 20/100]
Src_cls_loss	: 0.5999
-------------------------------------
[Epoch : 21/100]
Src_cls_loss	: 0.5936
-------------------------------------
[Epoch : 22/100]
Src_cls_loss	: 0.5883
-------------------------------------
[Epoch : 23/100]
Src_cls_loss	: 0.5860
-------------------------------------
[Epoch : 24/100]
Src_cls_loss	: 0.5854
-------------------------------------
[Epoch : 25/100]
Src_cls_loss	: 0.5831
-------------------------------------
[Epoch : 26/100]
Src_cls_loss	: 0.5855
-------------------------------------
[Epoch : 27/100]
Src_cls_loss	: 0.5808
-------------------------------------
[Epoch : 28/100]
Src_cls_loss	: 0.5774
-------------------------------------
[Epoch : 29/100]
Src_cls_loss	: 0.5741
-------------------------------------
[Epoch : 30/100]
Src_cls_loss	: 0.5704
-------------------------------------
[Epoch : 31/100]
Src_cls_loss	: 0.5689
-------------------------------------
[Epoch : 32/100]
Src_cls_loss	: 0.5672
-------------------------------------
[Epoch : 33/100]
Src_cls_loss	: 0.5654
-------------------------------------
[Epoch : 34/100]
Src_cls_loss	: 0.5627
-------------------------------------
[Epoch : 35/100]
Src_cls_loss	: 0.5604
-------------------------------------
[Epoch : 36/100]
Src_cls_loss	: 0.5580
-------------------------------------
[Epoch : 37/100]
Src_cls_loss	: 0.5569
-------------------------------------
[Epoch : 38/100]
Src_cls_loss	: 0.5545
-------------------------------------
[Epoch : 39/100]
Src_cls_loss	: 0.5527
-------------------------------------
[Epoch : 40/100]
Src_cls_loss	: 0.5517
-------------------------------------
[Epoch : 41/100]
Src_cls_loss	: 0.5492
-------------------------------------
[Epoch : 42/100]
Src_cls_loss	: 0.5477
-------------------------------------
[Epoch : 43/100]
Src_cls_loss	: 0.5490
-------------------------------------
[Epoch : 44/100]
Src_cls_loss	: 0.5475
-------------------------------------
[Epoch : 45/100]
Src_cls_loss	: 0.5470
-------------------------------------
[Epoch : 46/100]
Src_cls_loss	: 0.5452
-------------------------------------
[Epoch : 47/100]
Src_cls_loss	: 0.5456
-------------------------------------
[Epoch : 48/100]
Src_cls_loss	: 0.5444
-------------------------------------
[Epoch : 49/100]
Src_cls_loss	: 0.5432
-------------------------------------
[Epoch : 50/100]
Src_cls_loss	: 0.5439
-------------------------------------
[Epoch : 51/100]
Src_cls_loss	: 0.5434
-------------------------------------
[Epoch : 52/100]
Src_cls_loss	: 0.5431
-------------------------------------
[Epoch : 53/100]
Src_cls_loss	: 0.5417
-------------------------------------
[Epoch : 54/100]
Src_cls_loss	: 0.5418
-------------------------------------
[Epoch : 55/100]
Src_cls_loss	: 0.5407
-------------------------------------
[Epoch : 56/100]
Src_cls_loss	: 0.5396
-------------------------------------
[Epoch : 57/100]
Src_cls_loss	: 0.5391
-------------------------------------
[Epoch : 58/100]
Src_cls_loss	: 0.5379
-------------------------------------
[Epoch : 59/100]
Src_cls_loss	: 0.5365
-------------------------------------
[Epoch : 60/100]
Src_cls_loss	: 0.5359
-------------------------------------
[Epoch : 61/100]
Src_cls_loss	: 0.5345
-------------------------------------
[Epoch : 62/100]
Src_cls_loss	: 0.5333
-------------------------------------
[Epoch : 63/100]
Src_cls_loss	: 0.5338
-------------------------------------
[Epoch : 64/100]
Src_cls_loss	: 0.5326
-------------------------------------
[Epoch : 65/100]
Src_cls_loss	: 0.5325
-------------------------------------
[Epoch : 66/100]
Src_cls_loss	: 0.5313
-------------------------------------
[Epoch : 67/100]
Src_cls_loss	: 0.5302
-------------------------------------
[Epoch : 68/100]
Src_cls_loss	: 0.5294
-------------------------------------
[Epoch : 69/100]
Src_cls_loss	: 0.5304
-------------------------------------
[Epoch : 70/100]
Src_cls_loss	: 0.5308
-------------------------------------
[Epoch : 71/100]
Src_cls_loss	: 0.5308
-------------------------------------
[Epoch : 72/100]
Src_cls_loss	: 0.5308
-------------------------------------
[Epoch : 73/100]
Src_cls_loss	: 0.5306
-------------------------------------
[Epoch : 74/100]
Src_cls_loss	: 0.5297
-------------------------------------
[Epoch : 75/100]
Src_cls_loss	: 0.5291
-------------------------------------
[Epoch : 76/100]
Src_cls_loss	: 0.5281
-------------------------------------
[Epoch : 77/100]
Src_cls_loss	: 0.5270
-------------------------------------
[Epoch : 78/100]
Src_cls_loss	: 0.5260
-------------------------------------
[Epoch : 79/100]
Src_cls_loss	: 0.5252
-------------------------------------
[Epoch : 80/100]
Src_cls_loss	: 0.5247
-------------------------------------
[Epoch : 81/100]
Src_cls_loss	: 0.5238
-------------------------------------
[Epoch : 82/100]
Src_cls_loss	: 0.5229
-------------------------------------
[Epoch : 83/100]
Src_cls_loss	: 0.5219
-------------------------------------
[Epoch : 84/100]
Src_cls_loss	: 0.5234
-------------------------------------
[Epoch : 85/100]
Src_cls_loss	: 0.5231
-------------------------------------
[Epoch : 86/100]
Src_cls_loss	: 0.5223
-------------------------------------
[Epoch : 87/100]
Src_cls_loss	: 0.5214
-------------------------------------
[Epoch : 88/100]
Src_cls_loss	: 0.5206
-------------------------------------
[Epoch : 89/100]
Src_cls_loss	: 0.5203
-------------------------------------
[Epoch : 90/100]
Src_cls_loss	: 0.5198
-------------------------------------
[Epoch : 91/100]
Src_cls_loss	: 0.5191
-------------------------------------
[Epoch : 92/100]
Src_cls_loss	: 0.5190
-------------------------------------
[Epoch : 93/100]
Src_cls_loss	: 0.5186
-------------------------------------
[Epoch : 94/100]
Src_cls_loss	: 0.5182
-------------------------------------
[Epoch : 95/100]
Src_cls_loss	: 0.5174
-------------------------------------
[Epoch : 96/100]
Src_cls_loss	: 0.5170
-------------------------------------
[Epoch : 97/100]
Src_cls_loss	: 0.5165
-------------------------------------
[Epoch : 98/100]
Src_cls_loss	: 0.5161
-------------------------------------
[Epoch : 99/100]
Src_cls_loss	: 0.5155
-------------------------------------
[Epoch : 100/100]
Src_cls_loss	: 0.5148
-------------------------------------
