Pretraining stage..........
=============================================
[Epoch : 1/40]
Src_cls_loss	: 0.6079
-------------------------------------
[Epoch : 2/40]
Src_cls_loss	: 0.5456
-------------------------------------
[Epoch : 3/40]
Src_cls_loss	: 0.5155
-------------------------------------
[Epoch : 4/40]
Src_cls_loss	: 0.4898
-------------------------------------
[Epoch : 5/40]
Src_cls_loss	: 0.4723
-------------------------------------
[Epoch : 6/40]
Src_cls_loss	: 0.4600
-------------------------------------
[Epoch : 7/40]
Src_cls_loss	: 0.4472
-------------------------------------
[Epoch : 8/40]
Src_cls_loss	: 0.4381
-------------------------------------
[Epoch : 9/40]
Src_cls_loss	: 0.4316
-------------------------------------
[Epoch : 10/40]
Src_cls_loss	: 0.4255
-------------------------------------
[Epoch : 11/40]
Src_cls_loss	: 0.4217
-------------------------------------
[Epoch : 12/40]
Src_cls_loss	: 0.4171
-------------------------------------
[Epoch : 13/40]
Src_cls_loss	: 0.4117
-------------------------------------
[Epoch : 14/40]
Src_cls_loss	: 0.4077
-------------------------------------
[Epoch : 15/40]
Src_cls_loss	: 0.4048
-------------------------------------
[Epoch : 16/40]
Src_cls_loss	: 0.4020
-------------------------------------
[Epoch : 17/40]
Src_cls_loss	: 0.3994
-------------------------------------
[Epoch : 18/40]
Src_cls_loss	: 0.3964
-------------------------------------
[Epoch : 19/40]
Src_cls_loss	: 0.3937
-------------------------------------
[Epoch : 20/40]
Src_cls_loss	: 0.3911
-------------------------------------
[Epoch : 21/40]
Src_cls_loss	: 0.3885
-------------------------------------
[Epoch : 22/40]
Src_cls_loss	: 0.3870
-------------------------------------
[Epoch : 23/40]
Src_cls_loss	: 0.3854
-------------------------------------
[Epoch : 24/40]
Src_cls_loss	: 0.3841
-------------------------------------
[Epoch : 25/40]
Src_cls_loss	: 0.3830
-------------------------------------
[Epoch : 26/40]
Src_cls_loss	: 0.3816
-------------------------------------
[Epoch : 27/40]
Src_cls_loss	: 0.3799
-------------------------------------
[Epoch : 28/40]
Src_cls_loss	: 0.3787
-------------------------------------
[Epoch : 29/40]
Src_cls_loss	: 0.3774
-------------------------------------
[Epoch : 30/40]
Src_cls_loss	: 0.3761
-------------------------------------
[Epoch : 31/40]
Src_cls_loss	: 0.3750
-------------------------------------
[Epoch : 32/40]
Src_cls_loss	: 0.3740
-------------------------------------
[Epoch : 33/40]
Src_cls_loss	: 0.3728
-------------------------------------
[Epoch : 34/40]
Src_cls_loss	: 0.3718
-------------------------------------
[Epoch : 35/40]
Src_cls_loss	: 0.3706
-------------------------------------
[Epoch : 36/40]
Src_cls_loss	: 0.3699
-------------------------------------
[Epoch : 37/40]
Src_cls_loss	: 0.3689
-------------------------------------
[Epoch : 38/40]
Src_cls_loss	: 0.3678
-------------------------------------
[Epoch : 39/40]
Src_cls_loss	: 0.3670
-------------------------------------
[Epoch : 40/40]
Src_cls_loss	: 0.3661
-------------------------------------
