Pretraining stage..........
=============================================
[Epoch : 1/40]
Src_cls_loss	: 0.6195
-------------------------------------
[Epoch : 2/40]
Src_cls_loss	: 0.5674
-------------------------------------
[Epoch : 3/40]
Src_cls_loss	: 0.5269
-------------------------------------
[Epoch : 4/40]
Src_cls_loss	: 0.4989
-------------------------------------
[Epoch : 5/40]
Src_cls_loss	: 0.4819
-------------------------------------
[Epoch : 6/40]
Src_cls_loss	: 0.4663
-------------------------------------
[Epoch : 7/40]
Src_cls_loss	: 0.4562
-------------------------------------
[Epoch : 8/40]
Src_cls_loss	: 0.4450
-------------------------------------
[Epoch : 9/40]
Src_cls_loss	: 0.4368
-------------------------------------
[Epoch : 10/40]
Src_cls_loss	: 0.4306
-------------------------------------
[Epoch : 11/40]
Src_cls_loss	: 0.4238
-------------------------------------
[Epoch : 12/40]
Src_cls_loss	: 0.4180
-------------------------------------
[Epoch : 13/40]
Src_cls_loss	: 0.4134
-------------------------------------
[Epoch : 14/40]
Src_cls_loss	: 0.4091
-------------------------------------
[Epoch : 15/40]
Src_cls_loss	: 0.4054
-------------------------------------
[Epoch : 16/40]
Src_cls_loss	: 0.4018
-------------------------------------
[Epoch : 17/40]
Src_cls_loss	: 0.3996
-------------------------------------
[Epoch : 18/40]
Src_cls_loss	: 0.3988
-------------------------------------
[Epoch : 19/40]
Src_cls_loss	: 0.3970
-------------------------------------
[Epoch : 20/40]
Src_cls_loss	: 0.3944
-------------------------------------
[Epoch : 21/40]
Src_cls_loss	: 0.3918
-------------------------------------
[Epoch : 22/40]
Src_cls_loss	: 0.3894
-------------------------------------
[Epoch : 23/40]
Src_cls_loss	: 0.3875
-------------------------------------
[Epoch : 24/40]
Src_cls_loss	: 0.3856
-------------------------------------
[Epoch : 25/40]
Src_cls_loss	: 0.3845
-------------------------------------
[Epoch : 26/40]
Src_cls_loss	: 0.3832
-------------------------------------
[Epoch : 27/40]
Src_cls_loss	: 0.3819
-------------------------------------
[Epoch : 28/40]
Src_cls_loss	: 0.3807
-------------------------------------
[Epoch : 29/40]
Src_cls_loss	: 0.3793
-------------------------------------
[Epoch : 30/40]
Src_cls_loss	: 0.3776
-------------------------------------
[Epoch : 31/40]
Src_cls_loss	: 0.3764
-------------------------------------
[Epoch : 32/40]
Src_cls_loss	: 0.3755
-------------------------------------
[Epoch : 33/40]
Src_cls_loss	: 0.3741
-------------------------------------
[Epoch : 34/40]
Src_cls_loss	: 0.3728
-------------------------------------
[Epoch : 35/40]
Src_cls_loss	: 0.3715
-------------------------------------
[Epoch : 36/40]
Src_cls_loss	: 0.3704
-------------------------------------
[Epoch : 37/40]
Src_cls_loss	: 0.3696
-------------------------------------
[Epoch : 38/40]
Src_cls_loss	: 0.3695
-------------------------------------
[Epoch : 39/40]
Src_cls_loss	: 0.3687
-------------------------------------
[Epoch : 40/40]
Src_cls_loss	: 0.3680
-------------------------------------
