Pretraining stage..........
=============================================
[Epoch : 1/100]
Src_cls_loss	: 1.1378
-------------------------------------
[Epoch : 2/100]
Src_cls_loss	: 0.9256
-------------------------------------
[Epoch : 3/100]
Src_cls_loss	: 0.8101
-------------------------------------
[Epoch : 4/100]
Src_cls_loss	: 0.7340
-------------------------------------
[Epoch : 5/100]
Src_cls_loss	: 0.6828
-------------------------------------
[Epoch : 6/100]
Src_cls_loss	: 0.6469
-------------------------------------
[Epoch : 7/100]
Src_cls_loss	: 0.6237
-------------------------------------
[Epoch : 8/100]
Src_cls_loss	: 0.6029
-------------------------------------
[Epoch : 9/100]
Src_cls_loss	: 0.5864
-------------------------------------
[Epoch : 10/100]
Src_cls_loss	: 0.5731
-------------------------------------
[Epoch : 11/100]
Src_cls_loss	: 0.5617
-------------------------------------
[Epoch : 12/100]
Src_cls_loss	: 0.5547
-------------------------------------
[Epoch : 13/100]
Src_cls_loss	: 0.5474
-------------------------------------
[Epoch : 14/100]
Src_cls_loss	: 0.5427
-------------------------------------
[Epoch : 15/100]
Src_cls_loss	: 0.5382
-------------------------------------
[Epoch : 16/100]
Src_cls_loss	: 0.5344
-------------------------------------
[Epoch : 17/100]
Src_cls_loss	: 0.5304
-------------------------------------
[Epoch : 18/100]
Src_cls_loss	: 0.5260
-------------------------------------
[Epoch : 19/100]
Src_cls_loss	: 0.5217
-------------------------------------
[Epoch : 20/100]
Src_cls_loss	: 0.5178
-------------------------------------
[Epoch : 21/100]
Src_cls_loss	: 0.5147
-------------------------------------
[Epoch : 22/100]
Src_cls_loss	: 0.5116
-------------------------------------
[Epoch : 23/100]
Src_cls_loss	: 0.5085
-------------------------------------
[Epoch : 24/100]
Src_cls_loss	: 0.5056
-------------------------------------
[Epoch : 25/100]
Src_cls_loss	: 0.5029
-------------------------------------
[Epoch : 26/100]
Src_cls_loss	: 0.5008
-------------------------------------
[Epoch : 27/100]
Src_cls_loss	: 0.4987
-------------------------------------
[Epoch : 28/100]
Src_cls_loss	: 0.4964
-------------------------------------
[Epoch : 29/100]
Src_cls_loss	: 0.4945
-------------------------------------
[Epoch : 30/100]
Src_cls_loss	: 0.4934
-------------------------------------
[Epoch : 31/100]
Src_cls_loss	: 0.4916
-------------------------------------
[Epoch : 32/100]
Src_cls_loss	: 0.4898
-------------------------------------
[Epoch : 33/100]
Src_cls_loss	: 0.4885
-------------------------------------
[Epoch : 34/100]
Src_cls_loss	: 0.4873
-------------------------------------
[Epoch : 35/100]
Src_cls_loss	: 0.4858
-------------------------------------
[Epoch : 36/100]
Src_cls_loss	: 0.4844
-------------------------------------
[Epoch : 37/100]
Src_cls_loss	: 0.4830
-------------------------------------
[Epoch : 38/100]
Src_cls_loss	: 0.4818
-------------------------------------
[Epoch : 39/100]
Src_cls_loss	: 0.4806
-------------------------------------
[Epoch : 40/100]
Src_cls_loss	: 0.4794
-------------------------------------
[Epoch : 41/100]
Src_cls_loss	: 0.4783
-------------------------------------
[Epoch : 42/100]
Src_cls_loss	: 0.4774
-------------------------------------
[Epoch : 43/100]
Src_cls_loss	: 0.4764
-------------------------------------
[Epoch : 44/100]
Src_cls_loss	: 0.4755
-------------------------------------
[Epoch : 45/100]
Src_cls_loss	: 0.4745
-------------------------------------
[Epoch : 46/100]
Src_cls_loss	: 0.4738
-------------------------------------
[Epoch : 47/100]
Src_cls_loss	: 0.4729
-------------------------------------
[Epoch : 48/100]
Src_cls_loss	: 0.4723
-------------------------------------
[Epoch : 49/100]
Src_cls_loss	: 0.4716
-------------------------------------
[Epoch : 50/100]
Src_cls_loss	: 0.4708
-------------------------------------
[Epoch : 51/100]
Src_cls_loss	: 0.4701
-------------------------------------
[Epoch : 52/100]
Src_cls_loss	: 0.4694
-------------------------------------
[Epoch : 53/100]
Src_cls_loss	: 0.4691
-------------------------------------
[Epoch : 54/100]
Src_cls_loss	: 0.4685
-------------------------------------
[Epoch : 55/100]
Src_cls_loss	: 0.4680
-------------------------------------
[Epoch : 56/100]
Src_cls_loss	: 0.4676
-------------------------------------
[Epoch : 57/100]
Src_cls_loss	: 0.4671
-------------------------------------
[Epoch : 58/100]
Src_cls_loss	: 0.4665
-------------------------------------
[Epoch : 59/100]
Src_cls_loss	: 0.4663
-------------------------------------
[Epoch : 60/100]
Src_cls_loss	: 0.4659
-------------------------------------
[Epoch : 61/100]
Src_cls_loss	: 0.4654
-------------------------------------
[Epoch : 62/100]
Src_cls_loss	: 0.4649
-------------------------------------
[Epoch : 63/100]
Src_cls_loss	: 0.4644
-------------------------------------
[Epoch : 64/100]
Src_cls_loss	: 0.4641
-------------------------------------
[Epoch : 65/100]
Src_cls_loss	: 0.4637
-------------------------------------
[Epoch : 66/100]
Src_cls_loss	: 0.4632
-------------------------------------
[Epoch : 67/100]
Src_cls_loss	: 0.4627
-------------------------------------
[Epoch : 68/100]
Src_cls_loss	: 0.4622
-------------------------------------
[Epoch : 69/100]
Src_cls_loss	: 0.4619
-------------------------------------
[Epoch : 70/100]
Src_cls_loss	: 0.4614
-------------------------------------
[Epoch : 71/100]
Src_cls_loss	: 0.4611
-------------------------------------
[Epoch : 72/100]
Src_cls_loss	: 0.4608
-------------------------------------
[Epoch : 73/100]
Src_cls_loss	: 0.4605
-------------------------------------
[Epoch : 74/100]
Src_cls_loss	: 0.4602
-------------------------------------
[Epoch : 75/100]
Src_cls_loss	: 0.4598
-------------------------------------
[Epoch : 76/100]
Src_cls_loss	: 0.4594
-------------------------------------
[Epoch : 77/100]
Src_cls_loss	: 0.4590
-------------------------------------
[Epoch : 78/100]
Src_cls_loss	: 0.4586
-------------------------------------
[Epoch : 79/100]
Src_cls_loss	: 0.4582
-------------------------------------
[Epoch : 80/100]
Src_cls_loss	: 0.4579
-------------------------------------
[Epoch : 81/100]
Src_cls_loss	: 0.4576
-------------------------------------
[Epoch : 82/100]
Src_cls_loss	: 0.4572
-------------------------------------
[Epoch : 83/100]
Src_cls_loss	: 0.4569
-------------------------------------
[Epoch : 84/100]
Src_cls_loss	: 0.4566
-------------------------------------
[Epoch : 85/100]
Src_cls_loss	: 0.4563
-------------------------------------
[Epoch : 86/100]
Src_cls_loss	: 0.4560
-------------------------------------
[Epoch : 87/100]
Src_cls_loss	: 0.4557
-------------------------------------
[Epoch : 88/100]
Src_cls_loss	: 0.4554
-------------------------------------
[Epoch : 89/100]
Src_cls_loss	: 0.4551
-------------------------------------
[Epoch : 90/100]
Src_cls_loss	: 0.4548
-------------------------------------
[Epoch : 91/100]
Src_cls_loss	: 0.4545
-------------------------------------
[Epoch : 92/100]
Src_cls_loss	: 0.4543
-------------------------------------
[Epoch : 93/100]
Src_cls_loss	: 0.4540
-------------------------------------
[Epoch : 94/100]
Src_cls_loss	: 0.4538
-------------------------------------
[Epoch : 95/100]
Src_cls_loss	: 0.4536
-------------------------------------
[Epoch : 96/100]
Src_cls_loss	: 0.4535
-------------------------------------
[Epoch : 97/100]
Src_cls_loss	: 0.4533
-------------------------------------
[Epoch : 98/100]
Src_cls_loss	: 0.4531
-------------------------------------
[Epoch : 99/100]
Src_cls_loss	: 0.4529
-------------------------------------
[Epoch : 100/100]
Src_cls_loss	: 0.4527
-------------------------------------
