Pretraining stage..........
=============================================
[Epoch : 1/40]
Src_cls_loss	: 1.3961
-------------------------------------
[Epoch : 2/40]
Src_cls_loss	: 1.2415
-------------------------------------
[Epoch : 3/40]
Src_cls_loss	: 1.1404
-------------------------------------
[Epoch : 4/40]
Src_cls_loss	: 1.0696
-------------------------------------
[Epoch : 5/40]
Src_cls_loss	: 1.0220
-------------------------------------
[Epoch : 6/40]
Src_cls_loss	: 0.9823
-------------------------------------
[Epoch : 7/40]
Src_cls_loss	: 0.9505
-------------------------------------
[Epoch : 8/40]
Src_cls_loss	: 0.9245
-------------------------------------
[Epoch : 9/40]
Src_cls_loss	: 0.9027
-------------------------------------
[Epoch : 10/40]
Src_cls_loss	: 0.8830
-------------------------------------
[Epoch : 11/40]
Src_cls_loss	: 0.8678
-------------------------------------
[Epoch : 12/40]
Src_cls_loss	: 0.8538
-------------------------------------
[Epoch : 13/40]
Src_cls_loss	: 0.8397
-------------------------------------
[Epoch : 14/40]
Src_cls_loss	: 0.8274
-------------------------------------
[Epoch : 15/40]
Src_cls_loss	: 0.8166
-------------------------------------
[Epoch : 16/40]
Src_cls_loss	: 0.8059
-------------------------------------
[Epoch : 17/40]
Src_cls_loss	: 0.7951
-------------------------------------
[Epoch : 18/40]
Src_cls_loss	: 0.7858
-------------------------------------
[Epoch : 19/40]
Src_cls_loss	: 0.7759
-------------------------------------
[Epoch : 20/40]
Src_cls_loss	: 0.7667
-------------------------------------
[Epoch : 21/40]
Src_cls_loss	: 0.7585
-------------------------------------
[Epoch : 22/40]
Src_cls_loss	: 0.7503
-------------------------------------
[Epoch : 23/40]
Src_cls_loss	: 0.7425
-------------------------------------
[Epoch : 24/40]
Src_cls_loss	: 0.7360
-------------------------------------
[Epoch : 25/40]
Src_cls_loss	: 0.7286
-------------------------------------
[Epoch : 26/40]
Src_cls_loss	: 0.7218
-------------------------------------
[Epoch : 27/40]
Src_cls_loss	: 0.7154
-------------------------------------
[Epoch : 28/40]
Src_cls_loss	: 0.7096
-------------------------------------
[Epoch : 29/40]
Src_cls_loss	: 0.7038
-------------------------------------
[Epoch : 30/40]
Src_cls_loss	: 0.6980
-------------------------------------
[Epoch : 31/40]
Src_cls_loss	: 0.6925
-------------------------------------
[Epoch : 32/40]
Src_cls_loss	: 0.6869
-------------------------------------
[Epoch : 33/40]
Src_cls_loss	: 0.6820
-------------------------------------
[Epoch : 34/40]
Src_cls_loss	: 0.6772
-------------------------------------
[Epoch : 35/40]
Src_cls_loss	: 0.6727
-------------------------------------
[Epoch : 36/40]
Src_cls_loss	: 0.6684
-------------------------------------
[Epoch : 37/40]
Src_cls_loss	: 0.6644
-------------------------------------
[Epoch : 38/40]
Src_cls_loss	: 0.6604
-------------------------------------
[Epoch : 39/40]
Src_cls_loss	: 0.6562
-------------------------------------
[Epoch : 40/40]
Src_cls_loss	: 0.6524
-------------------------------------
