Pretraining stage..........
=============================================
[Epoch : 1/40]
Src_cls_loss	: 0.5327
-------------------------------------
[Epoch : 2/40]
Src_cls_loss	: 0.4640
-------------------------------------
[Epoch : 3/40]
Src_cls_loss	: 0.4362
-------------------------------------
[Epoch : 4/40]
Src_cls_loss	: 0.4185
-------------------------------------
[Epoch : 5/40]
Src_cls_loss	: 0.4100
-------------------------------------
[Epoch : 6/40]
Src_cls_loss	: 0.3993
-------------------------------------
[Epoch : 7/40]
Src_cls_loss	: 0.3922
-------------------------------------
[Epoch : 8/40]
Src_cls_loss	: 0.3865
-------------------------------------
[Epoch : 9/40]
Src_cls_loss	: 0.3835
-------------------------------------
[Epoch : 10/40]
Src_cls_loss	: 0.3784
-------------------------------------
[Epoch : 11/40]
Src_cls_loss	: 0.3738
-------------------------------------
[Epoch : 12/40]
Src_cls_loss	: 0.3703
-------------------------------------
[Epoch : 13/40]
Src_cls_loss	: 0.3678
-------------------------------------
[Epoch : 14/40]
Src_cls_loss	: 0.3647
-------------------------------------
[Epoch : 15/40]
Src_cls_loss	: 0.3626
-------------------------------------
[Epoch : 16/40]
Src_cls_loss	: 0.3604
-------------------------------------
[Epoch : 17/40]
Src_cls_loss	: 0.3585
-------------------------------------
[Epoch : 18/40]
Src_cls_loss	: 0.3566
-------------------------------------
[Epoch : 19/40]
Src_cls_loss	: 0.3545
-------------------------------------
[Epoch : 20/40]
Src_cls_loss	: 0.3534
-------------------------------------
[Epoch : 21/40]
Src_cls_loss	: 0.3525
-------------------------------------
[Epoch : 22/40]
Src_cls_loss	: 0.3512
-------------------------------------
[Epoch : 23/40]
Src_cls_loss	: 0.3498
-------------------------------------
[Epoch : 24/40]
Src_cls_loss	: 0.3486
-------------------------------------
[Epoch : 25/40]
Src_cls_loss	: 0.3478
-------------------------------------
[Epoch : 26/40]
Src_cls_loss	: 0.3468
-------------------------------------
[Epoch : 27/40]
Src_cls_loss	: 0.3458
-------------------------------------
[Epoch : 28/40]
Src_cls_loss	: 0.3448
-------------------------------------
[Epoch : 29/40]
Src_cls_loss	: 0.3439
-------------------------------------
[Epoch : 30/40]
Src_cls_loss	: 0.3429
-------------------------------------
[Epoch : 31/40]
Src_cls_loss	: 0.3418
-------------------------------------
[Epoch : 32/40]
Src_cls_loss	: 0.3410
-------------------------------------
[Epoch : 33/40]
Src_cls_loss	: 0.3401
-------------------------------------
[Epoch : 34/40]
Src_cls_loss	: 0.3393
-------------------------------------
[Epoch : 35/40]
Src_cls_loss	: 0.3385
-------------------------------------
[Epoch : 36/40]
Src_cls_loss	: 0.3378
-------------------------------------
[Epoch : 37/40]
Src_cls_loss	: 0.3376
-------------------------------------
[Epoch : 38/40]
Src_cls_loss	: 0.3373
-------------------------------------
[Epoch : 39/40]
Src_cls_loss	: 0.3368
-------------------------------------
[Epoch : 40/40]
Src_cls_loss	: 0.3363
-------------------------------------
