Pretraining stage..........
=============================================
[Epoch : 1/40]
Src_cls_loss	: 1.2944
-------------------------------------
[Epoch : 2/40]
Src_cls_loss	: 1.1253
-------------------------------------
[Epoch : 3/40]
Src_cls_loss	: 1.0075
-------------------------------------
[Epoch : 4/40]
Src_cls_loss	: 0.9367
-------------------------------------
[Epoch : 5/40]
Src_cls_loss	: 0.8902
-------------------------------------
[Epoch : 6/40]
Src_cls_loss	: 0.8543
-------------------------------------
[Epoch : 7/40]
Src_cls_loss	: 0.8236
-------------------------------------
[Epoch : 8/40]
Src_cls_loss	: 0.8004
-------------------------------------
[Epoch : 9/40]
Src_cls_loss	: 0.7827
-------------------------------------
[Epoch : 10/40]
Src_cls_loss	: 0.7683
-------------------------------------
[Epoch : 11/40]
Src_cls_loss	: 0.7531
-------------------------------------
[Epoch : 12/40]
Src_cls_loss	: 0.7415
-------------------------------------
[Epoch : 13/40]
Src_cls_loss	: 0.7305
-------------------------------------
[Epoch : 14/40]
Src_cls_loss	: 0.7195
-------------------------------------
[Epoch : 15/40]
Src_cls_loss	: 0.7100
-------------------------------------
[Epoch : 16/40]
Src_cls_loss	: 0.7018
-------------------------------------
[Epoch : 17/40]
Src_cls_loss	: 0.6942
-------------------------------------
[Epoch : 18/40]
Src_cls_loss	: 0.6865
-------------------------------------
[Epoch : 19/40]
Src_cls_loss	: 0.6795
-------------------------------------
[Epoch : 20/40]
Src_cls_loss	: 0.6730
-------------------------------------
[Epoch : 21/40]
Src_cls_loss	: 0.6672
-------------------------------------
[Epoch : 22/40]
Src_cls_loss	: 0.6618
-------------------------------------
[Epoch : 23/40]
Src_cls_loss	: 0.6562
-------------------------------------
[Epoch : 24/40]
Src_cls_loss	: 0.6512
-------------------------------------
[Epoch : 25/40]
Src_cls_loss	: 0.6465
-------------------------------------
[Epoch : 26/40]
Src_cls_loss	: 0.6416
-------------------------------------
[Epoch : 27/40]
Src_cls_loss	: 0.6376
-------------------------------------
[Epoch : 28/40]
Src_cls_loss	: 0.6334
-------------------------------------
[Epoch : 29/40]
Src_cls_loss	: 0.6293
-------------------------------------
[Epoch : 30/40]
Src_cls_loss	: 0.6256
-------------------------------------
[Epoch : 31/40]
Src_cls_loss	: 0.6219
-------------------------------------
[Epoch : 32/40]
Src_cls_loss	: 0.6187
-------------------------------------
[Epoch : 33/40]
Src_cls_loss	: 0.6156
-------------------------------------
[Epoch : 34/40]
Src_cls_loss	: 0.6121
-------------------------------------
[Epoch : 35/40]
Src_cls_loss	: 0.6090
-------------------------------------
[Epoch : 36/40]
Src_cls_loss	: 0.6062
-------------------------------------
[Epoch : 37/40]
Src_cls_loss	: 0.6035
-------------------------------------
[Epoch : 38/40]
Src_cls_loss	: 0.6008
-------------------------------------
[Epoch : 39/40]
Src_cls_loss	: 0.5981
-------------------------------------
[Epoch : 40/40]
Src_cls_loss	: 0.5953
-------------------------------------
