Pretraining stage..........
=============================================
[Epoch : 1/40]
Src_cls_loss	: 0.5869
-------------------------------------
[Epoch : 2/40]
Src_cls_loss	: 0.5025
-------------------------------------
[Epoch : 3/40]
Src_cls_loss	: 0.4630
-------------------------------------
[Epoch : 4/40]
Src_cls_loss	: 0.4396
-------------------------------------
[Epoch : 5/40]
Src_cls_loss	: 0.4249
-------------------------------------
[Epoch : 6/40]
Src_cls_loss	: 0.4127
-------------------------------------
[Epoch : 7/40]
Src_cls_loss	: 0.4017
-------------------------------------
[Epoch : 8/40]
Src_cls_loss	: 0.3944
-------------------------------------
[Epoch : 9/40]
Src_cls_loss	: 0.3885
-------------------------------------
[Epoch : 10/40]
Src_cls_loss	: 0.3834
-------------------------------------
[Epoch : 11/40]
Src_cls_loss	: 0.3799
-------------------------------------
[Epoch : 12/40]
Src_cls_loss	: 0.3764
-------------------------------------
[Epoch : 13/40]
Src_cls_loss	: 0.3723
-------------------------------------
[Epoch : 14/40]
Src_cls_loss	: 0.3693
-------------------------------------
[Epoch : 15/40]
Src_cls_loss	: 0.3670
-------------------------------------
[Epoch : 16/40]
Src_cls_loss	: 0.3647
-------------------------------------
[Epoch : 17/40]
Src_cls_loss	: 0.3628
-------------------------------------
[Epoch : 18/40]
Src_cls_loss	: 0.3610
-------------------------------------
[Epoch : 19/40]
Src_cls_loss	: 0.3592
-------------------------------------
[Epoch : 20/40]
Src_cls_loss	: 0.3574
-------------------------------------
[Epoch : 21/40]
Src_cls_loss	: 0.3554
-------------------------------------
[Epoch : 22/40]
Src_cls_loss	: 0.3541
-------------------------------------
[Epoch : 23/40]
Src_cls_loss	: 0.3532
-------------------------------------
[Epoch : 24/40]
Src_cls_loss	: 0.3519
-------------------------------------
[Epoch : 25/40]
Src_cls_loss	: 0.3511
-------------------------------------
[Epoch : 26/40]
Src_cls_loss	: 0.3505
-------------------------------------
[Epoch : 27/40]
Src_cls_loss	: 0.3493
-------------------------------------
[Epoch : 28/40]
Src_cls_loss	: 0.3485
-------------------------------------
[Epoch : 29/40]
Src_cls_loss	: 0.3478
-------------------------------------
[Epoch : 30/40]
Src_cls_loss	: 0.3468
-------------------------------------
[Epoch : 31/40]
Src_cls_loss	: 0.3459
-------------------------------------
[Epoch : 32/40]
Src_cls_loss	: 0.3452
-------------------------------------
[Epoch : 33/40]
Src_cls_loss	: 0.3445
-------------------------------------
[Epoch : 34/40]
Src_cls_loss	: 0.3440
-------------------------------------
[Epoch : 35/40]
Src_cls_loss	: 0.3433
-------------------------------------
[Epoch : 36/40]
Src_cls_loss	: 0.3429
-------------------------------------
[Epoch : 37/40]
Src_cls_loss	: 0.3422
-------------------------------------
[Epoch : 38/40]
Src_cls_loss	: 0.3414
-------------------------------------
[Epoch : 39/40]
Src_cls_loss	: 0.3407
-------------------------------------
[Epoch : 40/40]
Src_cls_loss	: 0.3401
-------------------------------------
