Pretraining stage..........
=============================================
[Epoch : 1/100]
Src_cls_loss	: 1.2383
-------------------------------------
[Epoch : 2/100]
Src_cls_loss	: 1.0605
-------------------------------------
[Epoch : 3/100]
Src_cls_loss	: 0.9443
-------------------------------------
[Epoch : 4/100]
Src_cls_loss	: 0.8587
-------------------------------------
[Epoch : 5/100]
Src_cls_loss	: 0.8014
-------------------------------------
[Epoch : 6/100]
Src_cls_loss	: 0.7507
-------------------------------------
[Epoch : 7/100]
Src_cls_loss	: 0.7132
-------------------------------------
[Epoch : 8/100]
Src_cls_loss	: 0.6870
-------------------------------------
[Epoch : 9/100]
Src_cls_loss	: 0.6661
-------------------------------------
[Epoch : 10/100]
Src_cls_loss	: 0.6464
-------------------------------------
[Epoch : 11/100]
Src_cls_loss	: 0.6297
-------------------------------------
[Epoch : 12/100]
Src_cls_loss	: 0.6158
-------------------------------------
[Epoch : 13/100]
Src_cls_loss	: 0.6029
-------------------------------------
[Epoch : 14/100]
Src_cls_loss	: 0.5925
-------------------------------------
[Epoch : 15/100]
Src_cls_loss	: 0.5837
-------------------------------------
[Epoch : 16/100]
Src_cls_loss	: 0.5753
-------------------------------------
[Epoch : 17/100]
Src_cls_loss	: 0.5675
-------------------------------------
[Epoch : 18/100]
Src_cls_loss	: 0.5604
-------------------------------------
[Epoch : 19/100]
Src_cls_loss	: 0.5547
-------------------------------------
[Epoch : 20/100]
Src_cls_loss	: 0.5494
-------------------------------------
[Epoch : 21/100]
Src_cls_loss	: 0.5447
-------------------------------------
[Epoch : 22/100]
Src_cls_loss	: 0.5404
-------------------------------------
[Epoch : 23/100]
Src_cls_loss	: 0.5362
-------------------------------------
[Epoch : 24/100]
Src_cls_loss	: 0.5323
-------------------------------------
[Epoch : 25/100]
Src_cls_loss	: 0.5292
-------------------------------------
[Epoch : 26/100]
Src_cls_loss	: 0.5261
-------------------------------------
[Epoch : 27/100]
Src_cls_loss	: 0.5231
-------------------------------------
[Epoch : 28/100]
Src_cls_loss	: 0.5201
-------------------------------------
[Epoch : 29/100]
Src_cls_loss	: 0.5174
-------------------------------------
[Epoch : 30/100]
Src_cls_loss	: 0.5145
-------------------------------------
[Epoch : 31/100]
Src_cls_loss	: 0.5123
-------------------------------------
[Epoch : 32/100]
Src_cls_loss	: 0.5101
-------------------------------------
[Epoch : 33/100]
Src_cls_loss	: 0.5081
-------------------------------------
[Epoch : 34/100]
Src_cls_loss	: 0.5060
-------------------------------------
[Epoch : 35/100]
Src_cls_loss	: 0.5041
-------------------------------------
[Epoch : 36/100]
Src_cls_loss	: 0.5022
-------------------------------------
[Epoch : 37/100]
Src_cls_loss	: 0.5004
-------------------------------------
[Epoch : 38/100]
Src_cls_loss	: 0.4990
-------------------------------------
[Epoch : 39/100]
Src_cls_loss	: 0.4974
-------------------------------------
[Epoch : 40/100]
Src_cls_loss	: 0.4963
-------------------------------------
[Epoch : 41/100]
Src_cls_loss	: 0.4949
-------------------------------------
[Epoch : 42/100]
Src_cls_loss	: 0.4938
-------------------------------------
[Epoch : 43/100]
Src_cls_loss	: 0.4925
-------------------------------------
[Epoch : 44/100]
Src_cls_loss	: 0.4913
-------------------------------------
[Epoch : 45/100]
Src_cls_loss	: 0.4903
-------------------------------------
[Epoch : 46/100]
Src_cls_loss	: 0.4892
-------------------------------------
[Epoch : 47/100]
Src_cls_loss	: 0.4882
-------------------------------------
[Epoch : 48/100]
Src_cls_loss	: 0.4871
-------------------------------------
[Epoch : 49/100]
Src_cls_loss	: 0.4862
-------------------------------------
[Epoch : 50/100]
Src_cls_loss	: 0.4853
-------------------------------------
[Epoch : 51/100]
Src_cls_loss	: 0.4843
-------------------------------------
[Epoch : 52/100]
Src_cls_loss	: 0.4834
-------------------------------------
[Epoch : 53/100]
Src_cls_loss	: 0.4825
-------------------------------------
[Epoch : 54/100]
Src_cls_loss	: 0.4815
-------------------------------------
[Epoch : 55/100]
Src_cls_loss	: 0.4806
-------------------------------------
[Epoch : 56/100]
Src_cls_loss	: 0.4799
-------------------------------------
[Epoch : 57/100]
Src_cls_loss	: 0.4791
-------------------------------------
[Epoch : 58/100]
Src_cls_loss	: 0.4783
-------------------------------------
[Epoch : 59/100]
Src_cls_loss	: 0.4776
-------------------------------------
[Epoch : 60/100]
Src_cls_loss	: 0.4768
-------------------------------------
[Epoch : 61/100]
Src_cls_loss	: 0.4761
-------------------------------------
[Epoch : 62/100]
Src_cls_loss	: 0.4754
-------------------------------------
[Epoch : 63/100]
Src_cls_loss	: 0.4746
-------------------------------------
[Epoch : 64/100]
Src_cls_loss	: 0.4740
-------------------------------------
[Epoch : 65/100]
Src_cls_loss	: 0.4734
-------------------------------------
[Epoch : 66/100]
Src_cls_loss	: 0.4730
-------------------------------------
[Epoch : 67/100]
Src_cls_loss	: 0.4725
-------------------------------------
[Epoch : 68/100]
Src_cls_loss	: 0.4720
-------------------------------------
[Epoch : 69/100]
Src_cls_loss	: 0.4714
-------------------------------------
[Epoch : 70/100]
Src_cls_loss	: 0.4709
-------------------------------------
[Epoch : 71/100]
Src_cls_loss	: 0.4705
-------------------------------------
[Epoch : 72/100]
Src_cls_loss	: 0.4700
-------------------------------------
[Epoch : 73/100]
Src_cls_loss	: 0.4695
-------------------------------------
[Epoch : 74/100]
Src_cls_loss	: 0.4690
-------------------------------------
[Epoch : 75/100]
Src_cls_loss	: 0.4686
-------------------------------------
[Epoch : 76/100]
Src_cls_loss	: 0.4682
-------------------------------------
[Epoch : 77/100]
Src_cls_loss	: 0.4677
-------------------------------------
[Epoch : 78/100]
Src_cls_loss	: 0.4673
-------------------------------------
[Epoch : 79/100]
Src_cls_loss	: 0.4668
-------------------------------------
[Epoch : 80/100]
Src_cls_loss	: 0.4663
-------------------------------------
[Epoch : 81/100]
Src_cls_loss	: 0.4659
-------------------------------------
[Epoch : 82/100]
Src_cls_loss	: 0.4654
-------------------------------------
[Epoch : 83/100]
Src_cls_loss	: 0.4650
-------------------------------------
[Epoch : 84/100]
Src_cls_loss	: 0.4646
-------------------------------------
[Epoch : 85/100]
Src_cls_loss	: 0.4642
-------------------------------------
[Epoch : 86/100]
Src_cls_loss	: 0.4638
-------------------------------------
[Epoch : 87/100]
Src_cls_loss	: 0.4635
-------------------------------------
[Epoch : 88/100]
Src_cls_loss	: 0.4631
-------------------------------------
[Epoch : 89/100]
Src_cls_loss	: 0.4628
-------------------------------------
[Epoch : 90/100]
Src_cls_loss	: 0.4624
-------------------------------------
[Epoch : 91/100]
Src_cls_loss	: 0.4620
-------------------------------------
[Epoch : 92/100]
Src_cls_loss	: 0.4617
-------------------------------------
[Epoch : 93/100]
Src_cls_loss	: 0.4614
-------------------------------------
[Epoch : 94/100]
Src_cls_loss	: 0.4610
-------------------------------------
[Epoch : 95/100]
Src_cls_loss	: 0.4607
-------------------------------------
[Epoch : 96/100]
Src_cls_loss	: 0.4604
-------------------------------------
[Epoch : 97/100]
Src_cls_loss	: 0.4600
-------------------------------------
[Epoch : 98/100]
Src_cls_loss	: 0.4597
-------------------------------------
[Epoch : 99/100]
Src_cls_loss	: 0.4594
-------------------------------------
[Epoch : 100/100]
Src_cls_loss	: 0.4591
-------------------------------------
