Pretraining stage..........
=============================================
[Epoch : 1/40]
Src_cls_loss	: 0.6035
-------------------------------------
[Epoch : 2/40]
Src_cls_loss	: 0.5098
-------------------------------------
[Epoch : 3/40]
Src_cls_loss	: 0.4675
-------------------------------------
[Epoch : 4/40]
Src_cls_loss	: 0.4420
-------------------------------------
[Epoch : 5/40]
Src_cls_loss	: 0.4298
-------------------------------------
[Epoch : 6/40]
Src_cls_loss	: 0.4192
-------------------------------------
[Epoch : 7/40]
Src_cls_loss	: 0.4074
-------------------------------------
[Epoch : 8/40]
Src_cls_loss	: 0.3994
-------------------------------------
[Epoch : 9/40]
Src_cls_loss	: 0.3931
-------------------------------------
[Epoch : 10/40]
Src_cls_loss	: 0.3891
-------------------------------------
[Epoch : 11/40]
Src_cls_loss	: 0.3862
-------------------------------------
[Epoch : 12/40]
Src_cls_loss	: 0.3826
-------------------------------------
[Epoch : 13/40]
Src_cls_loss	: 0.3784
-------------------------------------
[Epoch : 14/40]
Src_cls_loss	: 0.3751
-------------------------------------
[Epoch : 15/40]
Src_cls_loss	: 0.3724
-------------------------------------
[Epoch : 16/40]
Src_cls_loss	: 0.3700
-------------------------------------
[Epoch : 17/40]
Src_cls_loss	: 0.3678
-------------------------------------
[Epoch : 18/40]
Src_cls_loss	: 0.3662
-------------------------------------
[Epoch : 19/40]
Src_cls_loss	: 0.3641
-------------------------------------
[Epoch : 20/40]
Src_cls_loss	: 0.3621
-------------------------------------
[Epoch : 21/40]
Src_cls_loss	: 0.3601
-------------------------------------
[Epoch : 22/40]
Src_cls_loss	: 0.3585
-------------------------------------
[Epoch : 23/40]
Src_cls_loss	: 0.3573
-------------------------------------
[Epoch : 24/40]
Src_cls_loss	: 0.3558
-------------------------------------
[Epoch : 25/40]
Src_cls_loss	: 0.3548
-------------------------------------
[Epoch : 26/40]
Src_cls_loss	: 0.3539
-------------------------------------
[Epoch : 27/40]
Src_cls_loss	: 0.3526
-------------------------------------
[Epoch : 28/40]
Src_cls_loss	: 0.3519
-------------------------------------
[Epoch : 29/40]
Src_cls_loss	: 0.3511
-------------------------------------
[Epoch : 30/40]
Src_cls_loss	: 0.3501
-------------------------------------
[Epoch : 31/40]
Src_cls_loss	: 0.3492
-------------------------------------
[Epoch : 32/40]
Src_cls_loss	: 0.3486
-------------------------------------
[Epoch : 33/40]
Src_cls_loss	: 0.3477
-------------------------------------
[Epoch : 34/40]
Src_cls_loss	: 0.3471
-------------------------------------
[Epoch : 35/40]
Src_cls_loss	: 0.3463
-------------------------------------
[Epoch : 36/40]
Src_cls_loss	: 0.3457
-------------------------------------
[Epoch : 37/40]
Src_cls_loss	: 0.3449
-------------------------------------
[Epoch : 38/40]
Src_cls_loss	: 0.3439
-------------------------------------
[Epoch : 39/40]
Src_cls_loss	: 0.3431
-------------------------------------
[Epoch : 40/40]
Src_cls_loss	: 0.3424
-------------------------------------
