Pretraining stage..........
=============================================
[Epoch : 1/40]
Src_cls_loss	: 1.2638
-------------------------------------
[Epoch : 2/40]
Src_cls_loss	: 1.1195
-------------------------------------
[Epoch : 3/40]
Src_cls_loss	: 1.0318
-------------------------------------
[Epoch : 4/40]
Src_cls_loss	: 0.9817
-------------------------------------
[Epoch : 5/40]
Src_cls_loss	: 0.9434
-------------------------------------
[Epoch : 6/40]
Src_cls_loss	: 0.9109
-------------------------------------
[Epoch : 7/40]
Src_cls_loss	: 0.8882
-------------------------------------
[Epoch : 8/40]
Src_cls_loss	: 0.8726
-------------------------------------
[Epoch : 9/40]
Src_cls_loss	: 0.8599
-------------------------------------
[Epoch : 10/40]
Src_cls_loss	: 0.8503
-------------------------------------
[Epoch : 11/40]
Src_cls_loss	: 0.8402
-------------------------------------
[Epoch : 12/40]
Src_cls_loss	: 0.8311
-------------------------------------
[Epoch : 13/40]
Src_cls_loss	: 0.8256
-------------------------------------
[Epoch : 14/40]
Src_cls_loss	: 0.8176
-------------------------------------
[Epoch : 15/40]
Src_cls_loss	: 0.8117
-------------------------------------
[Epoch : 16/40]
Src_cls_loss	: 0.8051
-------------------------------------
[Epoch : 17/40]
Src_cls_loss	: 0.7983
-------------------------------------
[Epoch : 18/40]
Src_cls_loss	: 0.7911
-------------------------------------
[Epoch : 19/40]
Src_cls_loss	: 0.7847
-------------------------------------
[Epoch : 20/40]
Src_cls_loss	: 0.7787
-------------------------------------
[Epoch : 21/40]
Src_cls_loss	: 0.7735
-------------------------------------
[Epoch : 22/40]
Src_cls_loss	: 0.7691
-------------------------------------
[Epoch : 23/40]
Src_cls_loss	: 0.7641
-------------------------------------
[Epoch : 24/40]
Src_cls_loss	: 0.7590
-------------------------------------
[Epoch : 25/40]
Src_cls_loss	: 0.7555
-------------------------------------
[Epoch : 26/40]
Src_cls_loss	: 0.7526
-------------------------------------
[Epoch : 27/40]
Src_cls_loss	: 0.7492
-------------------------------------
[Epoch : 28/40]
Src_cls_loss	: 0.7450
-------------------------------------
[Epoch : 29/40]
Src_cls_loss	: 0.7416
-------------------------------------
[Epoch : 30/40]
Src_cls_loss	: 0.7385
-------------------------------------
[Epoch : 31/40]
Src_cls_loss	: 0.7349
-------------------------------------
[Epoch : 32/40]
Src_cls_loss	: 0.7317
-------------------------------------
[Epoch : 33/40]
Src_cls_loss	: 0.7286
-------------------------------------
[Epoch : 34/40]
Src_cls_loss	: 0.7253
-------------------------------------
[Epoch : 35/40]
Src_cls_loss	: 0.7227
-------------------------------------
[Epoch : 36/40]
Src_cls_loss	: 0.7202
-------------------------------------
[Epoch : 37/40]
Src_cls_loss	: 0.7190
-------------------------------------
[Epoch : 38/40]
Src_cls_loss	: 0.7164
-------------------------------------
[Epoch : 39/40]
Src_cls_loss	: 0.7150
-------------------------------------
[Epoch : 40/40]
Src_cls_loss	: 0.7127
-------------------------------------
