Pretraining stage..........
=============================================
[Epoch : 1/40]
Src_cls_loss	: 0.6793
-------------------------------------
[Epoch : 2/40]
Src_cls_loss	: 0.5821
-------------------------------------
[Epoch : 3/40]
Src_cls_loss	: 0.5220
-------------------------------------
[Epoch : 4/40]
Src_cls_loss	: 0.4834
-------------------------------------
[Epoch : 5/40]
Src_cls_loss	: 0.4588
-------------------------------------
[Epoch : 6/40]
Src_cls_loss	: 0.4393
-------------------------------------
[Epoch : 7/40]
Src_cls_loss	: 0.4242
-------------------------------------
[Epoch : 8/40]
Src_cls_loss	: 0.4124
-------------------------------------
[Epoch : 9/40]
Src_cls_loss	: 0.4039
-------------------------------------
[Epoch : 10/40]
Src_cls_loss	: 0.3972
-------------------------------------
[Epoch : 11/40]
Src_cls_loss	: 0.3924
-------------------------------------
[Epoch : 12/40]
Src_cls_loss	: 0.3898
-------------------------------------
[Epoch : 13/40]
Src_cls_loss	: 0.3848
-------------------------------------
[Epoch : 14/40]
Src_cls_loss	: 0.3814
-------------------------------------
[Epoch : 15/40]
Src_cls_loss	: 0.3791
-------------------------------------
[Epoch : 16/40]
Src_cls_loss	: 0.3758
-------------------------------------
[Epoch : 17/40]
Src_cls_loss	: 0.3731
-------------------------------------
[Epoch : 18/40]
Src_cls_loss	: 0.3706
-------------------------------------
[Epoch : 19/40]
Src_cls_loss	: 0.3683
-------------------------------------
[Epoch : 20/40]
Src_cls_loss	: 0.3661
-------------------------------------
[Epoch : 21/40]
Src_cls_loss	: 0.3638
-------------------------------------
[Epoch : 22/40]
Src_cls_loss	: 0.3619
-------------------------------------
[Epoch : 23/40]
Src_cls_loss	: 0.3602
-------------------------------------
[Epoch : 24/40]
Src_cls_loss	: 0.3585
-------------------------------------
[Epoch : 25/40]
Src_cls_loss	: 0.3572
-------------------------------------
[Epoch : 26/40]
Src_cls_loss	: 0.3563
-------------------------------------
[Epoch : 27/40]
Src_cls_loss	: 0.3548
-------------------------------------
[Epoch : 28/40]
Src_cls_loss	: 0.3539
-------------------------------------
[Epoch : 29/40]
Src_cls_loss	: 0.3531
-------------------------------------
[Epoch : 30/40]
Src_cls_loss	: 0.3519
-------------------------------------
[Epoch : 31/40]
Src_cls_loss	: 0.3510
-------------------------------------
[Epoch : 32/40]
Src_cls_loss	: 0.3502
-------------------------------------
[Epoch : 33/40]
Src_cls_loss	: 0.3492
-------------------------------------
[Epoch : 34/40]
Src_cls_loss	: 0.3482
-------------------------------------
[Epoch : 35/40]
Src_cls_loss	: 0.3473
-------------------------------------
[Epoch : 36/40]
Src_cls_loss	: 0.3470
-------------------------------------
[Epoch : 37/40]
Src_cls_loss	: 0.3463
-------------------------------------
[Epoch : 38/40]
Src_cls_loss	: 0.3454
-------------------------------------
[Epoch : 39/40]
Src_cls_loss	: 0.3447
-------------------------------------
[Epoch : 40/40]
Src_cls_loss	: 0.3439
-------------------------------------
