Pretraining stage..........
=============================================
[Epoch : 1/40]
Src_cls_loss	: 0.5493
-------------------------------------
[Epoch : 2/40]
Src_cls_loss	: 0.4798
-------------------------------------
[Epoch : 3/40]
Src_cls_loss	: 0.4464
-------------------------------------
[Epoch : 4/40]
Src_cls_loss	: 0.4237
-------------------------------------
[Epoch : 5/40]
Src_cls_loss	: 0.4142
-------------------------------------
[Epoch : 6/40]
Src_cls_loss	: 0.4043
-------------------------------------
[Epoch : 7/40]
Src_cls_loss	: 0.3960
-------------------------------------
[Epoch : 8/40]
Src_cls_loss	: 0.3905
-------------------------------------
[Epoch : 9/40]
Src_cls_loss	: 0.3871
-------------------------------------
[Epoch : 10/40]
Src_cls_loss	: 0.3818
-------------------------------------
[Epoch : 11/40]
Src_cls_loss	: 0.3772
-------------------------------------
[Epoch : 12/40]
Src_cls_loss	: 0.3736
-------------------------------------
[Epoch : 13/40]
Src_cls_loss	: 0.3711
-------------------------------------
[Epoch : 14/40]
Src_cls_loss	: 0.3680
-------------------------------------
[Epoch : 15/40]
Src_cls_loss	: 0.3667
-------------------------------------
[Epoch : 16/40]
Src_cls_loss	: 0.3643
-------------------------------------
[Epoch : 17/40]
Src_cls_loss	: 0.3618
-------------------------------------
[Epoch : 18/40]
Src_cls_loss	: 0.3597
-------------------------------------
[Epoch : 19/40]
Src_cls_loss	: 0.3575
-------------------------------------
[Epoch : 20/40]
Src_cls_loss	: 0.3564
-------------------------------------
[Epoch : 21/40]
Src_cls_loss	: 0.3557
-------------------------------------
[Epoch : 22/40]
Src_cls_loss	: 0.3542
-------------------------------------
[Epoch : 23/40]
Src_cls_loss	: 0.3527
-------------------------------------
[Epoch : 24/40]
Src_cls_loss	: 0.3514
-------------------------------------
[Epoch : 25/40]
Src_cls_loss	: 0.3504
-------------------------------------
[Epoch : 26/40]
Src_cls_loss	: 0.3494
-------------------------------------
[Epoch : 27/40]
Src_cls_loss	: 0.3485
-------------------------------------
[Epoch : 28/40]
Src_cls_loss	: 0.3476
-------------------------------------
[Epoch : 29/40]
Src_cls_loss	: 0.3469
-------------------------------------
[Epoch : 30/40]
Src_cls_loss	: 0.3458
-------------------------------------
[Epoch : 31/40]
Src_cls_loss	: 0.3447
-------------------------------------
[Epoch : 32/40]
Src_cls_loss	: 0.3436
-------------------------------------
[Epoch : 33/40]
Src_cls_loss	: 0.3427
-------------------------------------
[Epoch : 34/40]
Src_cls_loss	: 0.3419
-------------------------------------
[Epoch : 35/40]
Src_cls_loss	: 0.3414
-------------------------------------
[Epoch : 36/40]
Src_cls_loss	: 0.3408
-------------------------------------
[Epoch : 37/40]
Src_cls_loss	: 0.3403
-------------------------------------
[Epoch : 38/40]
Src_cls_loss	: 0.3398
-------------------------------------
[Epoch : 39/40]
Src_cls_loss	: 0.3392
-------------------------------------
[Epoch : 40/40]
Src_cls_loss	: 0.3387
-------------------------------------
