Pretraining stage..........
=============================================
[Epoch : 1/100]
Src_cls_loss	: 1.1860
-------------------------------------
[Epoch : 2/100]
Src_cls_loss	: 1.0232
-------------------------------------
[Epoch : 3/100]
Src_cls_loss	: 0.9123
-------------------------------------
[Epoch : 4/100]
Src_cls_loss	: 0.8271
-------------------------------------
[Epoch : 5/100]
Src_cls_loss	: 0.7758
-------------------------------------
[Epoch : 6/100]
Src_cls_loss	: 0.7308
-------------------------------------
[Epoch : 7/100]
Src_cls_loss	: 0.7278
-------------------------------------
[Epoch : 8/100]
Src_cls_loss	: 0.7055
-------------------------------------
[Epoch : 9/100]
Src_cls_loss	: 0.6845
-------------------------------------
[Epoch : 10/100]
Src_cls_loss	: 0.6748
-------------------------------------
[Epoch : 11/100]
Src_cls_loss	: 0.6603
-------------------------------------
[Epoch : 12/100]
Src_cls_loss	: 0.6497
-------------------------------------
[Epoch : 13/100]
Src_cls_loss	: 0.6458
-------------------------------------
[Epoch : 14/100]
Src_cls_loss	: 0.6351
-------------------------------------
[Epoch : 15/100]
Src_cls_loss	: 0.6241
-------------------------------------
[Epoch : 16/100]
Src_cls_loss	: 0.6159
-------------------------------------
[Epoch : 17/100]
Src_cls_loss	: 0.6115
-------------------------------------
[Epoch : 18/100]
Src_cls_loss	: 0.6038
-------------------------------------
[Epoch : 19/100]
Src_cls_loss	: 0.5997
-------------------------------------
[Epoch : 20/100]
Src_cls_loss	: 0.5973
-------------------------------------
[Epoch : 21/100]
Src_cls_loss	: 0.5920
-------------------------------------
[Epoch : 22/100]
Src_cls_loss	: 0.5887
-------------------------------------
[Epoch : 23/100]
Src_cls_loss	: 0.5855
-------------------------------------
[Epoch : 24/100]
Src_cls_loss	: 0.5898
-------------------------------------
[Epoch : 25/100]
Src_cls_loss	: 0.5860
-------------------------------------
[Epoch : 26/100]
Src_cls_loss	: 0.5819
-------------------------------------
[Epoch : 27/100]
Src_cls_loss	: 0.5786
-------------------------------------
[Epoch : 28/100]
Src_cls_loss	: 0.5760
-------------------------------------
[Epoch : 29/100]
Src_cls_loss	: 0.5731
-------------------------------------
[Epoch : 30/100]
Src_cls_loss	: 0.5704
-------------------------------------
[Epoch : 31/100]
Src_cls_loss	: 0.5674
-------------------------------------
[Epoch : 32/100]
Src_cls_loss	: 0.5638
-------------------------------------
[Epoch : 33/100]
Src_cls_loss	: 0.5610
-------------------------------------
[Epoch : 34/100]
Src_cls_loss	: 0.5585
-------------------------------------
[Epoch : 35/100]
Src_cls_loss	: 0.5569
-------------------------------------
[Epoch : 36/100]
Src_cls_loss	: 0.5570
-------------------------------------
[Epoch : 37/100]
Src_cls_loss	: 0.5548
-------------------------------------
[Epoch : 38/100]
Src_cls_loss	: 0.5528
-------------------------------------
[Epoch : 39/100]
Src_cls_loss	: 0.5509
-------------------------------------
[Epoch : 40/100]
Src_cls_loss	: 0.5485
-------------------------------------
[Epoch : 41/100]
Src_cls_loss	: 0.5489
-------------------------------------
[Epoch : 42/100]
Src_cls_loss	: 0.5477
-------------------------------------
[Epoch : 43/100]
Src_cls_loss	: 0.5471
-------------------------------------
[Epoch : 44/100]
Src_cls_loss	: 0.5461
-------------------------------------
[Epoch : 45/100]
Src_cls_loss	: 0.5448
-------------------------------------
[Epoch : 46/100]
Src_cls_loss	: 0.5445
-------------------------------------
[Epoch : 47/100]
Src_cls_loss	: 0.5431
-------------------------------------
[Epoch : 48/100]
Src_cls_loss	: 0.5420
-------------------------------------
[Epoch : 49/100]
Src_cls_loss	: 0.5402
-------------------------------------
[Epoch : 50/100]
Src_cls_loss	: 0.5397
-------------------------------------
[Epoch : 51/100]
Src_cls_loss	: 0.5391
-------------------------------------
[Epoch : 52/100]
Src_cls_loss	: 0.5378
-------------------------------------
[Epoch : 53/100]
Src_cls_loss	: 0.5363
-------------------------------------
[Epoch : 54/100]
Src_cls_loss	: 0.5348
-------------------------------------
[Epoch : 55/100]
Src_cls_loss	: 0.5333
-------------------------------------
[Epoch : 56/100]
Src_cls_loss	: 0.5320
-------------------------------------
[Epoch : 57/100]
Src_cls_loss	: 0.5311
-------------------------------------
[Epoch : 58/100]
Src_cls_loss	: 0.5316
-------------------------------------
[Epoch : 59/100]
Src_cls_loss	: 0.5302
-------------------------------------
[Epoch : 60/100]
Src_cls_loss	: 0.5295
-------------------------------------
[Epoch : 61/100]
Src_cls_loss	: 0.5281
-------------------------------------
[Epoch : 62/100]
Src_cls_loss	: 0.5269
-------------------------------------
[Epoch : 63/100]
Src_cls_loss	: 0.5257
-------------------------------------
[Epoch : 64/100]
Src_cls_loss	: 0.5246
-------------------------------------
[Epoch : 65/100]
Src_cls_loss	: 0.5234
-------------------------------------
[Epoch : 66/100]
Src_cls_loss	: 0.5227
-------------------------------------
[Epoch : 67/100]
Src_cls_loss	: 0.5217
-------------------------------------
[Epoch : 68/100]
Src_cls_loss	: 0.5214
-------------------------------------
[Epoch : 69/100]
Src_cls_loss	: 0.5205
-------------------------------------
[Epoch : 70/100]
Src_cls_loss	: 0.5215
-------------------------------------
[Epoch : 71/100]
Src_cls_loss	: 0.5206
-------------------------------------
[Epoch : 72/100]
Src_cls_loss	: 0.5196
-------------------------------------
[Epoch : 73/100]
Src_cls_loss	: 0.5188
-------------------------------------
[Epoch : 74/100]
Src_cls_loss	: 0.5192
-------------------------------------
[Epoch : 75/100]
Src_cls_loss	: 0.5183
-------------------------------------
[Epoch : 76/100]
Src_cls_loss	: 0.5175
-------------------------------------
[Epoch : 77/100]
Src_cls_loss	: 0.5165
-------------------------------------
[Epoch : 78/100]
Src_cls_loss	: 0.5159
-------------------------------------
[Epoch : 79/100]
Src_cls_loss	: 0.5163
-------------------------------------
[Epoch : 80/100]
Src_cls_loss	: 0.5163
-------------------------------------
[Epoch : 81/100]
Src_cls_loss	: 0.5160
-------------------------------------
[Epoch : 82/100]
Src_cls_loss	: 0.5159
-------------------------------------
[Epoch : 83/100]
Src_cls_loss	: 0.5151
-------------------------------------
[Epoch : 84/100]
Src_cls_loss	: 0.5151
-------------------------------------
[Epoch : 85/100]
Src_cls_loss	: 0.5143
-------------------------------------
[Epoch : 86/100]
Src_cls_loss	: 0.5140
-------------------------------------
[Epoch : 87/100]
Src_cls_loss	: 0.5134
-------------------------------------
[Epoch : 88/100]
Src_cls_loss	: 0.5128
-------------------------------------
[Epoch : 89/100]
Src_cls_loss	: 0.5121
-------------------------------------
[Epoch : 90/100]
Src_cls_loss	: 0.5141
-------------------------------------
[Epoch : 91/100]
Src_cls_loss	: 0.5137
-------------------------------------
[Epoch : 92/100]
Src_cls_loss	: 0.5135
-------------------------------------
[Epoch : 93/100]
Src_cls_loss	: 0.5129
-------------------------------------
[Epoch : 94/100]
Src_cls_loss	: 0.5124
-------------------------------------
[Epoch : 95/100]
Src_cls_loss	: 0.5117
-------------------------------------
[Epoch : 96/100]
Src_cls_loss	: 0.5113
-------------------------------------
[Epoch : 97/100]
Src_cls_loss	: 0.5109
-------------------------------------
[Epoch : 98/100]
Src_cls_loss	: 0.5108
-------------------------------------
[Epoch : 99/100]
Src_cls_loss	: 0.5105
-------------------------------------
[Epoch : 100/100]
Src_cls_loss	: 0.5111
-------------------------------------
