Pretraining stage..........
=============================================
[Epoch : 1/40]
Src_cls_loss	: 1.2589
-------------------------------------
[Epoch : 2/40]
Src_cls_loss	: 1.0783
-------------------------------------
[Epoch : 3/40]
Src_cls_loss	: 0.9877
-------------------------------------
[Epoch : 4/40]
Src_cls_loss	: 0.9274
-------------------------------------
[Epoch : 5/40]
Src_cls_loss	: 0.8849
-------------------------------------
[Epoch : 6/40]
Src_cls_loss	: 0.8538
-------------------------------------
[Epoch : 7/40]
Src_cls_loss	: 0.8321
-------------------------------------
[Epoch : 8/40]
Src_cls_loss	: 0.8116
-------------------------------------
[Epoch : 9/40]
Src_cls_loss	: 0.7920
-------------------------------------
[Epoch : 10/40]
Src_cls_loss	: 0.7770
-------------------------------------
[Epoch : 11/40]
Src_cls_loss	: 0.7646
-------------------------------------
[Epoch : 12/40]
Src_cls_loss	: 0.7530
-------------------------------------
[Epoch : 13/40]
Src_cls_loss	: 0.7423
-------------------------------------
[Epoch : 14/40]
Src_cls_loss	: 0.7330
-------------------------------------
[Epoch : 15/40]
Src_cls_loss	: 0.7236
-------------------------------------
[Epoch : 16/40]
Src_cls_loss	: 0.7152
-------------------------------------
[Epoch : 17/40]
Src_cls_loss	: 0.7078
-------------------------------------
[Epoch : 18/40]
Src_cls_loss	: 0.7014
-------------------------------------
[Epoch : 19/40]
Src_cls_loss	: 0.6947
-------------------------------------
[Epoch : 20/40]
Src_cls_loss	: 0.6888
-------------------------------------
[Epoch : 21/40]
Src_cls_loss	: 0.6827
-------------------------------------
[Epoch : 22/40]
Src_cls_loss	: 0.6766
-------------------------------------
[Epoch : 23/40]
Src_cls_loss	: 0.6717
-------------------------------------
[Epoch : 24/40]
Src_cls_loss	: 0.6667
-------------------------------------
[Epoch : 25/40]
Src_cls_loss	: 0.6617
-------------------------------------
[Epoch : 26/40]
Src_cls_loss	: 0.6566
-------------------------------------
[Epoch : 27/40]
Src_cls_loss	: 0.6521
-------------------------------------
[Epoch : 28/40]
Src_cls_loss	: 0.6477
-------------------------------------
[Epoch : 29/40]
Src_cls_loss	: 0.6440
-------------------------------------
[Epoch : 30/40]
Src_cls_loss	: 0.6402
-------------------------------------
[Epoch : 31/40]
Src_cls_loss	: 0.6366
-------------------------------------
[Epoch : 32/40]
Src_cls_loss	: 0.6326
-------------------------------------
[Epoch : 33/40]
Src_cls_loss	: 0.6284
-------------------------------------
[Epoch : 34/40]
Src_cls_loss	: 0.6249
-------------------------------------
[Epoch : 35/40]
Src_cls_loss	: 0.6215
-------------------------------------
[Epoch : 36/40]
Src_cls_loss	: 0.6182
-------------------------------------
[Epoch : 37/40]
Src_cls_loss	: 0.6150
-------------------------------------
[Epoch : 38/40]
Src_cls_loss	: 0.6119
-------------------------------------
[Epoch : 39/40]
Src_cls_loss	: 0.6088
-------------------------------------
[Epoch : 40/40]
Src_cls_loss	: 0.6060
-------------------------------------
