Pretraining stage..........
=============================================
[Epoch : 1/40]
Src_cls_loss	: 1.3260
-------------------------------------
[Epoch : 2/40]
Src_cls_loss	: 1.1904
-------------------------------------
[Epoch : 3/40]
Src_cls_loss	: 1.0853
-------------------------------------
[Epoch : 4/40]
Src_cls_loss	: 1.0209
-------------------------------------
[Epoch : 5/40]
Src_cls_loss	: 0.9737
-------------------------------------
[Epoch : 6/40]
Src_cls_loss	: 0.9377
-------------------------------------
[Epoch : 7/40]
Src_cls_loss	: 0.9146
-------------------------------------
[Epoch : 8/40]
Src_cls_loss	: 0.8952
-------------------------------------
[Epoch : 9/40]
Src_cls_loss	: 0.8778
-------------------------------------
[Epoch : 10/40]
Src_cls_loss	: 0.8631
-------------------------------------
[Epoch : 11/40]
Src_cls_loss	: 0.8508
-------------------------------------
[Epoch : 12/40]
Src_cls_loss	: 0.8385
-------------------------------------
[Epoch : 13/40]
Src_cls_loss	: 0.8274
-------------------------------------
[Epoch : 14/40]
Src_cls_loss	: 0.8182
-------------------------------------
[Epoch : 15/40]
Src_cls_loss	: 0.8102
-------------------------------------
[Epoch : 16/40]
Src_cls_loss	: 0.8020
-------------------------------------
[Epoch : 17/40]
Src_cls_loss	: 0.7969
-------------------------------------
[Epoch : 18/40]
Src_cls_loss	: 0.7914
-------------------------------------
[Epoch : 19/40]
Src_cls_loss	: 0.7860
-------------------------------------
[Epoch : 20/40]
Src_cls_loss	: 0.7811
-------------------------------------
[Epoch : 21/40]
Src_cls_loss	: 0.7775
-------------------------------------
[Epoch : 22/40]
Src_cls_loss	: 0.7731
-------------------------------------
[Epoch : 23/40]
Src_cls_loss	: 0.7698
-------------------------------------
[Epoch : 24/40]
Src_cls_loss	: 0.7654
-------------------------------------
[Epoch : 25/40]
Src_cls_loss	: 0.7609
-------------------------------------
[Epoch : 26/40]
Src_cls_loss	: 0.7570
-------------------------------------
[Epoch : 27/40]
Src_cls_loss	: 0.7529
-------------------------------------
[Epoch : 28/40]
Src_cls_loss	: 0.7491
-------------------------------------
[Epoch : 29/40]
Src_cls_loss	: 0.7460
-------------------------------------
[Epoch : 30/40]
Src_cls_loss	: 0.7425
-------------------------------------
[Epoch : 31/40]
Src_cls_loss	: 0.7393
-------------------------------------
[Epoch : 32/40]
Src_cls_loss	: 0.7376
-------------------------------------
[Epoch : 33/40]
Src_cls_loss	: 0.7347
-------------------------------------
[Epoch : 34/40]
Src_cls_loss	: 0.7319
-------------------------------------
[Epoch : 35/40]
Src_cls_loss	: 0.7289
-------------------------------------
[Epoch : 36/40]
Src_cls_loss	: 0.7265
-------------------------------------
[Epoch : 37/40]
Src_cls_loss	: 0.7234
-------------------------------------
[Epoch : 38/40]
Src_cls_loss	: 0.7203
-------------------------------------
[Epoch : 39/40]
Src_cls_loss	: 0.7173
-------------------------------------
[Epoch : 40/40]
Src_cls_loss	: 0.7150
-------------------------------------
