Pretraining stage..........
=============================================
[Epoch : 1/100]
Src_cls_loss	: 1.2402
-------------------------------------
[Epoch : 2/100]
Src_cls_loss	: 1.0543
-------------------------------------
[Epoch : 3/100]
Src_cls_loss	: 0.9262
-------------------------------------
[Epoch : 4/100]
Src_cls_loss	: 0.8316
-------------------------------------
[Epoch : 5/100]
Src_cls_loss	: 0.7648
-------------------------------------
[Epoch : 6/100]
Src_cls_loss	: 0.7159
-------------------------------------
[Epoch : 7/100]
Src_cls_loss	: 0.6820
-------------------------------------
[Epoch : 8/100]
Src_cls_loss	: 0.6536
-------------------------------------
[Epoch : 9/100]
Src_cls_loss	: 0.6313
-------------------------------------
[Epoch : 10/100]
Src_cls_loss	: 0.6136
-------------------------------------
[Epoch : 11/100]
Src_cls_loss	: 0.5985
-------------------------------------
[Epoch : 12/100]
Src_cls_loss	: 0.5858
-------------------------------------
[Epoch : 13/100]
Src_cls_loss	: 0.5746
-------------------------------------
[Epoch : 14/100]
Src_cls_loss	: 0.5653
-------------------------------------
[Epoch : 15/100]
Src_cls_loss	: 0.5580
-------------------------------------
[Epoch : 16/100]
Src_cls_loss	: 0.5509
-------------------------------------
[Epoch : 17/100]
Src_cls_loss	: 0.5457
-------------------------------------
[Epoch : 18/100]
Src_cls_loss	: 0.5404
-------------------------------------
[Epoch : 19/100]
Src_cls_loss	: 0.5351
-------------------------------------
[Epoch : 20/100]
Src_cls_loss	: 0.5311
-------------------------------------
[Epoch : 21/100]
Src_cls_loss	: 0.5274
-------------------------------------
[Epoch : 22/100]
Src_cls_loss	: 0.5238
-------------------------------------
[Epoch : 23/100]
Src_cls_loss	: 0.5201
-------------------------------------
[Epoch : 24/100]
Src_cls_loss	: 0.5170
-------------------------------------
[Epoch : 25/100]
Src_cls_loss	: 0.5139
-------------------------------------
[Epoch : 26/100]
Src_cls_loss	: 0.5109
-------------------------------------
[Epoch : 27/100]
Src_cls_loss	: 0.5082
-------------------------------------
[Epoch : 28/100]
Src_cls_loss	: 0.5063
-------------------------------------
[Epoch : 29/100]
Src_cls_loss	: 0.5040
-------------------------------------
[Epoch : 30/100]
Src_cls_loss	: 0.5017
-------------------------------------
[Epoch : 31/100]
Src_cls_loss	: 0.4997
-------------------------------------
[Epoch : 32/100]
Src_cls_loss	: 0.4976
-------------------------------------
[Epoch : 33/100]
Src_cls_loss	: 0.4958
-------------------------------------
[Epoch : 34/100]
Src_cls_loss	: 0.4941
-------------------------------------
[Epoch : 35/100]
Src_cls_loss	: 0.4923
-------------------------------------
[Epoch : 36/100]
Src_cls_loss	: 0.4908
-------------------------------------
[Epoch : 37/100]
Src_cls_loss	: 0.4893
-------------------------------------
[Epoch : 38/100]
Src_cls_loss	: 0.4879
-------------------------------------
[Epoch : 39/100]
Src_cls_loss	: 0.4865
-------------------------------------
[Epoch : 40/100]
Src_cls_loss	: 0.4852
-------------------------------------
[Epoch : 41/100]
Src_cls_loss	: 0.4841
-------------------------------------
[Epoch : 42/100]
Src_cls_loss	: 0.4830
-------------------------------------
[Epoch : 43/100]
Src_cls_loss	: 0.4820
-------------------------------------
[Epoch : 44/100]
Src_cls_loss	: 0.4808
-------------------------------------
[Epoch : 45/100]
Src_cls_loss	: 0.4797
-------------------------------------
[Epoch : 46/100]
Src_cls_loss	: 0.4788
-------------------------------------
[Epoch : 47/100]
Src_cls_loss	: 0.4779
-------------------------------------
[Epoch : 48/100]
Src_cls_loss	: 0.4770
-------------------------------------
[Epoch : 49/100]
Src_cls_loss	: 0.4761
-------------------------------------
[Epoch : 50/100]
Src_cls_loss	: 0.4753
-------------------------------------
[Epoch : 51/100]
Src_cls_loss	: 0.4750
-------------------------------------
[Epoch : 52/100]
Src_cls_loss	: 0.4745
-------------------------------------
[Epoch : 53/100]
Src_cls_loss	: 0.4737
-------------------------------------
[Epoch : 54/100]
Src_cls_loss	: 0.4731
-------------------------------------
[Epoch : 55/100]
Src_cls_loss	: 0.4724
-------------------------------------
[Epoch : 56/100]
Src_cls_loss	: 0.4716
-------------------------------------
[Epoch : 57/100]
Src_cls_loss	: 0.4709
-------------------------------------
[Epoch : 58/100]
Src_cls_loss	: 0.4703
-------------------------------------
[Epoch : 59/100]
Src_cls_loss	: 0.4696
-------------------------------------
[Epoch : 60/100]
Src_cls_loss	: 0.4691
-------------------------------------
[Epoch : 61/100]
Src_cls_loss	: 0.4685
-------------------------------------
[Epoch : 62/100]
Src_cls_loss	: 0.4679
-------------------------------------
[Epoch : 63/100]
Src_cls_loss	: 0.4674
-------------------------------------
[Epoch : 64/100]
Src_cls_loss	: 0.4669
-------------------------------------
[Epoch : 65/100]
Src_cls_loss	: 0.4664
-------------------------------------
[Epoch : 66/100]
Src_cls_loss	: 0.4659
-------------------------------------
[Epoch : 67/100]
Src_cls_loss	: 0.4656
-------------------------------------
[Epoch : 68/100]
Src_cls_loss	: 0.4651
-------------------------------------
[Epoch : 69/100]
Src_cls_loss	: 0.4647
-------------------------------------
[Epoch : 70/100]
Src_cls_loss	: 0.4642
-------------------------------------
[Epoch : 71/100]
Src_cls_loss	: 0.4638
-------------------------------------
[Epoch : 72/100]
Src_cls_loss	: 0.4633
-------------------------------------
[Epoch : 73/100]
Src_cls_loss	: 0.4629
-------------------------------------
[Epoch : 74/100]
Src_cls_loss	: 0.4624
-------------------------------------
[Epoch : 75/100]
Src_cls_loss	: 0.4620
-------------------------------------
[Epoch : 76/100]
Src_cls_loss	: 0.4616
-------------------------------------
[Epoch : 77/100]
Src_cls_loss	: 0.4612
-------------------------------------
[Epoch : 78/100]
Src_cls_loss	: 0.4608
-------------------------------------
[Epoch : 79/100]
Src_cls_loss	: 0.4604
-------------------------------------
[Epoch : 80/100]
Src_cls_loss	: 0.4600
-------------------------------------
[Epoch : 81/100]
Src_cls_loss	: 0.4596
-------------------------------------
[Epoch : 82/100]
Src_cls_loss	: 0.4593
-------------------------------------
[Epoch : 83/100]
Src_cls_loss	: 0.4589
-------------------------------------
[Epoch : 84/100]
Src_cls_loss	: 0.4586
-------------------------------------
[Epoch : 85/100]
Src_cls_loss	: 0.4583
-------------------------------------
[Epoch : 86/100]
Src_cls_loss	: 0.4579
-------------------------------------
[Epoch : 87/100]
Src_cls_loss	: 0.4576
-------------------------------------
[Epoch : 88/100]
Src_cls_loss	: 0.4573
-------------------------------------
[Epoch : 89/100]
Src_cls_loss	: 0.4570
-------------------------------------
[Epoch : 90/100]
Src_cls_loss	: 0.4567
-------------------------------------
[Epoch : 91/100]
Src_cls_loss	: 0.4564
-------------------------------------
[Epoch : 92/100]
Src_cls_loss	: 0.4561
-------------------------------------
[Epoch : 93/100]
Src_cls_loss	: 0.4558
-------------------------------------
[Epoch : 94/100]
Src_cls_loss	: 0.4555
-------------------------------------
[Epoch : 95/100]
Src_cls_loss	: 0.4553
-------------------------------------
[Epoch : 96/100]
Src_cls_loss	: 0.4550
-------------------------------------
[Epoch : 97/100]
Src_cls_loss	: 0.4547
-------------------------------------
[Epoch : 98/100]
Src_cls_loss	: 0.4544
-------------------------------------
[Epoch : 99/100]
Src_cls_loss	: 0.4541
-------------------------------------
[Epoch : 100/100]
Src_cls_loss	: 0.4539
-------------------------------------
