Pretraining stage..........
=============================================
[Epoch : 1/40]
Src_cls_loss	: 0.6014
-------------------------------------
[Epoch : 2/40]
Src_cls_loss	: 0.5497
-------------------------------------
[Epoch : 3/40]
Src_cls_loss	: 0.5210
-------------------------------------
[Epoch : 4/40]
Src_cls_loss	: 0.4944
-------------------------------------
[Epoch : 5/40]
Src_cls_loss	: 0.4795
-------------------------------------
[Epoch : 6/40]
Src_cls_loss	: 0.4639
-------------------------------------
[Epoch : 7/40]
Src_cls_loss	: 0.4525
-------------------------------------
[Epoch : 8/40]
Src_cls_loss	: 0.4427
-------------------------------------
[Epoch : 9/40]
Src_cls_loss	: 0.4363
-------------------------------------
[Epoch : 10/40]
Src_cls_loss	: 0.4292
-------------------------------------
[Epoch : 11/40]
Src_cls_loss	: 0.4238
-------------------------------------
[Epoch : 12/40]
Src_cls_loss	: 0.4188
-------------------------------------
[Epoch : 13/40]
Src_cls_loss	: 0.4141
-------------------------------------
[Epoch : 14/40]
Src_cls_loss	: 0.4093
-------------------------------------
[Epoch : 15/40]
Src_cls_loss	: 0.4069
-------------------------------------
[Epoch : 16/40]
Src_cls_loss	: 0.4041
-------------------------------------
[Epoch : 17/40]
Src_cls_loss	: 0.4013
-------------------------------------
[Epoch : 18/40]
Src_cls_loss	: 0.4005
-------------------------------------
[Epoch : 19/40]
Src_cls_loss	: 0.3982
-------------------------------------
[Epoch : 20/40]
Src_cls_loss	: 0.3964
-------------------------------------
[Epoch : 21/40]
Src_cls_loss	: 0.3954
-------------------------------------
[Epoch : 22/40]
Src_cls_loss	: 0.3933
-------------------------------------
[Epoch : 23/40]
Src_cls_loss	: 0.3909
-------------------------------------
[Epoch : 24/40]
Src_cls_loss	: 0.3888
-------------------------------------
[Epoch : 25/40]
Src_cls_loss	: 0.3872
-------------------------------------
[Epoch : 26/40]
Src_cls_loss	: 0.3855
-------------------------------------
[Epoch : 27/40]
Src_cls_loss	: 0.3836
-------------------------------------
[Epoch : 28/40]
Src_cls_loss	: 0.3819
-------------------------------------
[Epoch : 29/40]
Src_cls_loss	: 0.3803
-------------------------------------
[Epoch : 30/40]
Src_cls_loss	: 0.3788
-------------------------------------
[Epoch : 31/40]
Src_cls_loss	: 0.3771
-------------------------------------
[Epoch : 32/40]
Src_cls_loss	: 0.3757
-------------------------------------
[Epoch : 33/40]
Src_cls_loss	: 0.3744
-------------------------------------
[Epoch : 34/40]
Src_cls_loss	: 0.3731
-------------------------------------
[Epoch : 35/40]
Src_cls_loss	: 0.3717
-------------------------------------
[Epoch : 36/40]
Src_cls_loss	: 0.3705
-------------------------------------
[Epoch : 37/40]
Src_cls_loss	: 0.3697
-------------------------------------
[Epoch : 38/40]
Src_cls_loss	: 0.3691
-------------------------------------
[Epoch : 39/40]
Src_cls_loss	: 0.3682
-------------------------------------
[Epoch : 40/40]
Src_cls_loss	: 0.3674
-------------------------------------
