Pretraining stage..........
=============================================
[Epoch : 1/100]
Src_cls_loss	: 1.1918
-------------------------------------
[Epoch : 2/100]
Src_cls_loss	: 1.0015
-------------------------------------
[Epoch : 3/100]
Src_cls_loss	: 0.8810
-------------------------------------
[Epoch : 4/100]
Src_cls_loss	: 0.7980
-------------------------------------
[Epoch : 5/100]
Src_cls_loss	: 0.7366
-------------------------------------
[Epoch : 6/100]
Src_cls_loss	: 0.6946
-------------------------------------
[Epoch : 7/100]
Src_cls_loss	: 0.6615
-------------------------------------
[Epoch : 8/100]
Src_cls_loss	: 0.6363
-------------------------------------
[Epoch : 9/100]
Src_cls_loss	: 0.6164
-------------------------------------
[Epoch : 10/100]
Src_cls_loss	: 0.5992
-------------------------------------
[Epoch : 11/100]
Src_cls_loss	: 0.5853
-------------------------------------
[Epoch : 12/100]
Src_cls_loss	: 0.5745
-------------------------------------
[Epoch : 13/100]
Src_cls_loss	: 0.5656
-------------------------------------
[Epoch : 14/100]
Src_cls_loss	: 0.5571
-------------------------------------
[Epoch : 15/100]
Src_cls_loss	: 0.5499
-------------------------------------
[Epoch : 16/100]
Src_cls_loss	: 0.5430
-------------------------------------
[Epoch : 17/100]
Src_cls_loss	: 0.5369
-------------------------------------
[Epoch : 18/100]
Src_cls_loss	: 0.5316
-------------------------------------
[Epoch : 19/100]
Src_cls_loss	: 0.5271
-------------------------------------
[Epoch : 20/100]
Src_cls_loss	: 0.5227
-------------------------------------
[Epoch : 21/100]
Src_cls_loss	: 0.5194
-------------------------------------
[Epoch : 22/100]
Src_cls_loss	: 0.5158
-------------------------------------
[Epoch : 23/100]
Src_cls_loss	: 0.5130
-------------------------------------
[Epoch : 24/100]
Src_cls_loss	: 0.5102
-------------------------------------
[Epoch : 25/100]
Src_cls_loss	: 0.5073
-------------------------------------
[Epoch : 26/100]
Src_cls_loss	: 0.5047
-------------------------------------
[Epoch : 27/100]
Src_cls_loss	: 0.5021
-------------------------------------
[Epoch : 28/100]
Src_cls_loss	: 0.4999
-------------------------------------
[Epoch : 29/100]
Src_cls_loss	: 0.4976
-------------------------------------
[Epoch : 30/100]
Src_cls_loss	: 0.4956
-------------------------------------
[Epoch : 31/100]
Src_cls_loss	: 0.4936
-------------------------------------
[Epoch : 32/100]
Src_cls_loss	: 0.4917
-------------------------------------
[Epoch : 33/100]
Src_cls_loss	: 0.4906
-------------------------------------
[Epoch : 34/100]
Src_cls_loss	: 0.4892
-------------------------------------
[Epoch : 35/100]
Src_cls_loss	: 0.4877
-------------------------------------
[Epoch : 36/100]
Src_cls_loss	: 0.4862
-------------------------------------
[Epoch : 37/100]
Src_cls_loss	: 0.4849
-------------------------------------
[Epoch : 38/100]
Src_cls_loss	: 0.4838
-------------------------------------
[Epoch : 39/100]
Src_cls_loss	: 0.4826
-------------------------------------
[Epoch : 40/100]
Src_cls_loss	: 0.4815
-------------------------------------
[Epoch : 41/100]
Src_cls_loss	: 0.4807
-------------------------------------
[Epoch : 42/100]
Src_cls_loss	: 0.4798
-------------------------------------
[Epoch : 43/100]
Src_cls_loss	: 0.4789
-------------------------------------
[Epoch : 44/100]
Src_cls_loss	: 0.4779
-------------------------------------
[Epoch : 45/100]
Src_cls_loss	: 0.4769
-------------------------------------
[Epoch : 46/100]
Src_cls_loss	: 0.4759
-------------------------------------
[Epoch : 47/100]
Src_cls_loss	: 0.4751
-------------------------------------
[Epoch : 48/100]
Src_cls_loss	: 0.4743
-------------------------------------
[Epoch : 49/100]
Src_cls_loss	: 0.4734
-------------------------------------
[Epoch : 50/100]
Src_cls_loss	: 0.4728
-------------------------------------
[Epoch : 51/100]
Src_cls_loss	: 0.4720
-------------------------------------
[Epoch : 52/100]
Src_cls_loss	: 0.4713
-------------------------------------
[Epoch : 53/100]
Src_cls_loss	: 0.4707
-------------------------------------
[Epoch : 54/100]
Src_cls_loss	: 0.4700
-------------------------------------
[Epoch : 55/100]
Src_cls_loss	: 0.4693
-------------------------------------
[Epoch : 56/100]
Src_cls_loss	: 0.4686
-------------------------------------
[Epoch : 57/100]
Src_cls_loss	: 0.4680
-------------------------------------
[Epoch : 58/100]
Src_cls_loss	: 0.4673
-------------------------------------
[Epoch : 59/100]
Src_cls_loss	: 0.4668
-------------------------------------
[Epoch : 60/100]
Src_cls_loss	: 0.4662
-------------------------------------
[Epoch : 61/100]
Src_cls_loss	: 0.4656
-------------------------------------
[Epoch : 62/100]
Src_cls_loss	: 0.4650
-------------------------------------
[Epoch : 63/100]
Src_cls_loss	: 0.4645
-------------------------------------
[Epoch : 64/100]
Src_cls_loss	: 0.4640
-------------------------------------
[Epoch : 65/100]
Src_cls_loss	: 0.4634
-------------------------------------
[Epoch : 66/100]
Src_cls_loss	: 0.4629
-------------------------------------
[Epoch : 67/100]
Src_cls_loss	: 0.4624
-------------------------------------
[Epoch : 68/100]
Src_cls_loss	: 0.4620
-------------------------------------
[Epoch : 69/100]
Src_cls_loss	: 0.4615
-------------------------------------
[Epoch : 70/100]
Src_cls_loss	: 0.4610
-------------------------------------
[Epoch : 71/100]
Src_cls_loss	: 0.4606
-------------------------------------
[Epoch : 72/100]
Src_cls_loss	: 0.4602
-------------------------------------
[Epoch : 73/100]
Src_cls_loss	: 0.4597
-------------------------------------
[Epoch : 74/100]
Src_cls_loss	: 0.4593
-------------------------------------
[Epoch : 75/100]
Src_cls_loss	: 0.4589
-------------------------------------
[Epoch : 76/100]
Src_cls_loss	: 0.4586
-------------------------------------
[Epoch : 77/100]
Src_cls_loss	: 0.4581
-------------------------------------
[Epoch : 78/100]
Src_cls_loss	: 0.4578
-------------------------------------
[Epoch : 79/100]
Src_cls_loss	: 0.4576
-------------------------------------
[Epoch : 80/100]
Src_cls_loss	: 0.4573
-------------------------------------
[Epoch : 81/100]
Src_cls_loss	: 0.4571
-------------------------------------
[Epoch : 82/100]
Src_cls_loss	: 0.4567
-------------------------------------
[Epoch : 83/100]
Src_cls_loss	: 0.4564
-------------------------------------
[Epoch : 84/100]
Src_cls_loss	: 0.4561
-------------------------------------
[Epoch : 85/100]
Src_cls_loss	: 0.4558
-------------------------------------
[Epoch : 86/100]
Src_cls_loss	: 0.4555
-------------------------------------
[Epoch : 87/100]
Src_cls_loss	: 0.4552
-------------------------------------
[Epoch : 88/100]
Src_cls_loss	: 0.4549
-------------------------------------
[Epoch : 89/100]
Src_cls_loss	: 0.4546
-------------------------------------
[Epoch : 90/100]
Src_cls_loss	: 0.4543
-------------------------------------
[Epoch : 91/100]
Src_cls_loss	: 0.4540
-------------------------------------
[Epoch : 92/100]
Src_cls_loss	: 0.4537
-------------------------------------
[Epoch : 93/100]
Src_cls_loss	: 0.4535
-------------------------------------
[Epoch : 94/100]
Src_cls_loss	: 0.4532
-------------------------------------
[Epoch : 95/100]
Src_cls_loss	: 0.4529
-------------------------------------
[Epoch : 96/100]
Src_cls_loss	: 0.4527
-------------------------------------
[Epoch : 97/100]
Src_cls_loss	: 0.4525
-------------------------------------
[Epoch : 98/100]
Src_cls_loss	: 0.4522
-------------------------------------
[Epoch : 99/100]
Src_cls_loss	: 0.4520
-------------------------------------
[Epoch : 100/100]
Src_cls_loss	: 0.4518
-------------------------------------
