Pretraining stage..........
=============================================
[Epoch : 1/100]
Src_cls_loss	: 1.2242
-------------------------------------
[Epoch : 2/100]
Src_cls_loss	: 1.0414
-------------------------------------
[Epoch : 3/100]
Src_cls_loss	: 0.9244
-------------------------------------
[Epoch : 4/100]
Src_cls_loss	: 0.8368
-------------------------------------
[Epoch : 5/100]
Src_cls_loss	: 0.7718
-------------------------------------
[Epoch : 6/100]
Src_cls_loss	: 0.7280
-------------------------------------
[Epoch : 7/100]
Src_cls_loss	: 0.6931
-------------------------------------
[Epoch : 8/100]
Src_cls_loss	: 0.6656
-------------------------------------
[Epoch : 9/100]
Src_cls_loss	: 0.6426
-------------------------------------
[Epoch : 10/100]
Src_cls_loss	: 0.6247
-------------------------------------
[Epoch : 11/100]
Src_cls_loss	: 0.6099
-------------------------------------
[Epoch : 12/100]
Src_cls_loss	: 0.5980
-------------------------------------
[Epoch : 13/100]
Src_cls_loss	: 0.5868
-------------------------------------
[Epoch : 14/100]
Src_cls_loss	: 0.5771
-------------------------------------
[Epoch : 15/100]
Src_cls_loss	: 0.5694
-------------------------------------
[Epoch : 16/100]
Src_cls_loss	: 0.5623
-------------------------------------
[Epoch : 17/100]
Src_cls_loss	: 0.5558
-------------------------------------
[Epoch : 18/100]
Src_cls_loss	: 0.5499
-------------------------------------
[Epoch : 19/100]
Src_cls_loss	: 0.5444
-------------------------------------
[Epoch : 20/100]
Src_cls_loss	: 0.5392
-------------------------------------
[Epoch : 21/100]
Src_cls_loss	: 0.5348
-------------------------------------
[Epoch : 22/100]
Src_cls_loss	: 0.5305
-------------------------------------
[Epoch : 23/100]
Src_cls_loss	: 0.5272
-------------------------------------
[Epoch : 24/100]
Src_cls_loss	: 0.5236
-------------------------------------
[Epoch : 25/100]
Src_cls_loss	: 0.5204
-------------------------------------
[Epoch : 26/100]
Src_cls_loss	: 0.5173
-------------------------------------
[Epoch : 27/100]
Src_cls_loss	: 0.5145
-------------------------------------
[Epoch : 28/100]
Src_cls_loss	: 0.5121
-------------------------------------
[Epoch : 29/100]
Src_cls_loss	: 0.5094
-------------------------------------
[Epoch : 30/100]
Src_cls_loss	: 0.5070
-------------------------------------
[Epoch : 31/100]
Src_cls_loss	: 0.5047
-------------------------------------
[Epoch : 32/100]
Src_cls_loss	: 0.5027
-------------------------------------
[Epoch : 33/100]
Src_cls_loss	: 0.5007
-------------------------------------
[Epoch : 34/100]
Src_cls_loss	: 0.4989
-------------------------------------
[Epoch : 35/100]
Src_cls_loss	: 0.4974
-------------------------------------
[Epoch : 36/100]
Src_cls_loss	: 0.4957
-------------------------------------
[Epoch : 37/100]
Src_cls_loss	: 0.4940
-------------------------------------
[Epoch : 38/100]
Src_cls_loss	: 0.4925
-------------------------------------
[Epoch : 39/100]
Src_cls_loss	: 0.4910
-------------------------------------
[Epoch : 40/100]
Src_cls_loss	: 0.4897
-------------------------------------
[Epoch : 41/100]
Src_cls_loss	: 0.4884
-------------------------------------
[Epoch : 42/100]
Src_cls_loss	: 0.4872
-------------------------------------
[Epoch : 43/100]
Src_cls_loss	: 0.4860
-------------------------------------
[Epoch : 44/100]
Src_cls_loss	: 0.4848
-------------------------------------
[Epoch : 45/100]
Src_cls_loss	: 0.4836
-------------------------------------
[Epoch : 46/100]
Src_cls_loss	: 0.4826
-------------------------------------
[Epoch : 47/100]
Src_cls_loss	: 0.4816
-------------------------------------
[Epoch : 48/100]
Src_cls_loss	: 0.4807
-------------------------------------
[Epoch : 49/100]
Src_cls_loss	: 0.4801
-------------------------------------
[Epoch : 50/100]
Src_cls_loss	: 0.4794
-------------------------------------
[Epoch : 51/100]
Src_cls_loss	: 0.4785
-------------------------------------
[Epoch : 52/100]
Src_cls_loss	: 0.4777
-------------------------------------
[Epoch : 53/100]
Src_cls_loss	: 0.4773
-------------------------------------
[Epoch : 54/100]
Src_cls_loss	: 0.4767
-------------------------------------
[Epoch : 55/100]
Src_cls_loss	: 0.4763
-------------------------------------
[Epoch : 56/100]
Src_cls_loss	: 0.4759
-------------------------------------
[Epoch : 57/100]
Src_cls_loss	: 0.4752
-------------------------------------
[Epoch : 58/100]
Src_cls_loss	: 0.4745
-------------------------------------
[Epoch : 59/100]
Src_cls_loss	: 0.4739
-------------------------------------
[Epoch : 60/100]
Src_cls_loss	: 0.4732
-------------------------------------
[Epoch : 61/100]
Src_cls_loss	: 0.4725
-------------------------------------
[Epoch : 62/100]
Src_cls_loss	: 0.4718
-------------------------------------
[Epoch : 63/100]
Src_cls_loss	: 0.4712
-------------------------------------
[Epoch : 64/100]
Src_cls_loss	: 0.4706
-------------------------------------
[Epoch : 65/100]
Src_cls_loss	: 0.4700
-------------------------------------
[Epoch : 66/100]
Src_cls_loss	: 0.4694
-------------------------------------
[Epoch : 67/100]
Src_cls_loss	: 0.4688
-------------------------------------
[Epoch : 68/100]
Src_cls_loss	: 0.4683
-------------------------------------
[Epoch : 69/100]
Src_cls_loss	: 0.4677
-------------------------------------
[Epoch : 70/100]
Src_cls_loss	: 0.4672
-------------------------------------
[Epoch : 71/100]
Src_cls_loss	: 0.4667
-------------------------------------
[Epoch : 72/100]
Src_cls_loss	: 0.4661
-------------------------------------
[Epoch : 73/100]
Src_cls_loss	: 0.4656
-------------------------------------
[Epoch : 74/100]
Src_cls_loss	: 0.4652
-------------------------------------
[Epoch : 75/100]
Src_cls_loss	: 0.4647
-------------------------------------
[Epoch : 76/100]
Src_cls_loss	: 0.4643
-------------------------------------
[Epoch : 77/100]
Src_cls_loss	: 0.4638
-------------------------------------
[Epoch : 78/100]
Src_cls_loss	: 0.4634
-------------------------------------
[Epoch : 79/100]
Src_cls_loss	: 0.4629
-------------------------------------
[Epoch : 80/100]
Src_cls_loss	: 0.4625
-------------------------------------
[Epoch : 81/100]
Src_cls_loss	: 0.4622
-------------------------------------
[Epoch : 82/100]
Src_cls_loss	: 0.4618
-------------------------------------
[Epoch : 83/100]
Src_cls_loss	: 0.4615
-------------------------------------
[Epoch : 84/100]
Src_cls_loss	: 0.4611
-------------------------------------
[Epoch : 85/100]
Src_cls_loss	: 0.4608
-------------------------------------
[Epoch : 86/100]
Src_cls_loss	: 0.4605
-------------------------------------
[Epoch : 87/100]
Src_cls_loss	: 0.4602
-------------------------------------
[Epoch : 88/100]
Src_cls_loss	: 0.4599
-------------------------------------
[Epoch : 89/100]
Src_cls_loss	: 0.4595
-------------------------------------
[Epoch : 90/100]
Src_cls_loss	: 0.4592
-------------------------------------
[Epoch : 91/100]
Src_cls_loss	: 0.4589
-------------------------------------
[Epoch : 92/100]
Src_cls_loss	: 0.4586
-------------------------------------
[Epoch : 93/100]
Src_cls_loss	: 0.4583
-------------------------------------
[Epoch : 94/100]
Src_cls_loss	: 0.4579
-------------------------------------
[Epoch : 95/100]
Src_cls_loss	: 0.4576
-------------------------------------
[Epoch : 96/100]
Src_cls_loss	: 0.4573
-------------------------------------
[Epoch : 97/100]
Src_cls_loss	: 0.4570
-------------------------------------
[Epoch : 98/100]
Src_cls_loss	: 0.4568
-------------------------------------
[Epoch : 99/100]
Src_cls_loss	: 0.4565
-------------------------------------
[Epoch : 100/100]
Src_cls_loss	: 0.4562
-------------------------------------
