Pretraining stage..........
=============================================
[Epoch : 1/40]
Src_cls_loss	: 1.3067
-------------------------------------
[Epoch : 2/40]
Src_cls_loss	: 1.1834
-------------------------------------
[Epoch : 3/40]
Src_cls_loss	: 1.0899
-------------------------------------
[Epoch : 4/40]
Src_cls_loss	: 1.0306
-------------------------------------
[Epoch : 5/40]
Src_cls_loss	: 0.9842
-------------------------------------
[Epoch : 6/40]
Src_cls_loss	: 0.9473
-------------------------------------
[Epoch : 7/40]
Src_cls_loss	: 0.9216
-------------------------------------
[Epoch : 8/40]
Src_cls_loss	: 0.8979
-------------------------------------
[Epoch : 9/40]
Src_cls_loss	: 0.8795
-------------------------------------
[Epoch : 10/40]
Src_cls_loss	: 0.8680
-------------------------------------
[Epoch : 11/40]
Src_cls_loss	: 0.8538
-------------------------------------
[Epoch : 12/40]
Src_cls_loss	: 0.8410
-------------------------------------
[Epoch : 13/40]
Src_cls_loss	: 0.8301
-------------------------------------
[Epoch : 14/40]
Src_cls_loss	: 0.8192
-------------------------------------
[Epoch : 15/40]
Src_cls_loss	: 0.8105
-------------------------------------
[Epoch : 16/40]
Src_cls_loss	: 0.8014
-------------------------------------
[Epoch : 17/40]
Src_cls_loss	: 0.7941
-------------------------------------
[Epoch : 18/40]
Src_cls_loss	: 0.7875
-------------------------------------
[Epoch : 19/40]
Src_cls_loss	: 0.7816
-------------------------------------
[Epoch : 20/40]
Src_cls_loss	: 0.7761
-------------------------------------
[Epoch : 21/40]
Src_cls_loss	: 0.7712
-------------------------------------
[Epoch : 22/40]
Src_cls_loss	: 0.7657
-------------------------------------
[Epoch : 23/40]
Src_cls_loss	: 0.7601
-------------------------------------
[Epoch : 24/40]
Src_cls_loss	: 0.7541
-------------------------------------
[Epoch : 25/40]
Src_cls_loss	: 0.7491
-------------------------------------
[Epoch : 26/40]
Src_cls_loss	: 0.7444
-------------------------------------
[Epoch : 27/40]
Src_cls_loss	: 0.7415
-------------------------------------
[Epoch : 28/40]
Src_cls_loss	: 0.7374
-------------------------------------
[Epoch : 29/40]
Src_cls_loss	: 0.7333
-------------------------------------
[Epoch : 30/40]
Src_cls_loss	: 0.7295
-------------------------------------
[Epoch : 31/40]
Src_cls_loss	: 0.7269
-------------------------------------
[Epoch : 32/40]
Src_cls_loss	: 0.7236
-------------------------------------
[Epoch : 33/40]
Src_cls_loss	: 0.7212
-------------------------------------
[Epoch : 34/40]
Src_cls_loss	: 0.7181
-------------------------------------
[Epoch : 35/40]
Src_cls_loss	: 0.7144
-------------------------------------
[Epoch : 36/40]
Src_cls_loss	: 0.7107
-------------------------------------
[Epoch : 37/40]
Src_cls_loss	: 0.7077
-------------------------------------
[Epoch : 38/40]
Src_cls_loss	: 0.7047
-------------------------------------
[Epoch : 39/40]
Src_cls_loss	: 0.7017
-------------------------------------
[Epoch : 40/40]
Src_cls_loss	: 0.6998
-------------------------------------
