Pretraining stage..........
=============================================
[Epoch : 1/40]
Src_cls_loss	: 1.4386
-------------------------------------
[Epoch : 2/40]
Src_cls_loss	: 1.2824
-------------------------------------
[Epoch : 3/40]
Src_cls_loss	: 1.1647
-------------------------------------
[Epoch : 4/40]
Src_cls_loss	: 1.0962
-------------------------------------
[Epoch : 5/40]
Src_cls_loss	: 1.0444
-------------------------------------
[Epoch : 6/40]
Src_cls_loss	: 1.0050
-------------------------------------
[Epoch : 7/40]
Src_cls_loss	: 0.9729
-------------------------------------
[Epoch : 8/40]
Src_cls_loss	: 0.9445
-------------------------------------
[Epoch : 9/40]
Src_cls_loss	: 0.9207
-------------------------------------
[Epoch : 10/40]
Src_cls_loss	: 0.9001
-------------------------------------
[Epoch : 11/40]
Src_cls_loss	: 0.8832
-------------------------------------
[Epoch : 12/40]
Src_cls_loss	: 0.8667
-------------------------------------
[Epoch : 13/40]
Src_cls_loss	: 0.8517
-------------------------------------
[Epoch : 14/40]
Src_cls_loss	: 0.8393
-------------------------------------
[Epoch : 15/40]
Src_cls_loss	: 0.8264
-------------------------------------
[Epoch : 16/40]
Src_cls_loss	: 0.8155
-------------------------------------
[Epoch : 17/40]
Src_cls_loss	: 0.8041
-------------------------------------
[Epoch : 18/40]
Src_cls_loss	: 0.7936
-------------------------------------
[Epoch : 19/40]
Src_cls_loss	: 0.7836
-------------------------------------
[Epoch : 20/40]
Src_cls_loss	: 0.7741
-------------------------------------
[Epoch : 21/40]
Src_cls_loss	: 0.7661
-------------------------------------
[Epoch : 22/40]
Src_cls_loss	: 0.7583
-------------------------------------
[Epoch : 23/40]
Src_cls_loss	: 0.7502
-------------------------------------
[Epoch : 24/40]
Src_cls_loss	: 0.7429
-------------------------------------
[Epoch : 25/40]
Src_cls_loss	: 0.7351
-------------------------------------
[Epoch : 26/40]
Src_cls_loss	: 0.7287
-------------------------------------
[Epoch : 27/40]
Src_cls_loss	: 0.7218
-------------------------------------
[Epoch : 28/40]
Src_cls_loss	: 0.7153
-------------------------------------
[Epoch : 29/40]
Src_cls_loss	: 0.7090
-------------------------------------
[Epoch : 30/40]
Src_cls_loss	: 0.7035
-------------------------------------
[Epoch : 31/40]
Src_cls_loss	: 0.6979
-------------------------------------
[Epoch : 32/40]
Src_cls_loss	: 0.6927
-------------------------------------
[Epoch : 33/40]
Src_cls_loss	: 0.6879
-------------------------------------
[Epoch : 34/40]
Src_cls_loss	: 0.6833
-------------------------------------
[Epoch : 35/40]
Src_cls_loss	: 0.6786
-------------------------------------
[Epoch : 36/40]
Src_cls_loss	: 0.6742
-------------------------------------
[Epoch : 37/40]
Src_cls_loss	: 0.6699
-------------------------------------
[Epoch : 38/40]
Src_cls_loss	: 0.6656
-------------------------------------
[Epoch : 39/40]
Src_cls_loss	: 0.6618
-------------------------------------
[Epoch : 40/40]
Src_cls_loss	: 0.6580
-------------------------------------
