Pretraining stage..........
=============================================
[Epoch : 1/40]
Src_cls_loss	: 0.5954
-------------------------------------
[Epoch : 2/40]
Src_cls_loss	: 0.5123
-------------------------------------
[Epoch : 3/40]
Src_cls_loss	: 0.4637
-------------------------------------
[Epoch : 4/40]
Src_cls_loss	: 0.4346
-------------------------------------
[Epoch : 5/40]
Src_cls_loss	: 0.4178
-------------------------------------
[Epoch : 6/40]
Src_cls_loss	: 0.4049
-------------------------------------
[Epoch : 7/40]
Src_cls_loss	: 0.3962
-------------------------------------
[Epoch : 8/40]
Src_cls_loss	: 0.3880
-------------------------------------
[Epoch : 9/40]
Src_cls_loss	: 0.3822
-------------------------------------
[Epoch : 10/40]
Src_cls_loss	: 0.3778
-------------------------------------
[Epoch : 11/40]
Src_cls_loss	: 0.3742
-------------------------------------
[Epoch : 12/40]
Src_cls_loss	: 0.3699
-------------------------------------
[Epoch : 13/40]
Src_cls_loss	: 0.3663
-------------------------------------
[Epoch : 14/40]
Src_cls_loss	: 0.3635
-------------------------------------
[Epoch : 15/40]
Src_cls_loss	: 0.3606
-------------------------------------
[Epoch : 16/40]
Src_cls_loss	: 0.3581
-------------------------------------
[Epoch : 17/40]
Src_cls_loss	: 0.3576
-------------------------------------
[Epoch : 18/40]
Src_cls_loss	: 0.3568
-------------------------------------
[Epoch : 19/40]
Src_cls_loss	: 0.3565
-------------------------------------
[Epoch : 20/40]
Src_cls_loss	: 0.3550
-------------------------------------
[Epoch : 21/40]
Src_cls_loss	: 0.3533
-------------------------------------
[Epoch : 22/40]
Src_cls_loss	: 0.3521
-------------------------------------
[Epoch : 23/40]
Src_cls_loss	: 0.3512
-------------------------------------
[Epoch : 24/40]
Src_cls_loss	: 0.3501
-------------------------------------
[Epoch : 25/40]
Src_cls_loss	: 0.3495
-------------------------------------
[Epoch : 26/40]
Src_cls_loss	: 0.3491
-------------------------------------
[Epoch : 27/40]
Src_cls_loss	: 0.3484
-------------------------------------
[Epoch : 28/40]
Src_cls_loss	: 0.3480
-------------------------------------
[Epoch : 29/40]
Src_cls_loss	: 0.3470
-------------------------------------
[Epoch : 30/40]
Src_cls_loss	: 0.3460
-------------------------------------
[Epoch : 31/40]
Src_cls_loss	: 0.3453
-------------------------------------
[Epoch : 32/40]
Src_cls_loss	: 0.3447
-------------------------------------
[Epoch : 33/40]
Src_cls_loss	: 0.3438
-------------------------------------
[Epoch : 34/40]
Src_cls_loss	: 0.3429
-------------------------------------
[Epoch : 35/40]
Src_cls_loss	: 0.3420
-------------------------------------
[Epoch : 36/40]
Src_cls_loss	: 0.3413
-------------------------------------
[Epoch : 37/40]
Src_cls_loss	: 0.3406
-------------------------------------
[Epoch : 38/40]
Src_cls_loss	: 0.3399
-------------------------------------
[Epoch : 39/40]
Src_cls_loss	: 0.3393
-------------------------------------
[Epoch : 40/40]
Src_cls_loss	: 0.3387
-------------------------------------
