Pretraining stage..........
=============================================
[Epoch : 1/100]
Src_cls_loss	: 1.2632
-------------------------------------
[Epoch : 2/100]
Src_cls_loss	: 1.0834
-------------------------------------
[Epoch : 3/100]
Src_cls_loss	: 0.9741
-------------------------------------
[Epoch : 4/100]
Src_cls_loss	: 0.8978
-------------------------------------
[Epoch : 5/100]
Src_cls_loss	: 0.8280
-------------------------------------
[Epoch : 6/100]
Src_cls_loss	: 0.7766
-------------------------------------
[Epoch : 7/100]
Src_cls_loss	: 0.7382
-------------------------------------
[Epoch : 8/100]
Src_cls_loss	: 0.7055
-------------------------------------
[Epoch : 9/100]
Src_cls_loss	: 0.6795
-------------------------------------
[Epoch : 10/100]
Src_cls_loss	: 0.6586
-------------------------------------
[Epoch : 11/100]
Src_cls_loss	: 0.6423
-------------------------------------
[Epoch : 12/100]
Src_cls_loss	: 0.6278
-------------------------------------
[Epoch : 13/100]
Src_cls_loss	: 0.6159
-------------------------------------
[Epoch : 14/100]
Src_cls_loss	: 0.6055
-------------------------------------
[Epoch : 15/100]
Src_cls_loss	: 0.5962
-------------------------------------
[Epoch : 16/100]
Src_cls_loss	: 0.5877
-------------------------------------
[Epoch : 17/100]
Src_cls_loss	: 0.5799
-------------------------------------
[Epoch : 18/100]
Src_cls_loss	: 0.5728
-------------------------------------
[Epoch : 19/100]
Src_cls_loss	: 0.5663
-------------------------------------
[Epoch : 20/100]
Src_cls_loss	: 0.5604
-------------------------------------
[Epoch : 21/100]
Src_cls_loss	: 0.5547
-------------------------------------
[Epoch : 22/100]
Src_cls_loss	: 0.5494
-------------------------------------
[Epoch : 23/100]
Src_cls_loss	: 0.5446
-------------------------------------
[Epoch : 24/100]
Src_cls_loss	: 0.5406
-------------------------------------
[Epoch : 25/100]
Src_cls_loss	: 0.5370
-------------------------------------
[Epoch : 26/100]
Src_cls_loss	: 0.5340
-------------------------------------
[Epoch : 27/100]
Src_cls_loss	: 0.5305
-------------------------------------
[Epoch : 28/100]
Src_cls_loss	: 0.5274
-------------------------------------
[Epoch : 29/100]
Src_cls_loss	: 0.5246
-------------------------------------
[Epoch : 30/100]
Src_cls_loss	: 0.5218
-------------------------------------
[Epoch : 31/100]
Src_cls_loss	: 0.5193
-------------------------------------
[Epoch : 32/100]
Src_cls_loss	: 0.5167
-------------------------------------
[Epoch : 33/100]
Src_cls_loss	: 0.5144
-------------------------------------
[Epoch : 34/100]
Src_cls_loss	: 0.5120
-------------------------------------
[Epoch : 35/100]
Src_cls_loss	: 0.5100
-------------------------------------
[Epoch : 36/100]
Src_cls_loss	: 0.5080
-------------------------------------
[Epoch : 37/100]
Src_cls_loss	: 0.5062
-------------------------------------
[Epoch : 38/100]
Src_cls_loss	: 0.5044
-------------------------------------
[Epoch : 39/100]
Src_cls_loss	: 0.5028
-------------------------------------
[Epoch : 40/100]
Src_cls_loss	: 0.5011
-------------------------------------
[Epoch : 41/100]
Src_cls_loss	: 0.5000
-------------------------------------
[Epoch : 42/100]
Src_cls_loss	: 0.4985
-------------------------------------
[Epoch : 43/100]
Src_cls_loss	: 0.4972
-------------------------------------
[Epoch : 44/100]
Src_cls_loss	: 0.4958
-------------------------------------
[Epoch : 45/100]
Src_cls_loss	: 0.4945
-------------------------------------
[Epoch : 46/100]
Src_cls_loss	: 0.4931
-------------------------------------
[Epoch : 47/100]
Src_cls_loss	: 0.4919
-------------------------------------
[Epoch : 48/100]
Src_cls_loss	: 0.4905
-------------------------------------
[Epoch : 49/100]
Src_cls_loss	: 0.4894
-------------------------------------
[Epoch : 50/100]
Src_cls_loss	: 0.4884
-------------------------------------
[Epoch : 51/100]
Src_cls_loss	: 0.4874
-------------------------------------
[Epoch : 52/100]
Src_cls_loss	: 0.4863
-------------------------------------
[Epoch : 53/100]
Src_cls_loss	: 0.4853
-------------------------------------
[Epoch : 54/100]
Src_cls_loss	: 0.4843
-------------------------------------
[Epoch : 55/100]
Src_cls_loss	: 0.4835
-------------------------------------
[Epoch : 56/100]
Src_cls_loss	: 0.4828
-------------------------------------
[Epoch : 57/100]
Src_cls_loss	: 0.4821
-------------------------------------
[Epoch : 58/100]
Src_cls_loss	: 0.4812
-------------------------------------
[Epoch : 59/100]
Src_cls_loss	: 0.4804
-------------------------------------
[Epoch : 60/100]
Src_cls_loss	: 0.4797
-------------------------------------
[Epoch : 61/100]
Src_cls_loss	: 0.4789
-------------------------------------
[Epoch : 62/100]
Src_cls_loss	: 0.4781
-------------------------------------
[Epoch : 63/100]
Src_cls_loss	: 0.4774
-------------------------------------
[Epoch : 64/100]
Src_cls_loss	: 0.4767
-------------------------------------
[Epoch : 65/100]
Src_cls_loss	: 0.4760
-------------------------------------
[Epoch : 66/100]
Src_cls_loss	: 0.4753
-------------------------------------
[Epoch : 67/100]
Src_cls_loss	: 0.4746
-------------------------------------
[Epoch : 68/100]
Src_cls_loss	: 0.4740
-------------------------------------
[Epoch : 69/100]
Src_cls_loss	: 0.4734
-------------------------------------
[Epoch : 70/100]
Src_cls_loss	: 0.4727
-------------------------------------
[Epoch : 71/100]
Src_cls_loss	: 0.4721
-------------------------------------
[Epoch : 72/100]
Src_cls_loss	: 0.4716
-------------------------------------
[Epoch : 73/100]
Src_cls_loss	: 0.4711
-------------------------------------
[Epoch : 74/100]
Src_cls_loss	: 0.4705
-------------------------------------
[Epoch : 75/100]
Src_cls_loss	: 0.4700
-------------------------------------
[Epoch : 76/100]
Src_cls_loss	: 0.4695
-------------------------------------
[Epoch : 77/100]
Src_cls_loss	: 0.4690
-------------------------------------
[Epoch : 78/100]
Src_cls_loss	: 0.4685
-------------------------------------
[Epoch : 79/100]
Src_cls_loss	: 0.4681
-------------------------------------
[Epoch : 80/100]
Src_cls_loss	: 0.4677
-------------------------------------
[Epoch : 81/100]
Src_cls_loss	: 0.4673
-------------------------------------
[Epoch : 82/100]
Src_cls_loss	: 0.4669
-------------------------------------
[Epoch : 83/100]
Src_cls_loss	: 0.4665
-------------------------------------
[Epoch : 84/100]
Src_cls_loss	: 0.4661
-------------------------------------
[Epoch : 85/100]
Src_cls_loss	: 0.4657
-------------------------------------
[Epoch : 86/100]
Src_cls_loss	: 0.4654
-------------------------------------
[Epoch : 87/100]
Src_cls_loss	: 0.4649
-------------------------------------
[Epoch : 88/100]
Src_cls_loss	: 0.4646
-------------------------------------
[Epoch : 89/100]
Src_cls_loss	: 0.4641
-------------------------------------
[Epoch : 90/100]
Src_cls_loss	: 0.4638
-------------------------------------
[Epoch : 91/100]
Src_cls_loss	: 0.4634
-------------------------------------
[Epoch : 92/100]
Src_cls_loss	: 0.4630
-------------------------------------
[Epoch : 93/100]
Src_cls_loss	: 0.4627
-------------------------------------
[Epoch : 94/100]
Src_cls_loss	: 0.4623
-------------------------------------
[Epoch : 95/100]
Src_cls_loss	: 0.4619
-------------------------------------
[Epoch : 96/100]
Src_cls_loss	: 0.4616
-------------------------------------
[Epoch : 97/100]
Src_cls_loss	: 0.4613
-------------------------------------
[Epoch : 98/100]
Src_cls_loss	: 0.4610
-------------------------------------
[Epoch : 99/100]
Src_cls_loss	: 0.4606
-------------------------------------
[Epoch : 100/100]
Src_cls_loss	: 0.4603
-------------------------------------
