Pretraining stage..........
=============================================
[Epoch : 1/40]
Src_cls_loss	: 1.3261
-------------------------------------
[Epoch : 2/40]
Src_cls_loss	: 1.2069
-------------------------------------
[Epoch : 3/40]
Src_cls_loss	: 1.1068
-------------------------------------
[Epoch : 4/40]
Src_cls_loss	: 1.0421
-------------------------------------
[Epoch : 5/40]
Src_cls_loss	: 0.9955
-------------------------------------
[Epoch : 6/40]
Src_cls_loss	: 0.9563
-------------------------------------
[Epoch : 7/40]
Src_cls_loss	: 0.9265
-------------------------------------
[Epoch : 8/40]
Src_cls_loss	: 0.9005
-------------------------------------
[Epoch : 9/40]
Src_cls_loss	: 0.8788
-------------------------------------
[Epoch : 10/40]
Src_cls_loss	: 0.8606
-------------------------------------
[Epoch : 11/40]
Src_cls_loss	: 0.8464
-------------------------------------
[Epoch : 12/40]
Src_cls_loss	: 0.8308
-------------------------------------
[Epoch : 13/40]
Src_cls_loss	: 0.8176
-------------------------------------
[Epoch : 14/40]
Src_cls_loss	: 0.8064
-------------------------------------
[Epoch : 15/40]
Src_cls_loss	: 0.7963
-------------------------------------
[Epoch : 16/40]
Src_cls_loss	: 0.7869
-------------------------------------
[Epoch : 17/40]
Src_cls_loss	: 0.7768
-------------------------------------
[Epoch : 18/40]
Src_cls_loss	: 0.7682
-------------------------------------
[Epoch : 19/40]
Src_cls_loss	: 0.7594
-------------------------------------
[Epoch : 20/40]
Src_cls_loss	: 0.7510
-------------------------------------
[Epoch : 21/40]
Src_cls_loss	: 0.7440
-------------------------------------
[Epoch : 22/40]
Src_cls_loss	: 0.7368
-------------------------------------
[Epoch : 23/40]
Src_cls_loss	: 0.7304
-------------------------------------
[Epoch : 24/40]
Src_cls_loss	: 0.7238
-------------------------------------
[Epoch : 25/40]
Src_cls_loss	: 0.7171
-------------------------------------
[Epoch : 26/40]
Src_cls_loss	: 0.7110
-------------------------------------
[Epoch : 27/40]
Src_cls_loss	: 0.7049
-------------------------------------
[Epoch : 28/40]
Src_cls_loss	: 0.6990
-------------------------------------
[Epoch : 29/40]
Src_cls_loss	: 0.6937
-------------------------------------
[Epoch : 30/40]
Src_cls_loss	: 0.6883
-------------------------------------
[Epoch : 31/40]
Src_cls_loss	: 0.6835
-------------------------------------
[Epoch : 32/40]
Src_cls_loss	: 0.6791
-------------------------------------
[Epoch : 33/40]
Src_cls_loss	: 0.6749
-------------------------------------
[Epoch : 34/40]
Src_cls_loss	: 0.6706
-------------------------------------
[Epoch : 35/40]
Src_cls_loss	: 0.6661
-------------------------------------
[Epoch : 36/40]
Src_cls_loss	: 0.6618
-------------------------------------
[Epoch : 37/40]
Src_cls_loss	: 0.6580
-------------------------------------
[Epoch : 38/40]
Src_cls_loss	: 0.6543
-------------------------------------
[Epoch : 39/40]
Src_cls_loss	: 0.6505
-------------------------------------
[Epoch : 40/40]
Src_cls_loss	: 0.6469
-------------------------------------
