Pretraining stage..........
=============================================
[Epoch : 1/100]
Src_cls_loss	: 1.2175
-------------------------------------
[Epoch : 2/100]
Src_cls_loss	: 1.0723
-------------------------------------
[Epoch : 3/100]
Src_cls_loss	: 0.9685
-------------------------------------
[Epoch : 4/100]
Src_cls_loss	: 0.8956
-------------------------------------
[Epoch : 5/100]
Src_cls_loss	: 0.8486
-------------------------------------
[Epoch : 6/100]
Src_cls_loss	: 0.8149
-------------------------------------
[Epoch : 7/100]
Src_cls_loss	: 0.7872
-------------------------------------
[Epoch : 8/100]
Src_cls_loss	: 0.7670
-------------------------------------
[Epoch : 9/100]
Src_cls_loss	: 0.7514
-------------------------------------
[Epoch : 10/100]
Src_cls_loss	: 0.7369
-------------------------------------
[Epoch : 11/100]
Src_cls_loss	: 0.7306
-------------------------------------
[Epoch : 12/100]
Src_cls_loss	: 0.7196
-------------------------------------
[Epoch : 13/100]
Src_cls_loss	: 0.7127
-------------------------------------
[Epoch : 14/100]
Src_cls_loss	: 0.7059
-------------------------------------
[Epoch : 15/100]
Src_cls_loss	: 0.6978
-------------------------------------
[Epoch : 16/100]
Src_cls_loss	: 0.6906
-------------------------------------
[Epoch : 17/100]
Src_cls_loss	: 0.6832
-------------------------------------
[Epoch : 18/100]
Src_cls_loss	: 0.6759
-------------------------------------
[Epoch : 19/100]
Src_cls_loss	: 0.6715
-------------------------------------
[Epoch : 20/100]
Src_cls_loss	: 0.6659
-------------------------------------
[Epoch : 21/100]
Src_cls_loss	: 0.6611
-------------------------------------
[Epoch : 22/100]
Src_cls_loss	: 0.6561
-------------------------------------
[Epoch : 23/100]
Src_cls_loss	: 0.6511
-------------------------------------
[Epoch : 24/100]
Src_cls_loss	: 0.6480
-------------------------------------
[Epoch : 25/100]
Src_cls_loss	: 0.6440
-------------------------------------
[Epoch : 26/100]
Src_cls_loss	: 0.6419
-------------------------------------
[Epoch : 27/100]
Src_cls_loss	: 0.6409
-------------------------------------
[Epoch : 28/100]
Src_cls_loss	: 0.6394
-------------------------------------
[Epoch : 29/100]
Src_cls_loss	: 0.6377
-------------------------------------
[Epoch : 30/100]
Src_cls_loss	: 0.6350
-------------------------------------
[Epoch : 31/100]
Src_cls_loss	: 0.6315
-------------------------------------
[Epoch : 32/100]
Src_cls_loss	: 0.6295
-------------------------------------
[Epoch : 33/100]
Src_cls_loss	: 0.6275
-------------------------------------
[Epoch : 34/100]
Src_cls_loss	: 0.6257
-------------------------------------
[Epoch : 35/100]
Src_cls_loss	: 0.6232
-------------------------------------
[Epoch : 36/100]
Src_cls_loss	: 0.6209
-------------------------------------
[Epoch : 37/100]
Src_cls_loss	: 0.6185
-------------------------------------
[Epoch : 38/100]
Src_cls_loss	: 0.6160
-------------------------------------
[Epoch : 39/100]
Src_cls_loss	: 0.6147
-------------------------------------
[Epoch : 40/100]
Src_cls_loss	: 0.6133
-------------------------------------
[Epoch : 41/100]
Src_cls_loss	: 0.6112
-------------------------------------
[Epoch : 42/100]
Src_cls_loss	: 0.6092
-------------------------------------
[Epoch : 43/100]
Src_cls_loss	: 0.6080
-------------------------------------
[Epoch : 44/100]
Src_cls_loss	: 0.6062
-------------------------------------
[Epoch : 45/100]
Src_cls_loss	: 0.6043
-------------------------------------
[Epoch : 46/100]
Src_cls_loss	: 0.6026
-------------------------------------
[Epoch : 47/100]
Src_cls_loss	: 0.6010
-------------------------------------
[Epoch : 48/100]
Src_cls_loss	: 0.5991
-------------------------------------
[Epoch : 49/100]
Src_cls_loss	: 0.5976
-------------------------------------
[Epoch : 50/100]
Src_cls_loss	: 0.5960
-------------------------------------
[Epoch : 51/100]
Src_cls_loss	: 0.5953
-------------------------------------
[Epoch : 52/100]
Src_cls_loss	: 0.5946
-------------------------------------
[Epoch : 53/100]
Src_cls_loss	: 0.5933
-------------------------------------
[Epoch : 54/100]
Src_cls_loss	: 0.5920
-------------------------------------
[Epoch : 55/100]
Src_cls_loss	: 0.5908
-------------------------------------
[Epoch : 56/100]
Src_cls_loss	: 0.5898
-------------------------------------
[Epoch : 57/100]
Src_cls_loss	: 0.5888
-------------------------------------
[Epoch : 58/100]
Src_cls_loss	: 0.5876
-------------------------------------
[Epoch : 59/100]
Src_cls_loss	: 0.5865
-------------------------------------
[Epoch : 60/100]
Src_cls_loss	: 0.5863
-------------------------------------
[Epoch : 61/100]
Src_cls_loss	: 0.5854
-------------------------------------
[Epoch : 62/100]
Src_cls_loss	: 0.5852
-------------------------------------
[Epoch : 63/100]
Src_cls_loss	: 0.5841
-------------------------------------
[Epoch : 64/100]
Src_cls_loss	: 0.5833
-------------------------------------
[Epoch : 65/100]
Src_cls_loss	: 0.5823
-------------------------------------
[Epoch : 66/100]
Src_cls_loss	: 0.5815
-------------------------------------
[Epoch : 67/100]
Src_cls_loss	: 0.5803
-------------------------------------
[Epoch : 68/100]
Src_cls_loss	: 0.5798
-------------------------------------
[Epoch : 69/100]
Src_cls_loss	: 0.5794
-------------------------------------
[Epoch : 70/100]
Src_cls_loss	: 0.5793
-------------------------------------
[Epoch : 71/100]
Src_cls_loss	: 0.5785
-------------------------------------
[Epoch : 72/100]
Src_cls_loss	: 0.5774
-------------------------------------
[Epoch : 73/100]
Src_cls_loss	: 0.5764
-------------------------------------
[Epoch : 74/100]
Src_cls_loss	: 0.5756
-------------------------------------
[Epoch : 75/100]
Src_cls_loss	: 0.5745
-------------------------------------
[Epoch : 76/100]
Src_cls_loss	: 0.5736
-------------------------------------
[Epoch : 77/100]
Src_cls_loss	: 0.5727
-------------------------------------
[Epoch : 78/100]
Src_cls_loss	: 0.5721
-------------------------------------
[Epoch : 79/100]
Src_cls_loss	: 0.5712
-------------------------------------
[Epoch : 80/100]
Src_cls_loss	: 0.5705
-------------------------------------
[Epoch : 81/100]
Src_cls_loss	: 0.5697
-------------------------------------
[Epoch : 82/100]
Src_cls_loss	: 0.5692
-------------------------------------
[Epoch : 83/100]
Src_cls_loss	: 0.5685
-------------------------------------
[Epoch : 84/100]
Src_cls_loss	: 0.5676
-------------------------------------
[Epoch : 85/100]
Src_cls_loss	: 0.5667
-------------------------------------
[Epoch : 86/100]
Src_cls_loss	: 0.5661
-------------------------------------
[Epoch : 87/100]
Src_cls_loss	: 0.5652
-------------------------------------
[Epoch : 88/100]
Src_cls_loss	: 0.5645
-------------------------------------
[Epoch : 89/100]
Src_cls_loss	: 0.5639
-------------------------------------
[Epoch : 90/100]
Src_cls_loss	: 0.5632
-------------------------------------
[Epoch : 91/100]
Src_cls_loss	: 0.5624
-------------------------------------
[Epoch : 92/100]
Src_cls_loss	: 0.5620
-------------------------------------
[Epoch : 93/100]
Src_cls_loss	: 0.5614
-------------------------------------
[Epoch : 94/100]
Src_cls_loss	: 0.5606
-------------------------------------
[Epoch : 95/100]
Src_cls_loss	: 0.5600
-------------------------------------
[Epoch : 96/100]
Src_cls_loss	: 0.5600
-------------------------------------
[Epoch : 97/100]
Src_cls_loss	: 0.5594
-------------------------------------
[Epoch : 98/100]
Src_cls_loss	: 0.5593
-------------------------------------
[Epoch : 99/100]
Src_cls_loss	: 0.5589
-------------------------------------
[Epoch : 100/100]
Src_cls_loss	: 0.5584
-------------------------------------
