Pretraining stage..........
=============================================
[Epoch : 1/100]
Src_cls_loss	: 1.2183
-------------------------------------
[Epoch : 2/100]
Src_cls_loss	: 1.0358
-------------------------------------
[Epoch : 3/100]
Src_cls_loss	: 0.9119
-------------------------------------
[Epoch : 4/100]
Src_cls_loss	: 0.8200
-------------------------------------
[Epoch : 5/100]
Src_cls_loss	: 0.7544
-------------------------------------
[Epoch : 6/100]
Src_cls_loss	: 0.7080
-------------------------------------
[Epoch : 7/100]
Src_cls_loss	: 0.6727
-------------------------------------
[Epoch : 8/100]
Src_cls_loss	: 0.6459
-------------------------------------
[Epoch : 9/100]
Src_cls_loss	: 0.6244
-------------------------------------
[Epoch : 10/100]
Src_cls_loss	: 0.6070
-------------------------------------
[Epoch : 11/100]
Src_cls_loss	: 0.5921
-------------------------------------
[Epoch : 12/100]
Src_cls_loss	: 0.5799
-------------------------------------
[Epoch : 13/100]
Src_cls_loss	: 0.5720
-------------------------------------
[Epoch : 14/100]
Src_cls_loss	: 0.5650
-------------------------------------
[Epoch : 15/100]
Src_cls_loss	: 0.5575
-------------------------------------
[Epoch : 16/100]
Src_cls_loss	: 0.5504
-------------------------------------
[Epoch : 17/100]
Src_cls_loss	: 0.5439
-------------------------------------
[Epoch : 18/100]
Src_cls_loss	: 0.5391
-------------------------------------
[Epoch : 19/100]
Src_cls_loss	: 0.5346
-------------------------------------
[Epoch : 20/100]
Src_cls_loss	: 0.5305
-------------------------------------
[Epoch : 21/100]
Src_cls_loss	: 0.5267
-------------------------------------
[Epoch : 22/100]
Src_cls_loss	: 0.5228
-------------------------------------
[Epoch : 23/100]
Src_cls_loss	: 0.5196
-------------------------------------
[Epoch : 24/100]
Src_cls_loss	: 0.5162
-------------------------------------
[Epoch : 25/100]
Src_cls_loss	: 0.5133
-------------------------------------
[Epoch : 26/100]
Src_cls_loss	: 0.5106
-------------------------------------
[Epoch : 27/100]
Src_cls_loss	: 0.5077
-------------------------------------
[Epoch : 28/100]
Src_cls_loss	: 0.5052
-------------------------------------
[Epoch : 29/100]
Src_cls_loss	: 0.5030
-------------------------------------
[Epoch : 30/100]
Src_cls_loss	: 0.5007
-------------------------------------
[Epoch : 31/100]
Src_cls_loss	: 0.4989
-------------------------------------
[Epoch : 32/100]
Src_cls_loss	: 0.4969
-------------------------------------
[Epoch : 33/100]
Src_cls_loss	: 0.4950
-------------------------------------
[Epoch : 34/100]
Src_cls_loss	: 0.4933
-------------------------------------
[Epoch : 35/100]
Src_cls_loss	: 0.4916
-------------------------------------
[Epoch : 36/100]
Src_cls_loss	: 0.4902
-------------------------------------
[Epoch : 37/100]
Src_cls_loss	: 0.4891
-------------------------------------
[Epoch : 38/100]
Src_cls_loss	: 0.4878
-------------------------------------
[Epoch : 39/100]
Src_cls_loss	: 0.4865
-------------------------------------
[Epoch : 40/100]
Src_cls_loss	: 0.4853
-------------------------------------
[Epoch : 41/100]
Src_cls_loss	: 0.4840
-------------------------------------
[Epoch : 42/100]
Src_cls_loss	: 0.4830
-------------------------------------
[Epoch : 43/100]
Src_cls_loss	: 0.4820
-------------------------------------
[Epoch : 44/100]
Src_cls_loss	: 0.4810
-------------------------------------
[Epoch : 45/100]
Src_cls_loss	: 0.4800
-------------------------------------
[Epoch : 46/100]
Src_cls_loss	: 0.4790
-------------------------------------
[Epoch : 47/100]
Src_cls_loss	: 0.4782
-------------------------------------
[Epoch : 48/100]
Src_cls_loss	: 0.4773
-------------------------------------
[Epoch : 49/100]
Src_cls_loss	: 0.4765
-------------------------------------
[Epoch : 50/100]
Src_cls_loss	: 0.4757
-------------------------------------
[Epoch : 51/100]
Src_cls_loss	: 0.4749
-------------------------------------
[Epoch : 52/100]
Src_cls_loss	: 0.4741
-------------------------------------
[Epoch : 53/100]
Src_cls_loss	: 0.4734
-------------------------------------
[Epoch : 54/100]
Src_cls_loss	: 0.4726
-------------------------------------
[Epoch : 55/100]
Src_cls_loss	: 0.4720
-------------------------------------
[Epoch : 56/100]
Src_cls_loss	: 0.4716
-------------------------------------
[Epoch : 57/100]
Src_cls_loss	: 0.4709
-------------------------------------
[Epoch : 58/100]
Src_cls_loss	: 0.4703
-------------------------------------
[Epoch : 59/100]
Src_cls_loss	: 0.4697
-------------------------------------
[Epoch : 60/100]
Src_cls_loss	: 0.4691
-------------------------------------
[Epoch : 61/100]
Src_cls_loss	: 0.4685
-------------------------------------
[Epoch : 62/100]
Src_cls_loss	: 0.4682
-------------------------------------
[Epoch : 63/100]
Src_cls_loss	: 0.4677
-------------------------------------
[Epoch : 64/100]
Src_cls_loss	: 0.4673
-------------------------------------
[Epoch : 65/100]
Src_cls_loss	: 0.4669
-------------------------------------
[Epoch : 66/100]
Src_cls_loss	: 0.4665
-------------------------------------
[Epoch : 67/100]
Src_cls_loss	: 0.4659
-------------------------------------
[Epoch : 68/100]
Src_cls_loss	: 0.4654
-------------------------------------
[Epoch : 69/100]
Src_cls_loss	: 0.4649
-------------------------------------
[Epoch : 70/100]
Src_cls_loss	: 0.4644
-------------------------------------
[Epoch : 71/100]
Src_cls_loss	: 0.4639
-------------------------------------
[Epoch : 72/100]
Src_cls_loss	: 0.4634
-------------------------------------
[Epoch : 73/100]
Src_cls_loss	: 0.4631
-------------------------------------
[Epoch : 74/100]
Src_cls_loss	: 0.4627
-------------------------------------
[Epoch : 75/100]
Src_cls_loss	: 0.4626
-------------------------------------
[Epoch : 76/100]
Src_cls_loss	: 0.4622
-------------------------------------
[Epoch : 77/100]
Src_cls_loss	: 0.4619
-------------------------------------
[Epoch : 78/100]
Src_cls_loss	: 0.4615
-------------------------------------
[Epoch : 79/100]
Src_cls_loss	: 0.4612
-------------------------------------
[Epoch : 80/100]
Src_cls_loss	: 0.4609
-------------------------------------
[Epoch : 81/100]
Src_cls_loss	: 0.4605
-------------------------------------
[Epoch : 82/100]
Src_cls_loss	: 0.4601
-------------------------------------
[Epoch : 83/100]
Src_cls_loss	: 0.4597
-------------------------------------
[Epoch : 84/100]
Src_cls_loss	: 0.4594
-------------------------------------
[Epoch : 85/100]
Src_cls_loss	: 0.4590
-------------------------------------
[Epoch : 86/100]
Src_cls_loss	: 0.4587
-------------------------------------
[Epoch : 87/100]
Src_cls_loss	: 0.4584
-------------------------------------
[Epoch : 88/100]
Src_cls_loss	: 0.4581
-------------------------------------
[Epoch : 89/100]
Src_cls_loss	: 0.4578
-------------------------------------
[Epoch : 90/100]
Src_cls_loss	: 0.4575
-------------------------------------
[Epoch : 91/100]
Src_cls_loss	: 0.4572
-------------------------------------
[Epoch : 92/100]
Src_cls_loss	: 0.4569
-------------------------------------
[Epoch : 93/100]
Src_cls_loss	: 0.4566
-------------------------------------
[Epoch : 94/100]
Src_cls_loss	: 0.4564
-------------------------------------
[Epoch : 95/100]
Src_cls_loss	: 0.4561
-------------------------------------
[Epoch : 96/100]
Src_cls_loss	: 0.4558
-------------------------------------
[Epoch : 97/100]
Src_cls_loss	: 0.4556
-------------------------------------
[Epoch : 98/100]
Src_cls_loss	: 0.4553
-------------------------------------
[Epoch : 99/100]
Src_cls_loss	: 0.4550
-------------------------------------
[Epoch : 100/100]
Src_cls_loss	: 0.4548
-------------------------------------
