Pretraining stage..........
=============================================
[Epoch : 1/40]
Src_cls_loss	: 1.3312
-------------------------------------
[Epoch : 2/40]
Src_cls_loss	: 1.1693
-------------------------------------
[Epoch : 3/40]
Src_cls_loss	: 1.0635
-------------------------------------
[Epoch : 4/40]
Src_cls_loss	: 0.9976
-------------------------------------
[Epoch : 5/40]
Src_cls_loss	: 0.9528
-------------------------------------
[Epoch : 6/40]
Src_cls_loss	: 0.9206
-------------------------------------
[Epoch : 7/40]
Src_cls_loss	: 0.8967
-------------------------------------
[Epoch : 8/40]
Src_cls_loss	: 0.8779
-------------------------------------
[Epoch : 9/40]
Src_cls_loss	: 0.8603
-------------------------------------
[Epoch : 10/40]
Src_cls_loss	: 0.8446
-------------------------------------
[Epoch : 11/40]
Src_cls_loss	: 0.8292
-------------------------------------
[Epoch : 12/40]
Src_cls_loss	: 0.8170
-------------------------------------
[Epoch : 13/40]
Src_cls_loss	: 0.8051
-------------------------------------
[Epoch : 14/40]
Src_cls_loss	: 0.7944
-------------------------------------
[Epoch : 15/40]
Src_cls_loss	: 0.7835
-------------------------------------
[Epoch : 16/40]
Src_cls_loss	: 0.7739
-------------------------------------
[Epoch : 17/40]
Src_cls_loss	: 0.7658
-------------------------------------
[Epoch : 18/40]
Src_cls_loss	: 0.7587
-------------------------------------
[Epoch : 19/40]
Src_cls_loss	: 0.7514
-------------------------------------
[Epoch : 20/40]
Src_cls_loss	: 0.7438
-------------------------------------
[Epoch : 21/40]
Src_cls_loss	: 0.7369
-------------------------------------
[Epoch : 22/40]
Src_cls_loss	: 0.7304
-------------------------------------
[Epoch : 23/40]
Src_cls_loss	: 0.7240
-------------------------------------
[Epoch : 24/40]
Src_cls_loss	: 0.7179
-------------------------------------
[Epoch : 25/40]
Src_cls_loss	: 0.7126
-------------------------------------
[Epoch : 26/40]
Src_cls_loss	: 0.7069
-------------------------------------
[Epoch : 27/40]
Src_cls_loss	: 0.7013
-------------------------------------
[Epoch : 28/40]
Src_cls_loss	: 0.6966
-------------------------------------
[Epoch : 29/40]
Src_cls_loss	: 0.6920
-------------------------------------
[Epoch : 30/40]
Src_cls_loss	: 0.6867
-------------------------------------
[Epoch : 31/40]
Src_cls_loss	: 0.6817
-------------------------------------
[Epoch : 32/40]
Src_cls_loss	: 0.6771
-------------------------------------
[Epoch : 33/40]
Src_cls_loss	: 0.6731
-------------------------------------
[Epoch : 34/40]
Src_cls_loss	: 0.6692
-------------------------------------
[Epoch : 35/40]
Src_cls_loss	: 0.6650
-------------------------------------
[Epoch : 36/40]
Src_cls_loss	: 0.6608
-------------------------------------
[Epoch : 37/40]
Src_cls_loss	: 0.6568
-------------------------------------
[Epoch : 38/40]
Src_cls_loss	: 0.6533
-------------------------------------
[Epoch : 39/40]
Src_cls_loss	: 0.6496
-------------------------------------
[Epoch : 40/40]
Src_cls_loss	: 0.6461
-------------------------------------
