Pretraining stage..........
=============================================
[Epoch : 1/40]
Src_cls_loss	: 1.2697
-------------------------------------
[Epoch : 2/40]
Src_cls_loss	: 1.1404
-------------------------------------
[Epoch : 3/40]
Src_cls_loss	: 1.0477
-------------------------------------
[Epoch : 4/40]
Src_cls_loss	: 0.9889
-------------------------------------
[Epoch : 5/40]
Src_cls_loss	: 0.9444
-------------------------------------
[Epoch : 6/40]
Src_cls_loss	: 0.9119
-------------------------------------
[Epoch : 7/40]
Src_cls_loss	: 0.8862
-------------------------------------
[Epoch : 8/40]
Src_cls_loss	: 0.8640
-------------------------------------
[Epoch : 9/40]
Src_cls_loss	: 0.8456
-------------------------------------
[Epoch : 10/40]
Src_cls_loss	: 0.8302
-------------------------------------
[Epoch : 11/40]
Src_cls_loss	: 0.8153
-------------------------------------
[Epoch : 12/40]
Src_cls_loss	: 0.8030
-------------------------------------
[Epoch : 13/40]
Src_cls_loss	: 0.7922
-------------------------------------
[Epoch : 14/40]
Src_cls_loss	: 0.7819
-------------------------------------
[Epoch : 15/40]
Src_cls_loss	: 0.7725
-------------------------------------
[Epoch : 16/40]
Src_cls_loss	: 0.7633
-------------------------------------
[Epoch : 17/40]
Src_cls_loss	: 0.7543
-------------------------------------
[Epoch : 18/40]
Src_cls_loss	: 0.7471
-------------------------------------
[Epoch : 19/40]
Src_cls_loss	: 0.7395
-------------------------------------
[Epoch : 20/40]
Src_cls_loss	: 0.7322
-------------------------------------
[Epoch : 21/40]
Src_cls_loss	: 0.7256
-------------------------------------
[Epoch : 22/40]
Src_cls_loss	: 0.7190
-------------------------------------
[Epoch : 23/40]
Src_cls_loss	: 0.7129
-------------------------------------
[Epoch : 24/40]
Src_cls_loss	: 0.7069
-------------------------------------
[Epoch : 25/40]
Src_cls_loss	: 0.7017
-------------------------------------
[Epoch : 26/40]
Src_cls_loss	: 0.6966
-------------------------------------
[Epoch : 27/40]
Src_cls_loss	: 0.6913
-------------------------------------
[Epoch : 28/40]
Src_cls_loss	: 0.6859
-------------------------------------
[Epoch : 29/40]
Src_cls_loss	: 0.6810
-------------------------------------
[Epoch : 30/40]
Src_cls_loss	: 0.6762
-------------------------------------
[Epoch : 31/40]
Src_cls_loss	: 0.6715
-------------------------------------
[Epoch : 32/40]
Src_cls_loss	: 0.6672
-------------------------------------
[Epoch : 33/40]
Src_cls_loss	: 0.6631
-------------------------------------
[Epoch : 34/40]
Src_cls_loss	: 0.6594
-------------------------------------
[Epoch : 35/40]
Src_cls_loss	: 0.6557
-------------------------------------
[Epoch : 36/40]
Src_cls_loss	: 0.6522
-------------------------------------
[Epoch : 37/40]
Src_cls_loss	: 0.6486
-------------------------------------
[Epoch : 38/40]
Src_cls_loss	: 0.6450
-------------------------------------
[Epoch : 39/40]
Src_cls_loss	: 0.6415
-------------------------------------
[Epoch : 40/40]
Src_cls_loss	: 0.6382
-------------------------------------
