Pretraining stage..........
=============================================
[Epoch : 1/40]
Src_cls_loss	: 1.3088
-------------------------------------
[Epoch : 2/40]
Src_cls_loss	: 1.1826
-------------------------------------
[Epoch : 3/40]
Src_cls_loss	: 1.0869
-------------------------------------
[Epoch : 4/40]
Src_cls_loss	: 1.0251
-------------------------------------
[Epoch : 5/40]
Src_cls_loss	: 0.9823
-------------------------------------
[Epoch : 6/40]
Src_cls_loss	: 0.9484
-------------------------------------
[Epoch : 7/40]
Src_cls_loss	: 0.9192
-------------------------------------
[Epoch : 8/40]
Src_cls_loss	: 0.8951
-------------------------------------
[Epoch : 9/40]
Src_cls_loss	: 0.8732
-------------------------------------
[Epoch : 10/40]
Src_cls_loss	: 0.8550
-------------------------------------
[Epoch : 11/40]
Src_cls_loss	: 0.8404
-------------------------------------
[Epoch : 12/40]
Src_cls_loss	: 0.8255
-------------------------------------
[Epoch : 13/40]
Src_cls_loss	: 0.8126
-------------------------------------
[Epoch : 14/40]
Src_cls_loss	: 0.8004
-------------------------------------
[Epoch : 15/40]
Src_cls_loss	: 0.7899
-------------------------------------
[Epoch : 16/40]
Src_cls_loss	: 0.7795
-------------------------------------
[Epoch : 17/40]
Src_cls_loss	: 0.7701
-------------------------------------
[Epoch : 18/40]
Src_cls_loss	: 0.7609
-------------------------------------
[Epoch : 19/40]
Src_cls_loss	: 0.7522
-------------------------------------
[Epoch : 20/40]
Src_cls_loss	: 0.7437
-------------------------------------
[Epoch : 21/40]
Src_cls_loss	: 0.7360
-------------------------------------
[Epoch : 22/40]
Src_cls_loss	: 0.7282
-------------------------------------
[Epoch : 23/40]
Src_cls_loss	: 0.7214
-------------------------------------
[Epoch : 24/40]
Src_cls_loss	: 0.7150
-------------------------------------
[Epoch : 25/40]
Src_cls_loss	: 0.7082
-------------------------------------
[Epoch : 26/40]
Src_cls_loss	: 0.7020
-------------------------------------
[Epoch : 27/40]
Src_cls_loss	: 0.6965
-------------------------------------
[Epoch : 28/40]
Src_cls_loss	: 0.6910
-------------------------------------
[Epoch : 29/40]
Src_cls_loss	: 0.6857
-------------------------------------
[Epoch : 30/40]
Src_cls_loss	: 0.6805
-------------------------------------
[Epoch : 31/40]
Src_cls_loss	: 0.6754
-------------------------------------
[Epoch : 32/40]
Src_cls_loss	: 0.6707
-------------------------------------
[Epoch : 33/40]
Src_cls_loss	: 0.6662
-------------------------------------
[Epoch : 34/40]
Src_cls_loss	: 0.6619
-------------------------------------
[Epoch : 35/40]
Src_cls_loss	: 0.6581
-------------------------------------
[Epoch : 36/40]
Src_cls_loss	: 0.6539
-------------------------------------
[Epoch : 37/40]
Src_cls_loss	: 0.6501
-------------------------------------
[Epoch : 38/40]
Src_cls_loss	: 0.6463
-------------------------------------
[Epoch : 39/40]
Src_cls_loss	: 0.6427
-------------------------------------
[Epoch : 40/40]
Src_cls_loss	: 0.6394
-------------------------------------
