Pretraining stage..........
=============================================
[Epoch : 1/100]
Src_cls_loss	: 1.1838
-------------------------------------
[Epoch : 2/100]
Src_cls_loss	: 1.0188
-------------------------------------
[Epoch : 3/100]
Src_cls_loss	: 0.9209
-------------------------------------
[Epoch : 4/100]
Src_cls_loss	: 0.8669
-------------------------------------
[Epoch : 5/100]
Src_cls_loss	: 0.8269
-------------------------------------
[Epoch : 6/100]
Src_cls_loss	: 0.7794
-------------------------------------
[Epoch : 7/100]
Src_cls_loss	: 0.7555
-------------------------------------
[Epoch : 8/100]
Src_cls_loss	: 0.7263
-------------------------------------
[Epoch : 9/100]
Src_cls_loss	: 0.7057
-------------------------------------
[Epoch : 10/100]
Src_cls_loss	: 0.6892
-------------------------------------
[Epoch : 11/100]
Src_cls_loss	: 0.6853
-------------------------------------
[Epoch : 12/100]
Src_cls_loss	: 0.6895
-------------------------------------
[Epoch : 13/100]
Src_cls_loss	: 0.6775
-------------------------------------
[Epoch : 14/100]
Src_cls_loss	: 0.6645
-------------------------------------
[Epoch : 15/100]
Src_cls_loss	: 0.6523
-------------------------------------
[Epoch : 16/100]
Src_cls_loss	: 0.6443
-------------------------------------
[Epoch : 17/100]
Src_cls_loss	: 0.6344
-------------------------------------
[Epoch : 18/100]
Src_cls_loss	: 0.6277
-------------------------------------
[Epoch : 19/100]
Src_cls_loss	: 0.6204
-------------------------------------
[Epoch : 20/100]
Src_cls_loss	: 0.6150
-------------------------------------
[Epoch : 21/100]
Src_cls_loss	: 0.6099
-------------------------------------
[Epoch : 22/100]
Src_cls_loss	: 0.6045
-------------------------------------
[Epoch : 23/100]
Src_cls_loss	: 0.6044
-------------------------------------
[Epoch : 24/100]
Src_cls_loss	: 0.6011
-------------------------------------
[Epoch : 25/100]
Src_cls_loss	: 0.5966
-------------------------------------
[Epoch : 26/100]
Src_cls_loss	: 0.5923
-------------------------------------
[Epoch : 27/100]
Src_cls_loss	: 0.5902
-------------------------------------
[Epoch : 28/100]
Src_cls_loss	: 0.5882
-------------------------------------
[Epoch : 29/100]
Src_cls_loss	: 0.5854
-------------------------------------
[Epoch : 30/100]
Src_cls_loss	: 0.5822
-------------------------------------
[Epoch : 31/100]
Src_cls_loss	: 0.5788
-------------------------------------
[Epoch : 32/100]
Src_cls_loss	: 0.5766
-------------------------------------
[Epoch : 33/100]
Src_cls_loss	: 0.5745
-------------------------------------
[Epoch : 34/100]
Src_cls_loss	: 0.5721
-------------------------------------
[Epoch : 35/100]
Src_cls_loss	: 0.5722
-------------------------------------
[Epoch : 36/100]
Src_cls_loss	: 0.5724
-------------------------------------
[Epoch : 37/100]
Src_cls_loss	: 0.5705
-------------------------------------
[Epoch : 38/100]
Src_cls_loss	: 0.5686
-------------------------------------
[Epoch : 39/100]
Src_cls_loss	: 0.5664
-------------------------------------
[Epoch : 40/100]
Src_cls_loss	: 0.5658
-------------------------------------
[Epoch : 41/100]
Src_cls_loss	: 0.5651
-------------------------------------
[Epoch : 42/100]
Src_cls_loss	: 0.5631
-------------------------------------
[Epoch : 43/100]
Src_cls_loss	: 0.5607
-------------------------------------
[Epoch : 44/100]
Src_cls_loss	: 0.5594
-------------------------------------
[Epoch : 45/100]
Src_cls_loss	: 0.5577
-------------------------------------
[Epoch : 46/100]
Src_cls_loss	: 0.5568
-------------------------------------
[Epoch : 47/100]
Src_cls_loss	: 0.5550
-------------------------------------
[Epoch : 48/100]
Src_cls_loss	: 0.5531
-------------------------------------
[Epoch : 49/100]
Src_cls_loss	: 0.5526
-------------------------------------
[Epoch : 50/100]
Src_cls_loss	: 0.5514
-------------------------------------
[Epoch : 51/100]
Src_cls_loss	: 0.5505
-------------------------------------
[Epoch : 52/100]
Src_cls_loss	: 0.5496
-------------------------------------
[Epoch : 53/100]
Src_cls_loss	: 0.5495
-------------------------------------
[Epoch : 54/100]
Src_cls_loss	: 0.5488
-------------------------------------
[Epoch : 55/100]
Src_cls_loss	: 0.5475
-------------------------------------
[Epoch : 56/100]
Src_cls_loss	: 0.5462
-------------------------------------
[Epoch : 57/100]
Src_cls_loss	: 0.5446
-------------------------------------
[Epoch : 58/100]
Src_cls_loss	: 0.5431
-------------------------------------
[Epoch : 59/100]
Src_cls_loss	: 0.5415
-------------------------------------
[Epoch : 60/100]
Src_cls_loss	: 0.5415
-------------------------------------
[Epoch : 61/100]
Src_cls_loss	: 0.5402
-------------------------------------
[Epoch : 62/100]
Src_cls_loss	: 0.5412
-------------------------------------
[Epoch : 63/100]
Src_cls_loss	: 0.5400
-------------------------------------
[Epoch : 64/100]
Src_cls_loss	: 0.5387
-------------------------------------
[Epoch : 65/100]
Src_cls_loss	: 0.5378
-------------------------------------
[Epoch : 66/100]
Src_cls_loss	: 0.5365
-------------------------------------
[Epoch : 67/100]
Src_cls_loss	: 0.5352
-------------------------------------
[Epoch : 68/100]
Src_cls_loss	: 0.5344
-------------------------------------
[Epoch : 69/100]
Src_cls_loss	: 0.5332
-------------------------------------
[Epoch : 70/100]
Src_cls_loss	: 0.5331
-------------------------------------
[Epoch : 71/100]
Src_cls_loss	: 0.5320
-------------------------------------
[Epoch : 72/100]
Src_cls_loss	: 0.5312
-------------------------------------
[Epoch : 73/100]
Src_cls_loss	: 0.5305
-------------------------------------
[Epoch : 74/100]
Src_cls_loss	: 0.5297
-------------------------------------
[Epoch : 75/100]
Src_cls_loss	: 0.5290
-------------------------------------
[Epoch : 76/100]
Src_cls_loss	: 0.5293
-------------------------------------
[Epoch : 77/100]
Src_cls_loss	: 0.5290
-------------------------------------
[Epoch : 78/100]
Src_cls_loss	: 0.5283
-------------------------------------
[Epoch : 79/100]
Src_cls_loss	: 0.5280
-------------------------------------
[Epoch : 80/100]
Src_cls_loss	: 0.5272
-------------------------------------
[Epoch : 81/100]
Src_cls_loss	: 0.5263
-------------------------------------
[Epoch : 82/100]
Src_cls_loss	: 0.5254
-------------------------------------
[Epoch : 83/100]
Src_cls_loss	: 0.5245
-------------------------------------
[Epoch : 84/100]
Src_cls_loss	: 0.5235
-------------------------------------
[Epoch : 85/100]
Src_cls_loss	: 0.5229
-------------------------------------
[Epoch : 86/100]
Src_cls_loss	: 0.5220
-------------------------------------
[Epoch : 87/100]
Src_cls_loss	: 0.5212
-------------------------------------
[Epoch : 88/100]
Src_cls_loss	: 0.5221
-------------------------------------
[Epoch : 89/100]
Src_cls_loss	: 0.5212
-------------------------------------
[Epoch : 90/100]
Src_cls_loss	: 0.5208
-------------------------------------
[Epoch : 91/100]
Src_cls_loss	: 0.5200
-------------------------------------
[Epoch : 92/100]
Src_cls_loss	: 0.5198
-------------------------------------
[Epoch : 93/100]
Src_cls_loss	: 0.5197
-------------------------------------
[Epoch : 94/100]
Src_cls_loss	: 0.5191
-------------------------------------
[Epoch : 95/100]
Src_cls_loss	: 0.5185
-------------------------------------
[Epoch : 96/100]
Src_cls_loss	: 0.5178
-------------------------------------
[Epoch : 97/100]
Src_cls_loss	: 0.5171
-------------------------------------
[Epoch : 98/100]
Src_cls_loss	: 0.5167
-------------------------------------
[Epoch : 99/100]
Src_cls_loss	: 0.5160
-------------------------------------
[Epoch : 100/100]
Src_cls_loss	: 0.5160
-------------------------------------
