Pretraining stage..........
=============================================
[Epoch : 1/40]
Src_cls_loss	: 0.6140
-------------------------------------
[Epoch : 2/40]
Src_cls_loss	: 0.5329
-------------------------------------
[Epoch : 3/40]
Src_cls_loss	: 0.4846
-------------------------------------
[Epoch : 4/40]
Src_cls_loss	: 0.4519
-------------------------------------
[Epoch : 5/40]
Src_cls_loss	: 0.4333
-------------------------------------
[Epoch : 6/40]
Src_cls_loss	: 0.4183
-------------------------------------
[Epoch : 7/40]
Src_cls_loss	: 0.4077
-------------------------------------
[Epoch : 8/40]
Src_cls_loss	: 0.3993
-------------------------------------
[Epoch : 9/40]
Src_cls_loss	: 0.3939
-------------------------------------
[Epoch : 10/40]
Src_cls_loss	: 0.3876
-------------------------------------
[Epoch : 11/40]
Src_cls_loss	: 0.3819
-------------------------------------
[Epoch : 12/40]
Src_cls_loss	: 0.3777
-------------------------------------
[Epoch : 13/40]
Src_cls_loss	: 0.3742
-------------------------------------
[Epoch : 14/40]
Src_cls_loss	: 0.3705
-------------------------------------
[Epoch : 15/40]
Src_cls_loss	: 0.3678
-------------------------------------
[Epoch : 16/40]
Src_cls_loss	: 0.3653
-------------------------------------
[Epoch : 17/40]
Src_cls_loss	: 0.3628
-------------------------------------
[Epoch : 18/40]
Src_cls_loss	: 0.3606
-------------------------------------
[Epoch : 19/40]
Src_cls_loss	: 0.3586
-------------------------------------
[Epoch : 20/40]
Src_cls_loss	: 0.3575
-------------------------------------
[Epoch : 21/40]
Src_cls_loss	: 0.3562
-------------------------------------
[Epoch : 22/40]
Src_cls_loss	: 0.3547
-------------------------------------
[Epoch : 23/40]
Src_cls_loss	: 0.3532
-------------------------------------
[Epoch : 24/40]
Src_cls_loss	: 0.3518
-------------------------------------
[Epoch : 25/40]
Src_cls_loss	: 0.3506
-------------------------------------
[Epoch : 26/40]
Src_cls_loss	: 0.3499
-------------------------------------
[Epoch : 27/40]
Src_cls_loss	: 0.3495
-------------------------------------
[Epoch : 28/40]
Src_cls_loss	: 0.3486
-------------------------------------
[Epoch : 29/40]
Src_cls_loss	: 0.3477
-------------------------------------
[Epoch : 30/40]
Src_cls_loss	: 0.3468
-------------------------------------
[Epoch : 31/40]
Src_cls_loss	: 0.3458
-------------------------------------
[Epoch : 32/40]
Src_cls_loss	: 0.3448
-------------------------------------
[Epoch : 33/40]
Src_cls_loss	: 0.3438
-------------------------------------
[Epoch : 34/40]
Src_cls_loss	: 0.3429
-------------------------------------
[Epoch : 35/40]
Src_cls_loss	: 0.3421
-------------------------------------
[Epoch : 36/40]
Src_cls_loss	: 0.3413
-------------------------------------
[Epoch : 37/40]
Src_cls_loss	: 0.3409
-------------------------------------
[Epoch : 38/40]
Src_cls_loss	: 0.3408
-------------------------------------
[Epoch : 39/40]
Src_cls_loss	: 0.3403
-------------------------------------
[Epoch : 40/40]
Src_cls_loss	: 0.3397
-------------------------------------
