Pretraining stage..........
=============================================
[Epoch : 1/100]
Src_cls_loss	: 1.2717
-------------------------------------
[Epoch : 2/100]
Src_cls_loss	: 1.1256
-------------------------------------
[Epoch : 3/100]
Src_cls_loss	: 1.0172
-------------------------------------
[Epoch : 4/100]
Src_cls_loss	: 0.9380
-------------------------------------
[Epoch : 5/100]
Src_cls_loss	: 0.8821
-------------------------------------
[Epoch : 6/100]
Src_cls_loss	: 0.8400
-------------------------------------
[Epoch : 7/100]
Src_cls_loss	: 0.8109
-------------------------------------
[Epoch : 8/100]
Src_cls_loss	: 0.7864
-------------------------------------
[Epoch : 9/100]
Src_cls_loss	: 0.7679
-------------------------------------
[Epoch : 10/100]
Src_cls_loss	: 0.7516
-------------------------------------
[Epoch : 11/100]
Src_cls_loss	: 0.7370
-------------------------------------
[Epoch : 12/100]
Src_cls_loss	: 0.7249
-------------------------------------
[Epoch : 13/100]
Src_cls_loss	: 0.7162
-------------------------------------
[Epoch : 14/100]
Src_cls_loss	: 0.7069
-------------------------------------
[Epoch : 15/100]
Src_cls_loss	: 0.6986
-------------------------------------
[Epoch : 16/100]
Src_cls_loss	: 0.6918
-------------------------------------
[Epoch : 17/100]
Src_cls_loss	: 0.6849
-------------------------------------
[Epoch : 18/100]
Src_cls_loss	: 0.6785
-------------------------------------
[Epoch : 19/100]
Src_cls_loss	: 0.6726
-------------------------------------
[Epoch : 20/100]
Src_cls_loss	: 0.6684
-------------------------------------
[Epoch : 21/100]
Src_cls_loss	: 0.6662
-------------------------------------
[Epoch : 22/100]
Src_cls_loss	: 0.6620
-------------------------------------
[Epoch : 23/100]
Src_cls_loss	: 0.6572
-------------------------------------
[Epoch : 24/100]
Src_cls_loss	: 0.6541
-------------------------------------
[Epoch : 25/100]
Src_cls_loss	: 0.6505
-------------------------------------
[Epoch : 26/100]
Src_cls_loss	: 0.6469
-------------------------------------
[Epoch : 27/100]
Src_cls_loss	: 0.6437
-------------------------------------
[Epoch : 28/100]
Src_cls_loss	: 0.6413
-------------------------------------
[Epoch : 29/100]
Src_cls_loss	: 0.6379
-------------------------------------
[Epoch : 30/100]
Src_cls_loss	: 0.6353
-------------------------------------
[Epoch : 31/100]
Src_cls_loss	: 0.6334
-------------------------------------
[Epoch : 32/100]
Src_cls_loss	: 0.6306
-------------------------------------
[Epoch : 33/100]
Src_cls_loss	: 0.6279
-------------------------------------
[Epoch : 34/100]
Src_cls_loss	: 0.6259
-------------------------------------
[Epoch : 35/100]
Src_cls_loss	: 0.6237
-------------------------------------
[Epoch : 36/100]
Src_cls_loss	: 0.6218
-------------------------------------
[Epoch : 37/100]
Src_cls_loss	: 0.6201
-------------------------------------
[Epoch : 38/100]
Src_cls_loss	: 0.6179
-------------------------------------
[Epoch : 39/100]
Src_cls_loss	: 0.6157
-------------------------------------
[Epoch : 40/100]
Src_cls_loss	: 0.6133
-------------------------------------
[Epoch : 41/100]
Src_cls_loss	: 0.6113
-------------------------------------
[Epoch : 42/100]
Src_cls_loss	: 0.6090
-------------------------------------
[Epoch : 43/100]
Src_cls_loss	: 0.6075
-------------------------------------
[Epoch : 44/100]
Src_cls_loss	: 0.6053
-------------------------------------
[Epoch : 45/100]
Src_cls_loss	: 0.6038
-------------------------------------
[Epoch : 46/100]
Src_cls_loss	: 0.6025
-------------------------------------
[Epoch : 47/100]
Src_cls_loss	: 0.6007
-------------------------------------
[Epoch : 48/100]
Src_cls_loss	: 0.5992
-------------------------------------
[Epoch : 49/100]
Src_cls_loss	: 0.5975
-------------------------------------
[Epoch : 50/100]
Src_cls_loss	: 0.5960
-------------------------------------
[Epoch : 51/100]
Src_cls_loss	: 0.5963
-------------------------------------
[Epoch : 52/100]
Src_cls_loss	: 0.5958
-------------------------------------
[Epoch : 53/100]
Src_cls_loss	: 0.5949
-------------------------------------
[Epoch : 54/100]
Src_cls_loss	: 0.5943
-------------------------------------
[Epoch : 55/100]
Src_cls_loss	: 0.5935
-------------------------------------
[Epoch : 56/100]
Src_cls_loss	: 0.5925
-------------------------------------
[Epoch : 57/100]
Src_cls_loss	: 0.5911
-------------------------------------
[Epoch : 58/100]
Src_cls_loss	: 0.5898
-------------------------------------
[Epoch : 59/100]
Src_cls_loss	: 0.5889
-------------------------------------
[Epoch : 60/100]
Src_cls_loss	: 0.5880
-------------------------------------
[Epoch : 61/100]
Src_cls_loss	: 0.5868
-------------------------------------
[Epoch : 62/100]
Src_cls_loss	: 0.5859
-------------------------------------
[Epoch : 63/100]
Src_cls_loss	: 0.5846
-------------------------------------
[Epoch : 64/100]
Src_cls_loss	: 0.5833
-------------------------------------
[Epoch : 65/100]
Src_cls_loss	: 0.5820
-------------------------------------
[Epoch : 66/100]
Src_cls_loss	: 0.5808
-------------------------------------
[Epoch : 67/100]
Src_cls_loss	: 0.5802
-------------------------------------
[Epoch : 68/100]
Src_cls_loss	: 0.5790
-------------------------------------
[Epoch : 69/100]
Src_cls_loss	: 0.5780
-------------------------------------
[Epoch : 70/100]
Src_cls_loss	: 0.5771
-------------------------------------
[Epoch : 71/100]
Src_cls_loss	: 0.5762
-------------------------------------
[Epoch : 72/100]
Src_cls_loss	: 0.5756
-------------------------------------
[Epoch : 73/100]
Src_cls_loss	: 0.5749
-------------------------------------
[Epoch : 74/100]
Src_cls_loss	: 0.5743
-------------------------------------
[Epoch : 75/100]
Src_cls_loss	: 0.5734
-------------------------------------
[Epoch : 76/100]
Src_cls_loss	: 0.5722
-------------------------------------
[Epoch : 77/100]
Src_cls_loss	: 0.5719
-------------------------------------
[Epoch : 78/100]
Src_cls_loss	: 0.5711
-------------------------------------
[Epoch : 79/100]
Src_cls_loss	: 0.5702
-------------------------------------
[Epoch : 80/100]
Src_cls_loss	: 0.5697
-------------------------------------
[Epoch : 81/100]
Src_cls_loss	: 0.5687
-------------------------------------
[Epoch : 82/100]
Src_cls_loss	: 0.5681
-------------------------------------
[Epoch : 83/100]
Src_cls_loss	: 0.5674
-------------------------------------
[Epoch : 84/100]
Src_cls_loss	: 0.5668
-------------------------------------
[Epoch : 85/100]
Src_cls_loss	: 0.5663
-------------------------------------
[Epoch : 86/100]
Src_cls_loss	: 0.5654
-------------------------------------
[Epoch : 87/100]
Src_cls_loss	: 0.5646
-------------------------------------
[Epoch : 88/100]
Src_cls_loss	: 0.5638
-------------------------------------
[Epoch : 89/100]
Src_cls_loss	: 0.5633
-------------------------------------
[Epoch : 90/100]
Src_cls_loss	: 0.5624
-------------------------------------
[Epoch : 91/100]
Src_cls_loss	: 0.5616
-------------------------------------
[Epoch : 92/100]
Src_cls_loss	: 0.5610
-------------------------------------
[Epoch : 93/100]
Src_cls_loss	: 0.5603
-------------------------------------
[Epoch : 94/100]
Src_cls_loss	: 0.5598
-------------------------------------
[Epoch : 95/100]
Src_cls_loss	: 0.5592
-------------------------------------
[Epoch : 96/100]
Src_cls_loss	: 0.5586
-------------------------------------
[Epoch : 97/100]
Src_cls_loss	: 0.5579
-------------------------------------
[Epoch : 98/100]
Src_cls_loss	: 0.5573
-------------------------------------
[Epoch : 99/100]
Src_cls_loss	: 0.5570
-------------------------------------
[Epoch : 100/100]
Src_cls_loss	: 0.5563
-------------------------------------
