Pretraining stage..........
=============================================
[Epoch : 1/40]
Src_cls_loss	: 0.6655
-------------------------------------
[Epoch : 2/40]
Src_cls_loss	: 0.5703
-------------------------------------
[Epoch : 3/40]
Src_cls_loss	: 0.5052
-------------------------------------
[Epoch : 4/40]
Src_cls_loss	: 0.4688
-------------------------------------
[Epoch : 5/40]
Src_cls_loss	: 0.4444
-------------------------------------
[Epoch : 6/40]
Src_cls_loss	: 0.4263
-------------------------------------
[Epoch : 7/40]
Src_cls_loss	: 0.4154
-------------------------------------
[Epoch : 8/40]
Src_cls_loss	: 0.4051
-------------------------------------
[Epoch : 9/40]
Src_cls_loss	: 0.3970
-------------------------------------
[Epoch : 10/40]
Src_cls_loss	: 0.3907
-------------------------------------
[Epoch : 11/40]
Src_cls_loss	: 0.3850
-------------------------------------
[Epoch : 12/40]
Src_cls_loss	: 0.3800
-------------------------------------
[Epoch : 13/40]
Src_cls_loss	: 0.3754
-------------------------------------
[Epoch : 14/40]
Src_cls_loss	: 0.3719
-------------------------------------
[Epoch : 15/40]
Src_cls_loss	: 0.3688
-------------------------------------
[Epoch : 16/40]
Src_cls_loss	: 0.3659
-------------------------------------
[Epoch : 17/40]
Src_cls_loss	: 0.3645
-------------------------------------
[Epoch : 18/40]
Src_cls_loss	: 0.3637
-------------------------------------
[Epoch : 19/40]
Src_cls_loss	: 0.3624
-------------------------------------
[Epoch : 20/40]
Src_cls_loss	: 0.3604
-------------------------------------
[Epoch : 21/40]
Src_cls_loss	: 0.3583
-------------------------------------
[Epoch : 22/40]
Src_cls_loss	: 0.3564
-------------------------------------
[Epoch : 23/40]
Src_cls_loss	: 0.3550
-------------------------------------
[Epoch : 24/40]
Src_cls_loss	: 0.3535
-------------------------------------
[Epoch : 25/40]
Src_cls_loss	: 0.3528
-------------------------------------
[Epoch : 26/40]
Src_cls_loss	: 0.3524
-------------------------------------
[Epoch : 27/40]
Src_cls_loss	: 0.3516
-------------------------------------
[Epoch : 28/40]
Src_cls_loss	: 0.3508
-------------------------------------
[Epoch : 29/40]
Src_cls_loss	: 0.3497
-------------------------------------
[Epoch : 30/40]
Src_cls_loss	: 0.3486
-------------------------------------
[Epoch : 31/40]
Src_cls_loss	: 0.3479
-------------------------------------
[Epoch : 32/40]
Src_cls_loss	: 0.3475
-------------------------------------
[Epoch : 33/40]
Src_cls_loss	: 0.3466
-------------------------------------
[Epoch : 34/40]
Src_cls_loss	: 0.3458
-------------------------------------
[Epoch : 35/40]
Src_cls_loss	: 0.3450
-------------------------------------
[Epoch : 36/40]
Src_cls_loss	: 0.3442
-------------------------------------
[Epoch : 37/40]
Src_cls_loss	: 0.3434
-------------------------------------
[Epoch : 38/40]
Src_cls_loss	: 0.3427
-------------------------------------
[Epoch : 39/40]
Src_cls_loss	: 0.3420
-------------------------------------
[Epoch : 40/40]
Src_cls_loss	: 0.3413
-------------------------------------
